{"version": 2, "width": 158, "height": 40, "timestamp": 1676387073, "env": {"SHELL": "/bin/zsh", "TERM": "xterm-256color"}}
[0.047358, "o", "\u001b[1m\u001b[7m%\u001b[27m\u001b[1m\u001b[0m                                                                                                                                                             \r \r"]
[0.060952, "o", "\u001b]2;ro@aivenlaptop: /tmp\u0007\u001b]1;/tmp\u0007"]
[0.084497, "o", "\r\u001b[0m\u001b[27m\u001b[24m\u001b[J╭─\u001b[39m\u001b[0m\u001b[49m\u001b[40m \u001b[93mro@aivenlaptop \u001b[44m\u001b[30m \u001b[30m/tmp \u001b[49m\u001b[34m\u001b[39m \r\n╰─ \u001b[K\u001b[132C\u001b[1A\u001b[39m\u001b[0m\u001b[49m\u001b[30m\u001b[39m\u001b[40m\u001b[32m \u001b[32m✔\u001b[39m \u001b[39m\u001b[38;5;244m\u001b[39m\u001b[48;5;244m\u001b[30m 5019 \u001b[39m\u001b[37m\u001b[39m\u001b[47m\u001b[30m 16:04:33 \u001b[39m\u001b[00m\u001b[1B\u001b[49m\u001b[154D"]
[0.084525, "o", "\u001b[?1h\u001b="]
[0.084842, "o", "\u001b[?2004h"]
[0.51606, "o", "\u001b[4mt\u001b[24m"]
[0.700182, "o", "\b\u001b[4mt\u001b[4mm\u001b[24m"]
[0.812866, "o", "\b\b\u001b[4mt\u001b[4mm\u001b[4mu\u001b[24m"]
[0.87623, "o", "\b\b\b\u001b[24m\u001b[32mt\u001b[24m\u001b[32mm\u001b[24m\u001b[32mu\u001b[32mx\u001b[39m"]
[1.011684, "o", " "]
[1.251507, "o", "\u001b[?1l\u001b>"]
[1.252742, "o", "\u001b[?2004l\r\r\n"]
[1.253134, "o", "\u001b]2;tmux\u0007\u001b]1;tmux\u0007"]
[1.261955, "o", "\u001b[?1049h\u001b[22;0;0t\u001b[?1h\u001b=\u001b[H\u001b[2J\u001b[?12l\u001b[?25h\u001b[?1000l\u001b[?1002l\u001b[?1003l\u001b[?1006l\u001b[?1005l\u001b(B\u001b[m\u001b[?12l\u001b[?25h\u001b[?1006l\u001b[?1000l\u001b[?1002l\u001b[?1003l\u001b[?2004l\u001b[1;1H\u001b[1;40r\u001b[>c\u001b[>q\u001b[1;1H"]
[1.26213, "o", "\u001b[?25l\u001b[K\r\n\u001b[K\r\n\u001b[K\r\n\u001b[K\r\n\u001b[K\r\n\u001b[K\r\n\u001b[K\r\n\u001b[K\r\n\u001b[K\r\n\u001b[K\r\n\u001b[K\r\n\u001b[K\r\n\u001b[K\r\n\u001b[K\r\n\u001b[K\r\n\u001b[K\r\n\u001b[K\r\n\u001b[K\r\n\u001b[K\r\n\u001b[K\r\n\u001b[K\r\n\u001b[K\r\n\u001b[K\r\n\u001b[K\r\n\u001b[K\r\n\u001b[K\r\n\u001b[K\r\n\u001b[K\r\n\u001b[K\r\n\u001b[K\r\n\u001b[K\r\n\u001b[K\r\n\u001b[K\r\n\u001b[K\r\n\u001b[K\r\n\u001b[K\r\n\u001b[K\r\n\u001b[K\r\n\u001b[K\u001b[30m\u001b[42m\r\n[0] 0:zsh*                                                                                                                     \"aivenlaptop\" 16:04 14-févr.-23\u001b(B\u001b[m\u001b[?12l\u001b[?25h\u001b[1;1H"]
[1.263136, "o", "\u001b(B\u001b[m\u001b[?12l\u001b[?25h\u001b[?1006l\u001b[?1000l\u001b[?1002l\u001b[?1003l\u001b[?2004l\u001b[1;1H\u001b[1;40r\u001b[1;1H"]
[1.263268, "o", "\u001b[?25l\u001b[K\r\n\u001b[K\r\n\u001b[K\r\n\u001b[K\r\n\u001b[K\r\n\u001b[K\r\n\u001b[K\r\n\u001b[K\r\n\u001b[K\r\n\u001b[K\r\n\u001b[K\r\n\u001b[K\r\n\u001b[K\r\n\u001b[K\r\n\u001b[K\r\n\u001b[K\r\n\u001b[K\r\n\u001b[K\r\n\u001b[K\r\n\u001b[K\r\n\u001b[K\r\n\u001b[K\r\n\u001b[K\r\n\u001b[K\r\n\u001b[K\r\n\u001b[K\r\n\u001b[K\r\n\u001b[K\r\n\u001b[K\r\n\u001b[K\r\n\u001b[K\r\n\u001b[K\r\n\u001b[K\r\n\u001b[K\r\n\u001b[K\r\n\u001b[K\r\n\u001b[K\r\n\u001b[K\r\n\u001b[K\u001b[30m\u001b[42m\r\n[0] 0:zsh*                                                                                                                     \"aivenlaptop\" 16:04 14-févr.-23\u001b(B\u001b[m\u001b[?12l\u001b[?25h\u001b[1;1H"]
[1.266742, "o", "\u001b[?7727h\u001b[?7727h"]
[1.309951, "o", "                                                                                                                                                              \u001b[1;1H"]
[1.32377, "o", "\u001b[?25l\u001b[30m\u001b[42m\u001b[40d[0] 0:zsh*                                                                                                            \"ro@aivenlaptop: /tmp\" 16:04 14-févr.-23\u001b(B\u001b[m\u001b[?12l\u001b[?25h\u001b[1;1H"]
[1.348095, "o", "\u001b[1;39r\u001b[1;1H\u001b[2;39r\u001b[38S\u001b[1;1H\u001b[K╭─\u001b[40m \u001b[93mro@aivenlaptop \u001b[30m\u001b[44m /tmp \u001b[49m\u001b[34m\u001b[39m \r\n╰─ \u001b[K\u001b[1;136H\u001b[30m\u001b[32m\u001b[40m ✔\u001b[39m \u001b[38;5;244m\u001b[30m\u001b[48;5;244m 5020 \u001b[37m\u001b[30m\u001b[47m 16:04:35 \u001b[1;40r\u001b[2;4H\u001b(B\u001b[m"]
[1.348407, "o", "\u001b[?2004h"]
[2.196624, "o", "\u001b[4mp\u001b(B\u001b[m"]
[2.30833, "o", "\b\u001b[32mps\u001b(B\u001b[m"]
[2.397031, "o", "\b\b\u001b[31m\u001b[1mpsq\u001b(B\u001b[m"]
[2.501296, "o", "\u001b[3D\u001b[32mpsql\u001b(B\u001b[m"]
[2.596959, "o", " "]
[2.81985, "o", "\r\n\u001b[?2004l"]
[2.820866, "o", "\u001b[?25l\u001b[30m\u001b[42m\u001b[40d[0] 0:zsh*                                                                                                                            \"psql\" 16:04 14-févr.-23\u001b(B\u001b[m\u001b[?12l\u001b[?25h\u001b[3;1H"]
[2.825941, "o", "psql (15.1)\r\nSaisissez « help » pour l'aide.\u001b[6;1H"]
[2.826353, "o", "ro=> \u001b[?2004h"]
[3.274582, "o", "\u001b[?25l\u001b[30m\u001b[42m\u001b[40;1H[0] 0:psql*                                                                                                                           \"psql\" 16:04 14-févr.-23\u001b(B\u001b[m\u001b[?12l\u001b[?25h\u001b[6;6H"]
[3.27473, "o", "\r(reverse-i-search)`': "]
[3.507104, "o", "\u001b[3Dp': select pg_backend_\u001b[7mp\u001b(B\u001b[mid();\u001b[6D"]
[3.570585, "o", "\u001b[21Gi': select pg_backend_\u001b[7mpi\u001b(B\u001b[md();\u001b[6D"]
[3.667399, "o", "\u001b[21Dd': select pg_backend_\u001b[7mpid\u001b(B\u001b[m();\u001b[6D"]
[4.307278, "o", "\r\u001b[20Pro=> select pg_backend_pid();\r\n\u001b[?2004l"]
[4.307781, "o", " pg_backend_pid \r\n----------------\r\n          72354\r\n(1 ligne)\u001b[12;1Hro=> \u001b[?2004h"]
[5.996486, "o", "\u001b[?25l\u001b[1;80H│\u001b[2;80H│\u001b[3;80H│\u001b[4;80H│\u001b[5;80H│\u001b[6;80H│\u001b[7;80H│\u001b[8;80H│\u001b[9;80H│\u001b[10;80H│\u001b[11;80H│\u001b[12;80H│\u001b[13;80H│\u001b[14;80H│\u001b[15;80H│\u001b[16;80H│\u001b[17;80H│\u001b[18;80H│\u001b[19;80H│\u001b[20;80H│\u001b[21;80H\u001b[32m│\u001b[22;80H│\u001b[23;80H│\u001b[24;80H│\u001b[25;80H│\u001b[26;80H│\u001b[27;80H│\u001b[28;80H│\u001b[29;80H│\u001b[30;80H│\u001b[31;80H│\u001b[32;80H│\u001b[33;80H│\u001b[34;80H│\u001b[35;80H│\u001b[36;80H│\u001b[37;80H│\u001b[38;80H│\u001b[39;80H│\u001b(B\u001b[m\u001b[1;79H\u001b[1K\u001b[H╰─ \u001b[32mpsql\u001b[39m \u001b[2;79H\u001b[1K\rpsql (15.1)\u001b[3;79H\u001b[1K\rSaisissez « help » pour l'aide.\u001b[4;79H\u001b[1K\r\nro=> select pg_backend_pid();\u001b[50X\r\n                                                           \u001b[20X\u001b[7;79H\u001b[1K\r pg_backend_pid \u001b[8;79H\u001b[1K\r----------------\u001b[9;79H\u001b[1K\r          72354\u001b[10;79H\u001b[1K\r(1 ligne)\u001b[11;79H\u001b[1K\n\u001b[1K\rro=> \u001b[13;79H\u001b[1K\n\u001b[1K\n\u001b[1K\n\u001b[1K\n\u001b[1K\n\u001b[1K\n\u001b[1K\n\u001b[1K\n\u001b[1K\n\u001b[1K\n\u001b[1K\n\u001b[1K\n\u001b[1K\n\u001b[1K\n\u001b[1K\n\u001b[1K\n\u001b[1K\n\u001b[1K\n\u001b[1K\n\u001b[1K\n\u001b[1K\n\u001b[1K\n\u001b[1K\n\u001b[1K\n\u001b[1K\n\u001b[1K\n\u001b[1K\u001b[1;81H\u001b[K\n\u001b[K\n\u001b[K\n\u001b[K\n\u001b[K\n\u001b[K\n\u001b[K\n\u001b[K\n\u001b[K\n\u001b[K\n\u001b[K\n\u001b[K\n\u001b[K\n\u001b[K\n\u001b[K\n\u001b[K\n\u001b[K\n\u001b[K\n\u001b[K\n\u001b[K\n\u001b[K\n\u001b[K\n\u001b[K\n\u001b"]
[5.996523, "o", "[K\n\u001b[K\n\u001b[K\n\u001b[K\n\u001b[K\n\u001b[K\n\u001b[K\n\u001b[K\n\u001b[K\n\u001b[K\n\u001b[K\n\u001b[K\n\u001b[K\n\u001b[K\n\u001b[K\n\u001b[K\u001b[30m\u001b[42m\r\n[0] 0:psql*                                                                                                                    \"aivenlaptop\" 16:04 14-févr.-23\u001b(B\u001b[m\u001b[?12l\u001b[?25h\u001b[1;81H\u001b[?2004l\u001b[12;1Hro=> \u001b[74X\u001b[1;81H"]
[5.996792, "o", "\u001b[?25l\b│\u001b[2;80H│\u001b[3;80H│\u001b[4;80H│\u001b[5;80H│\u001b[6;80H│\u001b[7;80H│\u001b[8;80H│\u001b[9;80H│\u001b[10;80H│\u001b[11;80H│\u001b[12;80H│\u001b[13;80H│\u001b[14;80H│\u001b[15;80H│\u001b[16;80H│\u001b[17;80H│\u001b[18;80H│\u001b[19;80H│\u001b[20;80H│\u001b[21;80H\u001b[32m│\u001b[22;80H│\u001b[23;80H│\u001b[24;80H│\u001b[25;80H│\u001b[26;80H│\u001b[27;80H│\u001b[28;80H│\u001b[29;80H│\u001b[30;80H│\u001b[31;80H│\u001b[32;80H│\u001b[33;80H│\u001b[34;80H│\u001b[35;80H│\u001b[36;80H│\u001b[37;80H│\u001b[38;80H│\u001b[39;80H│\u001b(B\u001b[m\u001b[30m\u001b[42m\r\n[0] 0:zsh*                                                                                                                     \"aivenlaptop\" 16:04 14-févr.-23\u001b(B\u001b[m\u001b[?12l\u001b[?25h\u001b[1;81H"]
[6.042653, "o", "                                                                              \u001b[1;81H"]
[6.056445, "o", "\u001b[?25l\b│\u001b[2;80H│\u001b[3;80H│\u001b[4;80H│\u001b[5;80H│\u001b[6;80H│\u001b[7;80H│\u001b[8;80H│\u001b[9;80H│\u001b[10;80H│\u001b[11;80H│\u001b[12;80H│\u001b[13;80H│\u001b[14;80H│\u001b[15;80H│\u001b[16;80H│\u001b[17;80H│\u001b[18;80H│\u001b[19;80H│\u001b[20;80H│\u001b[21;80H\u001b[32m│\u001b[22;80H│\u001b[23;80H│\u001b[24;80H│\u001b[25;80H│\u001b[26;80H│\u001b[27;80H│\u001b[28;80H│\u001b[29;80H│\u001b[30;80H│\u001b[31;80H│\u001b[32;80H│\u001b[33;80H│\u001b[34;80H│\u001b[35;80H│\u001b[36;80H│\u001b[37;80H│\u001b[38;80H│\u001b[39;80H│\u001b(B\u001b[m\u001b[30m\u001b[42m\r\n[0] 0:zsh*                                                                                                            \"ro@aivenlaptop: /tmp\" 16:04 14-févr.-23\u001b(B\u001b[m\u001b[?12l\u001b[?25h\u001b[1;81H"]
[6.080133, "o", "\u001b[1;39r\u001b[2;81H\u001b[K\n\u001b[K\n\u001b[K\n\u001b[K\n\u001b[K\n\u001b[K\n\u001b[K\n\u001b[K\n\u001b[K\n\u001b[K\n\u001b[K\n\u001b[K\n\u001b[K\n\u001b[K\n\u001b[K\n\u001b[K\n\u001b[K\n\u001b[K\n\u001b[K\n\u001b[K\n\u001b[K\n\u001b[K\n\u001b[K\n\u001b[K\n\u001b[K\n\u001b[K\n\u001b[K\n\u001b[K\n\u001b[K\n\u001b[K\n\u001b[K\n\u001b[K\n\u001b[K\n\u001b[K\n\u001b[K\n\u001b[K\n\u001b[K\n\u001b[K\u001b[1d\u001b[K╭─\u001b[40m \u001b[93mro@aivenlaptop \u001b[30m\u001b[44m /tmp \u001b[49m\u001b[34m\u001b[39m \u001b[2;81H╰─ \u001b[K\u001b[1;136H\u001b[30m\u001b[32m\u001b[40m ✔\u001b[39m \u001b[38;5;244m\u001b[30m\u001b[48;5;244m 5021 \u001b[37m\u001b[30m\u001b[47m 16:04:39 \u001b[1;40r\u001b[2;84H\u001b(B\u001b[m"]
[6.080463, "o", "\u001b[?2004h"]
[8.643044, "o", "\u001b[?25l\u001b[1;80H\u001b[32m│\u001b[2;80H│\u001b[3;80H│\u001b[4;80H│\u001b[5;80H│\u001b[6;80H│\u001b[7;80H│\u001b[8;80H│\u001b[9;80H│\u001b[10;80H│\u001b[11;80H│\u001b[12;80H│\u001b[13;80H│\u001b[14;80H│\u001b[15;80H│\u001b[16;80H│\u001b[17;80H│\u001b[18;80H│\u001b[19;80H│\u001b[20;80H│\u001b[21;80H\u001b[39m│\u001b[22;80H│\u001b[23;80H│\u001b[24;80H│\u001b[25;80H│\u001b[26;80H│\u001b[27;80H│\u001b[28;80H│\u001b[29;80H│\u001b[30;80H│\u001b[31;80H│\u001b[32;80H│\u001b[33;80H│\u001b[34;80H│\u001b[35;80H│\u001b[36;80H│\u001b[37;80H│\u001b[38;80H│\u001b[39;80H│\u001b(B\u001b[m\u001b[30m\u001b[42m\r\n[0] 0:zsh*                                                                                                                            \"psql\" 16:04 14-févr.-23\u001b(B\u001b[m\u001b[?12l\u001b[?25h\u001b[12;6H"]
[8.643367, "o", "\u001b[?25l\u001b[1;80H\u001b[32m│\u001b[2;80H│\u001b[3;80H│\u001b[4;80H│\u001b[5;80H│\u001b[6;80H│\u001b[7;80H│\u001b[8;80H│\u001b[9;80H│\u001b[10;80H│\u001b[11;80H│\u001b[12;80H│\u001b[13;80H│\u001b[14;80H│\u001b[15;80H│\u001b[16;80H│\u001b[17;80H│\u001b[18;80H│\u001b[19;80H│\u001b[20;80H│\u001b[21;80H\u001b[39m│\u001b[22;80H│\u001b[23;80H│\u001b[24;80H│\u001b[25;80H│\u001b[26;80H│\u001b[27;80H│\u001b[28;80H│\u001b[29;80H│\u001b[30;80H│\u001b[31;80H│\u001b[32;80H│\u001b[33;80H│\u001b[34;80H│\u001b[35;80H│\u001b[36;80H│\u001b[37;80H│\u001b[38;80H│\u001b[39;80H│\u001b(B\u001b[m\u001b[30m\u001b[42m\r\n[0] 0:psql*                                                                                                                           \"psql\" 16:04 14-févr.-23\u001b(B\u001b[m\u001b[?12l\u001b[?25h\u001b[12;6H"]
[13.258833, "o", "\u001b[?25l\u001b[30m\u001b[43m\u001b[40;1H:\u001b[7m \u001b(B\u001b[m\u001b[30m\u001b[43m                                                                                                                                                            \u001b(B\u001b[m\u001b[40;2H\u001b[?2004l"]
[14.386729, "o", "\u001b[30m\u001b[43m\r:r\u001b[7m \u001b(B\u001b[m\u001b[30m\u001b[43m                                                                                                                                                           \u001b(B\u001b[m\u001b[40;3H"]
[14.474026, "o", "\u001b[30m\u001b[43m\r:re\u001b[7m \u001b(B\u001b[m\u001b[30m\u001b[43m                                                                                                                                                          \u001b(B\u001b[m\u001b[40;4H"]
[14.682317, "o", "\u001b[30m\u001b[43m\r:res\u001b[7m \u001b(B\u001b[m\u001b[30m\u001b[43m                                                                                                                                                         \u001b(B\u001b[m\u001b[40;5H"]
[14.762823, "o", "\u001b[30m\u001b[43m\r:resi\u001b[7m \u001b(B\u001b[m\u001b[30m\u001b[43m                                                                                                                                                        \u001b(B\u001b[m\u001b[40;6H"]
[14.858502, "o", "\u001b[30m\u001b[43m\r:resiz\u001b[7m \u001b(B\u001b[m\u001b[30m\u001b[43m                                                                                                                                                       \u001b(B\u001b[m\u001b[40;7H"]
[14.914823, "o", "\u001b[30m\u001b[43m\r:resize\u001b[7m \u001b(B\u001b[m\u001b[30m\u001b[43m                                                                                                                                                      \u001b(B\u001b[m\u001b[40;8H"]
[15.242931, "o", "\u001b[30m\u001b[43m\r:resize-\u001b[7m \u001b(B\u001b[m\u001b[30m\u001b[43m                                                                                                                                                     \u001b(B\u001b[m\u001b[40;9H"]
[15.426677, "o", "\u001b[30m\u001b[43m\r:resize-p\u001b[7m \u001b(B\u001b[m\u001b[30m\u001b[43m                                                                                                                                                    \u001b(B\u001b[m\u001b[40;10H"]
[15.578449, "o", "\u001b[30m\u001b[43m\r:resize-pa\u001b[7m \u001b(B\u001b[m\u001b[30m\u001b[43m                                                                                                                                                   \u001b(B\u001b[m\u001b[40;11H"]
[15.706574, "o", "\u001b[30m\u001b[43m\r:resize-pan\u001b[7m \u001b(B\u001b[m\u001b[30m\u001b[43m                                                                                                                                                  \u001b(B\u001b[m\u001b[40;12H"]
[15.770672, "o", "\u001b[30m\u001b[43m\r:resize-pane\u001b[7m \u001b(B\u001b[m\u001b[30m\u001b[43m                                                                                                                                                 \u001b(B\u001b[m\u001b[40;13H"]
[15.938893, "o", "\u001b[30m\u001b[43m\r:resize-pane \u001b[7m \u001b(B\u001b[m\u001b[30m\u001b[43m                                                                                                                                                \u001b(B\u001b[m\u001b[40;14H"]
[16.18641, "o", "\u001b[30m\u001b[43m\r:resize-pane -\u001b[7m \u001b(B\u001b[m\u001b[30m\u001b[43m                                                                                                                                               \u001b(B\u001b[m\u001b[40;15H"]
[17.338845, "o", "\u001b[30m\u001b[43m\r:resize-pane -L\u001b[7m \u001b(B\u001b[m\u001b[30m\u001b[43m                                                                                                                                              \u001b(B\u001b[m\u001b[40;16H"]
[19.993867, "o", "\u001b[30m\u001b[43m\r:resize-pane -L \u001b[7m \u001b(B\u001b[m\u001b[30m\u001b[43m                                                                                                                                             \u001b(B\u001b[m\u001b[40;17H"]
[20.83522, "o", "\u001b[30m\u001b[43m\r:resize-pane -L 2\u001b[7m \u001b(B\u001b[m\u001b[30m\u001b[43m                                                                                                                                            \u001b(B\u001b[m\u001b[40;18H"]
[20.866701, "o", "\u001b[30m\u001b[43m\r:resize-pane -L 20\u001b[7m \u001b(B\u001b[m\u001b[30m\u001b[43m                                                                                                                                           \u001b(B\u001b[m\u001b[40;19H"]
[21.786894, "o", "\u001b[1;60H\u001b[32m│\u001b[2;60H│\u001b[3;60H│\u001b[4;60H│\u001b[5;60H│\u001b[6;60H│\u001b[7;60H│\u001b[8;60H│\u001b[9;60H│\u001b[10;60H│\u001b[11;60H│\u001b[12;60H│\u001b[13;60H│\u001b[14;60H│\u001b[15;60H│\u001b[16;60H│\u001b[17;60H│\u001b[18;60H│\u001b[19;60H│\u001b[20;60H│\u001b[21;60H\u001b[39m│\u001b[22;60H│\u001b[23;60H│\u001b[24;60H│\u001b[25;60H│\u001b[26;60H│\u001b[27;60H│\u001b[28;60H│\u001b[29;60H│\u001b[30;60H│\u001b[31;60H│\u001b[32;60H│\u001b[33;60H│\u001b[34;60H│\u001b[35;60H│\u001b[36;60H│\u001b[37;60H│\u001b[38;60H│\u001b[39;60H│\u001b(B\u001b[m\u001b[1;59H\u001b[1K\u001b[Hpsql (15.1)\u001b[2;59H\u001b[1K\rSaisissez « help » pour l'aide.\u001b[3;59H\u001b[1K\r\nro=> select pg_backend_pid();\u001b[30X\r\n                                                           \u001b[6;59H\u001b[1K\r                    \u001b[7;59H\u001b[1K\r pg_backend_pid \u001b[8;59H\u001b[1K\r----------------\u001b[9;59H\u001b[1K\r          72354\u001b[10;59H\u001b[1K\r(1 ligne)\u001b[11;59H\u001b[1K\n\u001b[1K\rro=> \u001b[13;59H\u001b[1K\n\u001b[1K\n\u001b[1K\n\u001b[1K\n\u001b[1K\n\u001b[1K\n\u001b[1K\n\u001b[1K\n\u001b[1K\n\u001b[1K\n\u001b[1K\n\u001b[1K\n\u001b[1K\n\u001b[1K\n\u001b[1K\n\u001b[1K\n\u001b[1K\n\u001b[1K\n\u001b[1K\n\u001b[1K\n\u001b[1K\n\u001b[1K\n\u001b[1K\n\u001b[1K\n\u001b[1K\n\u001b[1K\n\u001b[1K\u001b[1;61H╭─\u001b[40m \u001b[93mro@aivenlaptop \u001b[30m\u001b[44m /tmp \u001b[49m\u001b[34m\u001b[39m \u001b[28X\u001b[30m\u001b[28C\u001b[32m\u001b[40m "]
[21.786927, "o", "✔\u001b[39m \u001b[38;5;244m\u001b[30m\u001b[48;5;244m 5021 \u001b[37m\u001b[30m\u001b[47m 16:04:39 \u001b[39m\u001b[49m\u001b[K\u001b[2;61H╰─ \u001b[K\u001b[3;61H\u001b[K\n\u001b[K\n\u001b[K\n\u001b[K\n\u001b[K\n\u001b[K\n\u001b[K\n\u001b[K\n\u001b[K\n\u001b[K\n\u001b[K\n\u001b[K\n\u001b[K\n\u001b[K\n\u001b[K\n\u001b[K\n\u001b[K\n\u001b[K\n\u001b[K\n\u001b[K\n\u001b[K\n\u001b[K\n\u001b[K\n\u001b[K\n\u001b[K\n\u001b[K\n\u001b[K\n\u001b[K\n\u001b[K\n\u001b[K\n\u001b[K\n\u001b[K\n\u001b[K\n\u001b[K\n\u001b[K\n\u001b[K\n\u001b[K\u001b[30m\u001b[42m\r\n[0] 0:psql*                                                                                                                           \"psql\" 16:04 14-févr.-23\u001b(B\u001b[m\u001b[12;6H\u001b[?12l\u001b[?25h\u001b[?2004h"]
[21.787053, "o", "\rro=> \u001b[54X"]
[21.811002, "o", "\u001b[1;39r\u001b[2;61H\u001b[K\n\u001b[K\n\u001b[K\n\u001b[K\n\u001b[K\n\u001b[K\n\u001b[K\n\u001b[K\n\u001b[K\n\u001b[K\n\u001b[K\n\u001b[K\n\u001b[K\n\u001b[K\n\u001b[K\n\u001b[K\n\u001b[K\n\u001b[K\n\u001b[K\n\u001b[K\n\u001b[K\n\u001b[K\n\u001b[K\n\u001b[K\n\u001b[K\n\u001b[K\n\u001b[K\n\u001b[K\n\u001b[K\n\u001b[K\n\u001b[K\n\u001b[K\n\u001b[K\n\u001b[K\n\u001b[K\n\u001b[K\n\u001b[K\n\u001b[K\u001b[1d\u001b[K╭─\u001b[40m \u001b[93mro@aivenlaptop \u001b[30m\u001b[44m /tmp \u001b[49m\u001b[34m\u001b[39m \u001b[2;61H╰─ \u001b[K\u001b[1;136H\u001b[30m\u001b[32m\u001b[40m ✔\u001b[39m \u001b[38;5;244m\u001b[30m\u001b[48;5;244m 5021 \u001b[37m\u001b[30m\u001b[47m 16:04:55 \u001b[1;40r\u001b[12;6H\u001b(B\u001b[m"]
[24.83493, "o", "\u001b[?25l\u001b[1;60H│\u001b[2;60H│\u001b[3;60H│\u001b[4;60H│\u001b[5;60H│\u001b[6;60H│\u001b[7;60H│\u001b[8;60H│\u001b[9;60H│\u001b[10;60H│\u001b[11;60H│\u001b[12;60H│\u001b[13;60H│\u001b[14;60H│\u001b[15;60H│\u001b[16;60H│\u001b[17;60H│\u001b[18;60H│\u001b[19;60H│\u001b[20;60H│\u001b[21;60H\u001b[32m│\u001b[22;60H│\u001b[23;60H│\u001b[24;60H│\u001b[25;60H│\u001b[26;60H│\u001b[27;60H│\u001b[28;60H│\u001b[29;60H│\u001b[30;60H│\u001b[31;60H│\u001b[32;60H│\u001b[33;60H│\u001b[34;60H│\u001b[35;60H│\u001b[36;60H│\u001b[37;60H│\u001b[38;60H│\u001b[39;60H│\u001b(B\u001b[m\u001b[30m\u001b[42m\r\n[0] 0:psql*                                                                                                           \"ro@aivenlaptop: /tmp\" 16:04 14-févr.-23\u001b(B\u001b[m\u001b[?12l\u001b[?25h\u001b[2;64H"]
[24.835222, "o", "\u001b[?25l\u001b[1;60H│\u001b[2;60H│\u001b[3;60H│\u001b[4;60H│\u001b[5;60H│\u001b[6;60H│\u001b[7;60H│\u001b[8;60H│\u001b[9;60H│\u001b[10;60H│\u001b[11;60H│\u001b[12;60H│\u001b[13;60H│\u001b[14;60H│\u001b[15;60H│\u001b[16;60H│\u001b[17;60H│\u001b[18;60H│\u001b[19;60H│\u001b[20;60H│\u001b[21;60H\u001b[32m│\u001b[22;60H│\u001b[23;60H│\u001b[24;60H│\u001b[25;60H│\u001b[26;60H│\u001b[27;60H│\u001b[28;60H│\u001b[29;60H│\u001b[30;60H│\u001b[31;60H│\u001b[32;60H│\u001b[33;60H│\u001b[34;60H│\u001b[35;60H│\u001b[36;60H│\u001b[37;60H│\u001b[38;60H│\u001b[39;60H│\u001b(B\u001b[m\u001b[30m\u001b[42m\r\n[0] 0:zsh*                                                                                                            \"ro@aivenlaptop: /tmp\" 16:04 14-févr.-23\u001b(B\u001b[m\u001b[?12l\u001b[?25h\u001b[2;64H"]
[26.604881, "o", "\u001b[4ms\u001b(B\u001b[m"]
[26.715312, "o", "\b\u001b[32msu\u001b(B\u001b[m"]
[26.836326, "o", "\b\b\u001b[31m\u001b[1msud\u001b(B\u001b[m"]
[26.956059, "o", "\u001b[3D\u001b[32m\u001b[4msudo\u001b(B\u001b[m"]
[27.07598, "o", " "]
[27.212764, "o", "\u001b[4mp\u001b(B\u001b[m"]
[27.404977, "o", "\b\u001b[31m\u001b[1mpg\u001b(B\u001b[m"]
[27.564631, "o", "\b\u001b[31m\u001b[1mgt\u001b(B\u001b[m"]
[27.845279, "o", "\b\u001b[31m\u001b[1mtr\u001b(B\u001b[m"]
[27.988324, "o", "\b\u001b[31m\u001b[1mra\u001b(B\u001b[m"]
[28.125233, "o", "\b\u001b[31m\u001b[1mac\u001b(B\u001b[m"]
[28.329057, "o", "\u001b[6Dpgtrace_queries\u001b[1m \u001b(B\u001b[m"]
[30.200144, "o", "\u001b[16D\u001b[32mpgtrace_queries\u001b[39m 7"]
[30.469443, "o", "2"]
[31.266715, "o", "\u001b[?25l\u001b[30m\u001b[42m\u001b[40;1H[0] 0:zsh*                                                                                                            \"ro@aivenlaptop: /tmp\" 16:05 14-févr.-23\u001b(B\u001b[m\u001b[?12l\u001b[?25h\u001b[2;87H"]
[31.710443, "o", "3"]
[32.0937, "o", "5"]
[32.462387, "o", "4"]
[32.772419, "o", " "]
[33.758494, "o", "-"]
[34.110567, "o", "I"]
[34.293079, "o", " "]
[34.829943, "o", "A"]
[34.878661, "o", "L"]
[35.06357, "o", "L"]
[35.423476, "o", "\u001b[3;61H\u001b[?2004l"]
[35.424786, "o", "\u001b[?25l\u001b[1;60H│\u001b[2;60H│\u001b[3;60H│\u001b[4;60H│\u001b[5;60H│\u001b[6;60H│\u001b[7;60H│\u001b[8;60H│\u001b[9;60H│\u001b[10;60H│\u001b[11;60H│\u001b[12;60H│\u001b[13;60H│\u001b[14;60H│\u001b[15;60H│\u001b[16;60H│\u001b[17;60H│\u001b[18;60H│\u001b[19;60H│\u001b[20;60H│\u001b[21;60H\u001b[32m│\u001b[22;60H│\u001b[23;60H│\u001b[24;60H│\u001b[25;60H│\u001b[26;60H│\u001b[27;60H│\u001b[28;60H│\u001b[29;60H│\u001b[30;60H│\u001b[31;60H│\u001b[32;60H│\u001b[33;60H│\u001b[34;60H│\u001b[35;60H│\u001b[36;60H│\u001b[37;60H│\u001b[38;60H│\u001b[39;60H│\u001b(B\u001b[m\u001b[30m\u001b[42m\r\n[0] 0:zsh*                                                                                                            \"sudo pgtrace_queries \" 16:05 14-févr.-2\u001b(B\u001b[m\u001b[?12l\u001b[?25h\u001b[3;61H"]
[35.537614, "o", "WARNING: not using a gdb index... We will need to build a full index first\u001b[4;61HLoading naive index from /root/.cache/pgtracer/1a0f44fa3852966943959eb2c0b8884fcfb9b47c.pgtracerid\u001b[5;61Hx\u001b[6;61H"]
[36.657863, "o", "\u001b[?25l\u001b[1;60H│\u001b[2;60H│\u001b[3;60H│\u001b[4;60H│\u001b[5;60H│\u001b[6;60H│\u001b[7;60H│\u001b[8;60H│\u001b[9;60H│\u001b[10;60H│\u001b[11;60H│\u001b[12;60H│\u001b[13;60H│\u001b[14;60H│\u001b[15;60H│\u001b[16;60H│\u001b[17;60H│\u001b[18;60H│\u001b[19;60H│\u001b[20;60H│\u001b[21;60H\u001b[32m│\u001b[22;60H│\u001b[23;60H│\u001b[24;60H│\u001b[25;60H│\u001b[26;60H│\u001b[27;60H│\u001b[28;60H│\u001b[29;60H│\u001b[30;60H│\u001b[31;60H│\u001b[32;60H│\u001b[33;60H│\u001b[34;60H│\u001b[35;60H│\u001b[36;60H│\u001b[37;60H│\u001b[38;60H│\u001b[39;60H│\u001b(B\u001b[m\u001b[30m\u001b[42m\r\n[0] 0:sudo*                                                                                                           \"sudo pgtrace_queries \" 16:05 14-févr.-2\u001b(B\u001b[m\u001b[?12l\u001b[?25h\u001b[6;61H"]
[38.002469, "o", "\u001b[?25l\u001b[1;60H\u001b[32m│\u001b[2;60H│\u001b[3;60H│\u001b[4;60H│\u001b[5;60H│\u001b[6;60H│\u001b[7;60H│\u001b[8;60H│\u001b[9;60H│\u001b[10;60H│\u001b[11;60H│\u001b[12;60H│\u001b[13;60H│\u001b[14;60H│\u001b[15;60H│\u001b[16;60H│\u001b[17;60H│\u001b[18;60H│\u001b[19;60H│\u001b[20;60H│\u001b[21;60H\u001b[39m│\u001b[22;60H│\u001b[23;60H│\u001b[24;60H│\u001b[25;60H│\u001b[26;60H│\u001b[27;60H│\u001b[28;60H│\u001b[29;60H│\u001b[30;60H│\u001b[31;60H│\u001b[32;60H│\u001b[33;60H│\u001b[34;60H│\u001b[35;60H│\u001b[36;60H│\u001b[37;60H│\u001b[38;60H│\u001b[39;60H│\u001b(B\u001b[m\u001b[30m\u001b[42m\r\n[0] 0:sudo*                                                                                                                           \"psql\" 16:05 14-févr.-23\u001b(B\u001b[m\u001b[?12l\u001b[?25h\u001b[12;6H\u001b[?2004h"]
[38.002887, "o", "\u001b[?25l\u001b[1;60H\u001b[32m│\u001b[2;60H│\u001b[3;60H│\u001b[4;60H│\u001b[5;60H│\u001b[6;60H│\u001b[7;60H│\u001b[8;60H│\u001b[9;60H│\u001b[10;60H│\u001b[11;60H│\u001b[12;60H│\u001b[13;60H│\u001b[14;60H│\u001b[15;60H│\u001b[16;60H│\u001b[17;60H│\u001b[18;60H│\u001b[19;60H│\u001b[20;60H│\u001b[21;60H\u001b[39m│\u001b[22;60H│\u001b[23;60H│\u001b[24;60H│\u001b[25;60H│\u001b[26;60H│\u001b[27;60H│\u001b[28;60H│\u001b[29;60H│\u001b[30;60H│\u001b[31;60H│\u001b[32;60H│\u001b[33;60H│\u001b[34;60H│\u001b[35;60H│\u001b[36;60H│\u001b[37;60H│\u001b[38;60H│\u001b[39;60H│\u001b(B\u001b[m\u001b[30m\u001b[42m\r\n[0] 0:psql*                                                                                                                           \"psql\" 16:05 14-févr.-23\u001b(B\u001b[m\u001b[?12l\u001b[?25h\u001b[12;6H"]
[38.459121, "o", "\u001b[6;61HStarting eBPF collector...\u001b[12;6H"]
[38.627682, "o", "\u001b[7;61HeBPF collector started\u001b[12;6H"]
[42.490534, "o", "s"]
[42.74702, "o", "e"]
[42.882688, "o", "l"]
[42.979358, "o", "e"]
[43.09067, "o", "c"]
[43.315658, "o", "t"]
[43.427152, "o", " "]
[43.603167, "o", "c"]
[43.690617, "o", "o"]
[43.746729, "o", "u"]
[43.811366, "o", "n"]
[43.883468, "o", "t"]
[44.106996, "o", "("]
[44.763245, "o", "*"]
[45.539153, "o", ")"]
[45.827238, "o", " "]
[45.978756, "o", "f"]
[46.170805, "o", "r"]
[46.274894, "o", "o"]
[46.354709, "o", "m"]
[46.459109, "o", " "]
[46.658463, "o", "p"]
[46.795039, "o", "g"]
[46.914351, "o", "_"]
[47.283222, "o", "c"]
[47.394691, "o", "l"]
[47.499456, "o", "a"]
[47.66718, "o", "s"]
[47.810991, "o", "s"]
[48.003099, "o", ";"]
[48.987114, "o", "\r\n\u001b[?2004l"]
[48.990123, "o", " count \r\n-------\r\n   410\r\n(1 ligne)\u001b[18;1Hro=> \u001b[?2004h"]
[49.640565, "o", "\u001b[8;61Hselect count(*) from pg_class;\u001b[18;6H"]
[49.640867, "o", "\u001b[9;69Hsearch_path: \"$user\", public\u001b[10;69Hquery_id: 0\u001b[11;69Hstartup_cost: 15.322500000000002\u001b[12;69Htotal_cost: 15.332500000000001\u001b[13;69Hplan_rows: 1.0\u001b[14;69Hruntime: 0:00:00.001515\u001b[15;69Hwritten_bytes_to_disk: 0\u001b[16;69Hshared_buffers_hitratio: 100.00\u001b[17;69Hsyscache_hitratio: None\u001b[18;69Hbuffer_usage: \u001b[19;77Hshared_blks_hit: 2\u001b[20;77Hshared_blks_read: 0\u001b[21;77Hshared_blks_dirtied: 0\u001b[22;77Hshared_blks_written: 0\u001b[23;77Hlocal_blks_hit: 0\u001b[24;77Hlocal_blks_read: 0\u001b[25;77Hlocal_blks_dirtied: 0\u001b[26;77Hlocal_blks_written: 0\u001b[27;77Htemp_blks_read: 0\u001b[28;77Htemp_blks_written: 0\u001b[29;77Hblk_read_time: 0:00:00\u001b[30;77Hblk_write_time: 0:00:00\u001b[31;77Htemp_blk_read_time: 0:00:00\u001b[32;77Htemp_blk_write_time: 0:00:00\u001b[33;69Hwal_usage: \u001b[34;77Hwal_records: 0\u001b[35;77Hwal_fpi: 0\u001b[36;77Hwal_bytes: 0\u001b[18;6H"]
[59.171398, "o", "\u001b[?25l\u001b[1;60H│\u001b[2;60H│\u001b[3;60H│\u001b[4;60H│\u001b[5;60H│\u001b[6;60H│\u001b[7;60H│\u001b[8;60H│\u001b[9;60H│\u001b[10;60H│\u001b[11;60H│\u001b[12;60H│\u001b[13;60H│\u001b[14;60H│\u001b[15;60H│\u001b[16;60H│\u001b[17;60H│\u001b[18;60H│\u001b[19;60H│\u001b[20;60H│\u001b[21;60H\u001b[32m│\u001b[22;60H│\u001b[23;60H│\u001b[24;60H│\u001b[25;60H│\u001b[26;60H│\u001b[27;60H│\u001b[28;60H│\u001b[29;60H│\u001b[30;60H│\u001b[31;60H│\u001b[32;60H│\u001b[33;60H│\u001b[34;60H│\u001b[35;60H│\u001b[36;60H│\u001b[37;60H│\u001b[38;60H│\u001b[39;60H│\u001b(B\u001b[m\u001b[30m\u001b[42m\r\n[0] 0:psql*                                                                                                           \"sudo pgtrace_queries \" 16:05 14-févr.-2\u001b(B\u001b[m\u001b[?12l\u001b[?25h\u001b[37;61H\u001b[?2004l"]
[59.172096, "o", "\u001b[?25l\u001b[1;60H│\u001b[2;60H│\u001b[3;60H│\u001b[4;60H│\u001b[5;60H│\u001b[6;60H│\u001b[7;60H│\u001b[8;60H│\u001b[9;60H│\u001b[10;60H│\u001b[11;60H│\u001b[12;60H│\u001b[13;60H│\u001b[14;60H│\u001b[15;60H│\u001b[16;60H│\u001b[17;60H│\u001b[18;60H│\u001b[19;60H│\u001b[20;60H│\u001b[21;60H\u001b[32m│\u001b[22;60H│\u001b[23;60H│\u001b[24;60H│\u001b[25;60H│\u001b[26;60H│\u001b[27;60H│\u001b[28;60H│\u001b[29;60H│\u001b[30;60H│\u001b[31;60H│\u001b[32;60H│\u001b[33;60H│\u001b[34;60H│\u001b[35;60H│\u001b[36;60H│\u001b[37;60H│\u001b[38;60H│\u001b[39;60H│\u001b(B\u001b[m\u001b[30m\u001b[42m\r\n[0] 0:sudo*                                                                                                           \"sudo pgtrace_queries \" 16:05 14-févr.-2\u001b(B\u001b[m\u001b[?12l\u001b[?25h\u001b[37;61H"]
[69.45996, "o", "^C"]
[70.697721, "o", "\u001b[1m\u001b[7m%\u001b(B\u001b[m                                                                                               \u001b[38;61H  \b\b"]
[70.698123, "o", "\u001b[?25l\u001b[1;60H│\u001b[2;60H│\u001b[3;60H│\u001b[4;60H│\u001b[5;60H│\u001b[6;60H│\u001b[7;60H│\u001b[8;60H│\u001b[9;60H│\u001b[10;60H│\u001b[11;60H│\u001b[12;60H│\u001b[13;60H│\u001b[14;60H│\u001b[15;60H│\u001b[16;60H│\u001b[17;60H│\u001b[18;60H│\u001b[19;60H│\u001b[20;60H│\u001b[21;60H\u001b[32m│\u001b[22;60H│\u001b[23;60H│\u001b[24;60H│\u001b[25;60H│\u001b[26;60H│\u001b[27;60H│\u001b[28;60H│\u001b[29;60H│\u001b[30;60H│\u001b[31;60H│\u001b[32;60H│\u001b[33;60H│\u001b[34;60H│\u001b[35;60H│\u001b[36;60H│\u001b[37;60H│\u001b[38;60H│\u001b[39;60H│\u001b(B\u001b[m\u001b[30m\u001b[42m\r\n[0] 0:zsh*                                                                                                            \"ro@aivenlaptop: /tmp\" 16:05 14-févr.-23\u001b(B\u001b[m\u001b[?12l\u001b[?25h\u001b[38;61H"]
[70.724095, "o", "\u001b[1;39r\u001b[39;61H\u001b[K\u001b[A\u001b[K╭─\u001b[40m \u001b[93mro@aivenlaptop \u001b[30m\u001b[44m /tmp \u001b[49m\u001b[34m\u001b[39m \u001b[39;61H╰─ \u001b[K\u001b[38;136H\u001b[30m\u001b[32m\u001b[40m ✔\u001b[39m \u001b[38;5;244m\u001b[30m\u001b[48;5;244m 5022 \u001b[37m\u001b[30m\u001b[47m 16:05:44 \u001b[1;40r\u001b[39;64H\u001b(B\u001b[m"]
[70.724455, "o", "\u001b[?2004h"]
[71.50436, "o", "\u001b[32m\u001b[4msudo\u001b(B\u001b[m \u001b[32mpgtrace_queries\u001b[39m 72354 -I ALL"]
[72.175029, "o", " "]
[72.599576, "o", "-"]
[72.791762, "o", ","]
[73.495004, "o", "\b \b"]
[73.972159, "o", "n"]
[74.336054, "o", "\u001b[?25l\u001b[1;61H╰─ \u001b[32m\u001b[4msudo\u001b(B\u001b[m \u001b[32mpgtrace_queries\u001b[39m 72354 -I ALL\u001b[K\u001b[2;61HWARNING: not using a gdb index... We will need to build a full index first\u001b[K\u001b[3;61HLoading naive index from /root/.cache/pgtracer/1a0f44fa3852966943959eb2c0b8884fcfb9b47c.pgtracerid\u001b[4;61Hx\u001b[K\u001b[5;61HStarting eBPF collector...\u001b[K\u001b[6;61HeBPF collector started\u001b[K\u001b[7;61Hselect count(*) from pg_class;\u001b[K\u001b[8;61H\u001b[8X\u001b[8Csearch_path: \"$user\", public\u001b[K\u001b[9;61H\u001b[8X\u001b[8Cquery_id: 0\u001b[K\u001b[10;61H\u001b[8X\u001b[8Cstartup_cost: 15.322500000000002\u001b[K\u001b[11;61H\u001b[8X\u001b[8Ctotal_cost: 15.332500000000001\u001b[K\u001b[12;61H\u001b[8X\u001b[8Cplan_rows: 1.0\u001b[K\u001b[13;61H\u001b[8X\u001b[8Cruntime: 0:00:00.001515\u001b[K\u001b[14;61H\u001b[8X\u001b[8Cwritten_bytes_to_disk: 0\u001b[K\u001b[15;61H\u001b[8X\u001b[8Cshared_buffers_hitratio: 100.00\u001b[K\u001b[16;61H\u001b[8X\u001b[8Csyscache_hitratio: None\u001b[K\u001b[17;61H\u001b[8X\u001b[8Cbuffer_usage: \u001b[K\u001b[18;61H\u001b[16X\u001b[16Cshared_blks_hit: 2\u001b[K\u001b[19;61H\u001b[16X\u001b[16Cshared_blks_read: 0\u001b[K\u001b[20;61H\u001b[16X\u001b[16Cshared_blks_dirtied: 0\u001b[K\u001b[21;61H\u001b[16X\u001b[16Cshared_blks_written: 0\u001b[K\u001b[22;61H\u001b[16X\u001b[16Clocal_blks_hit: 0\u001b[K\u001b[23;61H\u001b[16X\u001b"]
[74.336111, "o", "[16Clocal_blks_read: 0\u001b[K\u001b[24;61H\u001b[16X\u001b[16Clocal_blks_dirtied: 0\u001b[K\u001b[25;61H\u001b[16X\u001b[16Clocal_blks_written: 0\u001b[K\u001b[26;61H\u001b[16X\u001b[16Ctemp_blks_read: 0\u001b[K\u001b[27;61H\u001b[16X\u001b[16Ctemp_blks_written: 0\u001b[K\u001b[28;61H\u001b[16X\u001b[16Cblk_read_time: 0:00:00\u001b[K\u001b[29;61H\u001b[16X\u001b[16Cblk_write_time: 0:00:00\u001b[K\u001b[30;61H\u001b[16X\u001b[16Ctemp_blk_read_time: 0:00:00\u001b[K\u001b[31;61H\u001b[16X\u001b[16Ctemp_blk_write_time: 0:00:00\u001b[K\u001b[32;61H\u001b[8X\u001b[8Cwal_usage: \u001b[K\u001b[33;61H\u001b[16X\u001b[16Cwal_records: 0\u001b[K\u001b[34;61H\u001b[16X\u001b[16Cwal_fpi: 0\u001b[K\u001b[35;61H\u001b[16X\u001b[16Cwal_bytes: 0\u001b[K\u001b[36;61H^C\u001b[1m\u001b[7m%\u001b(B\u001b[m                                                                                               \u001b[37;61H╭─\u001b[40m \u001b[93mro@aivenlaptop \u001b[30m\u001b[44m /tmp \u001b[49m\u001b[34m\u001b[39m \u001b[48X\u001b[30m\u001b[48C\u001b[32m\u001b[40m ✔\u001b[39m \u001b[38;5;244m\u001b[30m\u001b[48;5;244m 5022 \u001b[37m\u001b[30m\u001b[47m 16:05:44 \u001b[39m\u001b[49m\u001b[K\u001b[38;61H╰─ \u001b[32m\u001b[4msudo\u001b(B\u001b[m \u001b[32mpgtrace_queries\u001b[39m 72354 -I ALL -n\u001b[K\u001b[39;61H\u001b[K\u001b[?12l\u001b[?25h\u001b[?2004l"]
[74.337161, "o", "\u001b[?25l\u001b[1;60H│\u001b[2;60H│\u001b[3;60H│\u001b[4;60H│\u001b[5;60H│\u001b[6;60H│\u001b[7;60H│\u001b[8;60H│\u001b[9;60H│\u001b[10;60H│\u001b[11;60H│\u001b[12;60H│\u001b[13;60H│\u001b[14;60H│\u001b[15;60H│\u001b[16;60H│\u001b[17;60H│\u001b[18;60H│\u001b[19;60H│\u001b[20;60H│\u001b[21;60H\u001b[32m│\u001b[22;60H│\u001b[23;60H│\u001b[24;60H│\u001b[25;60H│\u001b[26;60H│\u001b[27;60H│\u001b[28;60H│\u001b[29;60H│\u001b[30;60H│\u001b[31;60H│\u001b[32;60H│\u001b[33;60H│\u001b[34;60H│\u001b[35;60H│\u001b[36;60H│\u001b[37;60H│\u001b[38;60H│\u001b[39;60H│\u001b(B\u001b[m\u001b[30m\u001b[42m\r\n[0] 0:zsh*                                                                                                            \"sudo pgtrace_queries \" 16:05 14-févr.-2\u001b(B\u001b[m\u001b[?12l\u001b[?25h\u001b[39;61H"]
[74.45813, "o", "\u001b[?25l\u001b[1dx\u001b[K\u001b[2;61HStarting eBPF collector...\u001b[K\u001b[3;61HeBPF collector started\u001b[K\u001b[4;61Hselect count(*) from pg_class;\u001b[K\u001b[5;61H\u001b[8X\u001b[8Csearch_path: \"$user\", public\u001b[K\u001b[6;61H\u001b[8X\u001b[8Cquery_id: 0\u001b[K\u001b[7;61H\u001b[8X\u001b[8Cstartup_cost: 15.322500000000002\u001b[K\u001b[8;61H\u001b[8X\u001b[8Ctotal_cost: 15.332500000000001\u001b[K\u001b[9;61H\u001b[8X\u001b[8Cplan_rows: 1.0\u001b[K\u001b[10;61H\u001b[8X\u001b[8Cruntime: 0:00:00.001515\u001b[K\u001b[11;61H\u001b[8X\u001b[8Cwritten_bytes_to_disk: 0\u001b[K\u001b[12;61H\u001b[8X\u001b[8Cshared_buffers_hitratio: 100.00\u001b[K\u001b[13;61H\u001b[8X\u001b[8Csyscache_hitratio: None\u001b[K\u001b[14;61H\u001b[8X\u001b[8Cbuffer_usage: \u001b[K\u001b[15;61H\u001b[16X\u001b[16Cshared_blks_hit: 2\u001b[K\u001b[16;61H\u001b[16X\u001b[16Cshared_blks_read: 0\u001b[K\u001b[17;61H\u001b[16X\u001b[16Cshared_blks_dirtied: 0\u001b[K\u001b[18;61H\u001b[16X\u001b[16Cshared_blks_written: 0\u001b[K\u001b[19;61H\u001b[16X\u001b[16Clocal_blks_hit: 0\u001b[K\u001b[20;61H\u001b[16X\u001b[16Clocal_blks_read: 0\u001b[K\u001b[21;61H\u001b[16X\u001b[16Clocal_blks_dirtied: 0\u001b[K\u001b[22;61H\u001b[16X\u001b[16Clocal_blks_written: 0\u001b[K\u001b[23;61H\u001b[16X\u001b[16Ctemp_blks_read: 0\u001b[K\u001b[24;61H\u001b[16X\u001b[16Ctemp_blks_written: 0\u001b[K\u001b[25;61H\u001b[16X\u001b[16Cblk_read_time: 0:00:00\u001b[K\u001b[26;61H\u001b[16X\u001b[16Cblk_write_time: 0:00:"]
[74.458179, "o", "00\u001b[K\u001b[27;61H\u001b[16X\u001b[16Ctemp_blk_read_time: 0:00:00\u001b[K\u001b[28;61H\u001b[16X\u001b[16Ctemp_blk_write_time: 0:00:00\u001b[K\u001b[29;61H\u001b[8X\u001b[8Cwal_usage: \u001b[K\u001b[30;61H\u001b[16X\u001b[16Cwal_records: 0\u001b[K\u001b[31;61H\u001b[16X\u001b[16Cwal_fpi: 0\u001b[K\u001b[32;61H\u001b[16X\u001b[16Cwal_bytes: 0\u001b[K\u001b[33;61H^C\u001b[1m\u001b[7m%\u001b(B\u001b[m                                                                                               \u001b[34;61H╭─\u001b[40m \u001b[93mro@aivenlaptop \u001b[30m\u001b[44m /tmp \u001b[49m\u001b[34m\u001b[39m \u001b[48X\u001b[30m\u001b[48C\u001b[32m\u001b[40m ✔\u001b[39m \u001b[38;5;244m\u001b[30m\u001b[48;5;244m 5022 \u001b[37m\u001b[30m\u001b[47m 16:05:44 \u001b[39m\u001b[49m\u001b[K\u001b[35;61H╰─ \u001b[32m\u001b[4msudo\u001b(B\u001b[m \u001b[32mpgtrace_queries\u001b[39m 72354 -I ALL -n\u001b[K\u001b[36;61HWARNING: not using a gdb index... We will need to build a full index first\u001b[K\u001b[37;61HLoading naive index from /root/.cache/pgtracer/1a0f44fa3852966943959eb2c0b8884fcfb9b47c.pgtracerid\u001b[38;61Hx\u001b[K\u001b[39;61H\u001b[K\u001b[?12l\u001b[?25h"]
[76.276506, "o", "\u001b[?25l\u001b[1;60H│\u001b[2;60H│\u001b[3;60H│\u001b[4;60H│\u001b[5;60H│\u001b[6;60H│\u001b[7;60H│\u001b[8;60H│\u001b[9;60H│\u001b[10;60H│\u001b[11;60H│\u001b[12;60H│\u001b[13;60H│\u001b[14;60H│\u001b[15;60H│\u001b[16;60H│\u001b[17;60H│\u001b[18;60H│\u001b[19;60H│\u001b[20;60H│\u001b[21;60H\u001b[32m│\u001b[22;60H│\u001b[23;60H│\u001b[24;60H│\u001b[25;60H│\u001b[26;60H│\u001b[27;60H│\u001b[28;60H│\u001b[29;60H│\u001b[30;60H│\u001b[31;60H│\u001b[32;60H│\u001b[33;60H│\u001b[34;60H│\u001b[35;60H│\u001b[36;60H│\u001b[37;60H│\u001b[38;60H│\u001b[39;60H│\u001b(B\u001b[m\u001b[30m\u001b[42m\r\n[0] 0:sudo*                                                                                                           \"sudo pgtrace_queries \" 16:05 14-févr.-2\u001b(B\u001b[m\u001b[?12l\u001b[?25h\u001b[39;61H"]
[77.48192, "o", "\u001b[?25l\u001b[1dStarting eBPF collector...\u001b[K\u001b[2;61HeBPF collector started\u001b[K\u001b[3;61Hselect count(*) from pg_class;\u001b[K\u001b[4;61H\u001b[8X\u001b[8Csearch_path: \"$user\", public\u001b[K\u001b[5;61H\u001b[8X\u001b[8Cquery_id: 0\u001b[K\u001b[6;61H\u001b[8X\u001b[8Cstartup_cost: 15.322500000000002\u001b[K\u001b[7;61H\u001b[8X\u001b[8Ctotal_cost: 15.332500000000001\u001b[K\u001b[8;61H\u001b[8X\u001b[8Cplan_rows: 1.0\u001b[K\u001b[9;61H\u001b[8X\u001b[8Cruntime: 0:00:00.001515\u001b[K\u001b[10;61H\u001b[8X\u001b[8Cwritten_bytes_to_disk: 0\u001b[K\u001b[11;61H\u001b[8X\u001b[8Cshared_buffers_hitratio: 100.00\u001b[K\u001b[12;61H\u001b[8X\u001b[8Csyscache_hitratio: None\u001b[K\u001b[13;61H\u001b[8X\u001b[8Cbuffer_usage: \u001b[K\u001b[14;61H\u001b[16X\u001b[16Cshared_blks_hit: 2\u001b[K\u001b[15;61H\u001b[16X\u001b[16Cshared_blks_read: 0\u001b[K\u001b[16;61H\u001b[16X\u001b[16Cshared_blks_dirtied: 0\u001b[K\u001b[17;61H\u001b[16X\u001b[16Cshared_blks_written: 0\u001b[K\u001b[18;61H\u001b[16X\u001b[16Clocal_blks_hit: 0\u001b[K\u001b[19;61H\u001b[16X\u001b[16Clocal_blks_read: 0\u001b[K\u001b[20;61H\u001b[16X\u001b[16Clocal_blks_dirtied: 0\u001b[K\u001b[21;61H\u001b[16X\u001b[16Clocal_blks_written: 0\u001b[K\u001b[22;61H\u001b[16X\u001b[16Ctemp_blks_read: 0\u001b[K\u001b[23;61H\u001b[16X\u001b[16Ctemp_blks_written: 0\u001b[K\u001b[24;61H\u001b[16X\u001b[16Cblk_read_time: 0:00:00\u001b[K\u001b[25;61H\u001b[16X\u001b[16Cblk_write_time: 0:00:00\u001b[K\u001b[26;61"]
[77.481951, "o", "H\u001b[16X\u001b[16Ctemp_blk_read_time: 0:00:00\u001b[K\u001b[27;61H\u001b[16X\u001b[16Ctemp_blk_write_time: 0:00:00\u001b[K\u001b[28;61H\u001b[8X\u001b[8Cwal_usage: \u001b[K\u001b[29;61H\u001b[16X\u001b[16Cwal_records: 0\u001b[K\u001b[30;61H\u001b[16X\u001b[16Cwal_fpi: 0\u001b[K\u001b[31;61H\u001b[16X\u001b[16Cwal_bytes: 0\u001b[K\u001b[32;61H^C\u001b[1m\u001b[7m%\u001b(B\u001b[m                                                                                               \u001b[33;61H╭─\u001b[40m \u001b[93mro@aivenlaptop \u001b[30m\u001b[44m /tmp \u001b[49m\u001b[34m\u001b[39m \u001b[48X\u001b[30m\u001b[48C\u001b[32m\u001b[40m ✔\u001b[39m \u001b[38;5;244m\u001b[30m\u001b[48;5;244m 5022 \u001b[37m\u001b[30m\u001b[47m 16:05:44 \u001b[39m\u001b[49m\u001b[K\u001b[34;61H╰─ \u001b[32m\u001b[4msudo\u001b(B\u001b[m \u001b[32mpgtrace_queries\u001b[39m 72354 -I ALL -n\u001b[K\u001b[35;61HWARNING: not using a gdb index... We will need to build a full index first\u001b[K\u001b[36;61HLoading naive index from /root/.cache/pgtracer/1a0f44fa3852966943959eb2c0b8884fcfb9b47c.pgtracerid\u001b[37;61Hx\u001b[K\u001b[38;61HStarting eBPF collector...\u001b[K\u001b[39;61H\u001b[K\u001b[?12l\u001b[?25h"]
[77.909936, "o", "\u001b[?25l\u001b[1deBPF collector started\u001b[K\u001b[2;61Hselect count(*) from pg_class;\u001b[K\u001b[3;61H\u001b[8X\u001b[8Csearch_path: \"$user\", public\u001b[K\u001b[4;61H\u001b[8X\u001b[8Cquery_id: 0\u001b[K\u001b[5;61H\u001b[8X\u001b[8Cstartup_cost: 15.322500000000002\u001b[K\u001b[6;61H\u001b[8X\u001b[8Ctotal_cost: 15.332500000000001\u001b[K\u001b[7;61H\u001b[8X\u001b[8Cplan_rows: 1.0\u001b[K\u001b[8;61H\u001b[8X\u001b[8Cruntime: 0:00:00.001515\u001b[K\u001b[9;61H\u001b[8X\u001b[8Cwritten_bytes_to_disk: 0\u001b[K\u001b[10;61H\u001b[8X\u001b[8Cshared_buffers_hitratio: 100.00\u001b[K\u001b[11;61H\u001b[8X\u001b[8Csyscache_hitratio: None\u001b[K\u001b[12;61H\u001b[8X\u001b[8Cbuffer_usage: \u001b[K\u001b[13;61H\u001b[16X\u001b[16Cshared_blks_hit: 2\u001b[K\u001b[14;61H\u001b[16X\u001b[16Cshared_blks_read: 0\u001b[K\u001b[15;61H\u001b[16X\u001b[16Cshared_blks_dirtied: 0\u001b[K\u001b[16;61H\u001b[16X\u001b[16Cshared_blks_written: 0\u001b[K\u001b[17;61H\u001b[16X\u001b[16Clocal_blks_hit: 0\u001b[K\u001b[18;61H\u001b[16X\u001b[16Clocal_blks_read: 0\u001b[K\u001b[19;61H\u001b[16X\u001b[16Clocal_blks_dirtied: 0\u001b[K\u001b[20;61H\u001b[16X\u001b[16Clocal_blks_written: 0\u001b[K\u001b[21;61H\u001b[16X\u001b[16Ctemp_blks_read: 0\u001b[K\u001b[22;61H\u001b[16X\u001b[16Ctemp_blks_written: 0\u001b[K\u001b[23;61H\u001b[16X\u001b[16Cblk_read_time: 0:00:00\u001b[K\u001b[24;61H\u001b[16X\u001b[16Cblk_write_time: 0:00:00\u001b[K\u001b[25;61H\u001b[16X\u001b[16Ctemp_blk_read_time: 0:00:0"]
[77.909966, "o", "0\u001b[K\u001b[26;61H\u001b[16X\u001b[16Ctemp_blk_write_time: 0:00:00\u001b[K\u001b[27;61H\u001b[8X\u001b[8Cwal_usage: \u001b[K\u001b[28;61H\u001b[16X\u001b[16Cwal_records: 0\u001b[K\u001b[29;61H\u001b[16X\u001b[16Cwal_fpi: 0\u001b[K\u001b[30;61H\u001b[16X\u001b[16Cwal_bytes: 0\u001b[K\u001b[31;61H^C\u001b[1m\u001b[7m%\u001b(B\u001b[m                                                                                               \u001b[32;61H╭─\u001b[40m \u001b[93mro@aivenlaptop \u001b[30m\u001b[44m /tmp \u001b[49m\u001b[34m\u001b[39m \u001b[48X\u001b[30m\u001b[48C\u001b[32m\u001b[40m ✔\u001b[39m \u001b[38;5;244m\u001b[30m\u001b[48;5;244m 5022 \u001b[37m\u001b[30m\u001b[47m 16:05:44 \u001b[39m\u001b[49m\u001b[K\u001b[33;61H╰─ \u001b[32m\u001b[4msudo\u001b(B\u001b[m \u001b[32mpgtrace_queries\u001b[39m 72354 -I ALL -n\u001b[K\u001b[34;61HWARNING: not using a gdb index... We will need to build a full index first\u001b[K\u001b[35;61HLoading naive index from /root/.cache/pgtracer/1a0f44fa3852966943959eb2c0b8884fcfb9b47c.pgtracerid\u001b[36;61Hx\u001b[K\u001b[37;61HStarting eBPF collector...\u001b[K\u001b[38;61HeBPF collector started\u001b[K\u001b[39;61H\u001b[K\u001b[?12l\u001b[?25h"]
[78.667867, "o", "\u001b[?25l\u001b[1;60H\u001b[32m│\u001b[2;60H│\u001b[3;60H│\u001b[4;60H│\u001b[5;60H│\u001b[6;60H│\u001b[7;60H│\u001b[8;60H│\u001b[9;60H│\u001b[10;60H│\u001b[11;60H│\u001b[12;60H│\u001b[13;60H│\u001b[14;60H│\u001b[15;60H│\u001b[16;60H│\u001b[17;60H│\u001b[18;60H│\u001b[19;60H│\u001b[20;60H│\u001b[21;60H\u001b[39m│\u001b[22;60H│\u001b[23;60H│\u001b[24;60H│\u001b[25;60H│\u001b[26;60H│\u001b[27;60H│\u001b[28;60H│\u001b[29;60H│\u001b[30;60H│\u001b[31;60H│\u001b[32;60H│\u001b[33;60H│\u001b[34;60H│\u001b[35;60H│\u001b[36;60H│\u001b[37;60H│\u001b[38;60H│\u001b[39;60H│\u001b(B\u001b[m\u001b[30m\u001b[42m\r\n[0] 0:sudo*                                                                                                                           \"psql\" 16:05 14-févr.-23\u001b(B\u001b[m\u001b[?12l\u001b[?25h\u001b[18;6H\u001b[?2004h"]
[78.668793, "o", "\u001b[?25l\u001b[1;60H\u001b[32m│\u001b[2;60H│\u001b[3;60H│\u001b[4;60H│\u001b[5;60H│\u001b[6;60H│\u001b[7;60H│\u001b[8;60H│\u001b[9;60H│\u001b[10;60H│\u001b[11;60H│\u001b[12;60H│\u001b[13;60H│\u001b[14;60H│\u001b[15;60H│\u001b[16;60H│\u001b[17;60H│\u001b[18;60H│\u001b[19;60H│\u001b[20;60H│\u001b[21;60H\u001b[39m│\u001b[22;60H│\u001b[23;60H│\u001b[24;60H│\u001b[25;60H│\u001b[26;60H│\u001b[27;60H│\u001b[28;60H│\u001b[29;60H│\u001b[30;60H│\u001b[31;60H│\u001b[32;60H│\u001b[33;60H│\u001b[34;60H│\u001b[35;60H│\u001b[36;60H│\u001b[37;60H│\u001b[38;60H│\u001b[39;60H│\u001b(B\u001b[m\u001b[30m\u001b[42m\r\n[0] 0:psql*                                                                                                                           \"psql\" 16:05 14-févr.-23\u001b(B\u001b[m\u001b[?12l\u001b[?25h\u001b[18;6H"]
[79.435588, "o", "select count(*) from pg_class;"]
[87.475172, "o", "\r\n\u001b[?2004l"]
[87.476965, "o", " count \r\n-------\r\n   410\r\n(1 ligne)\u001b[24;1Hro=> \u001b[?2004h"]
[87.926235, "o", "\u001b[?25l\u001b[1;61H\u001b[8X\u001b[8Csearch_path: \"$user\", public\u001b[K\u001b[2;61H\u001b[8X\u001b[8Cquery_id: 0\u001b[K\u001b[3;61H\u001b[8X\u001b[8Cstartup_cost: 15.322500000000002\u001b[K\u001b[4;61H\u001b[8X\u001b[8Ctotal_cost: 15.332500000000001\u001b[K\u001b[5;61H\u001b[8X\u001b[8Cplan_rows: 1.0\u001b[K\u001b[6;61H\u001b[8X\u001b[8Cruntime: 0:00:00.001515\u001b[K\u001b[7;61H\u001b[8X\u001b[8Cwritten_bytes_to_disk: 0\u001b[K\u001b[8;61H\u001b[8X\u001b[8Cshared_buffers_hitratio: 100.00\u001b[K\u001b[9;61H\u001b[8X\u001b[8Csyscache_hitratio: None\u001b[K\u001b[10;61H\u001b[8X\u001b[8Cbuffer_usage: \u001b[K\u001b[11;61H\u001b[16X\u001b[16Cshared_blks_hit: 2\u001b[K\u001b[12;61H\u001b[16X\u001b[16Cshared_blks_read: 0\u001b[K\u001b[13;61H\u001b[16X\u001b[16Cshared_blks_dirtied: 0\u001b[K\u001b[14;61H\u001b[16X\u001b[16Cshared_blks_written: 0\u001b[K\u001b[15;61H\u001b[16X\u001b[16Clocal_blks_hit: 0\u001b[K\u001b[16;61H\u001b[16X\u001b[16Clocal_blks_read: 0\u001b[K\u001b[17;61H\u001b[16X\u001b[16Clocal_blks_dirtied: 0\u001b[K\u001b[18;61H\u001b[16X\u001b[16Clocal_blks_written: 0\u001b[K\u001b[19;61H\u001b[16X\u001b[16Ctemp_blks_read: 0\u001b[K\u001b[20;61H\u001b[16X\u001b[16Ctemp_blks_written: 0\u001b[K\u001b[21;61H\u001b[16X\u001b[16Cblk_read_time: 0:00:00\u001b[K\u001b[22;61H\u001b[16X\u001b[16Cblk_write_time: 0:00:00\u001b[K\u001b[23;61H\u001b[16X\u001b[16Ctemp_blk_read_time: 0:00:00\u001b[K\u001b[24;61H\u001b[16X\u001b[16Ctemp_blk_write_time: 0:00:00\u001b[K\u001b[25;61H\u001b[8X\u001b[8Cwa"]
[87.926268, "o", "l_usage: \u001b[K\u001b[26;61H\u001b[16X\u001b[16Cwal_records: 0\u001b[K\u001b[27;61H\u001b[16X\u001b[16Cwal_fpi: 0\u001b[K\u001b[28;61H\u001b[16X\u001b[16Cwal_bytes: 0\u001b[K\u001b[29;61H^C\u001b[1m\u001b[7m%\u001b(B\u001b[m                                                                                               \u001b[30;61H╭─\u001b[40m \u001b[93mro@aivenlaptop \u001b[30m\u001b[44m /tmp \u001b[49m\u001b[34m\u001b[39m \u001b[48X\u001b[30m\u001b[48C\u001b[32m\u001b[40m ✔\u001b[39m \u001b[38;5;244m\u001b[30m\u001b[48;5;244m 5022 \u001b[37m\u001b[30m\u001b[47m 16:05:44 \u001b[39m\u001b[49m\u001b[K\u001b[31;61H╰─ \u001b[32m\u001b[4msudo\u001b(B\u001b[m \u001b[32mpgtrace_queries\u001b[39m 72354 -I ALL -n\u001b[K\u001b[32;61HWARNING: not using a gdb index... We will need to build a full index first\u001b[K\u001b[33;61HLoading naive index from /root/.cache/pgtracer/1a0f44fa3852966943959eb2c0b8884fcfb9b47c.pgtracerid\u001b[34;61Hx\u001b[K\u001b[35;61HStarting eBPF collector...\u001b[K\u001b[36;61HeBPF collector started\u001b[K\u001b[37;61HCurrently running:\u001b[K\u001b[38;61Hselect count(*) from pg_class;\u001b[K\u001b[39;61H\u001b[K\u001b[?12l\u001b[?25h\u001b[24;6H"]
[87.92649, "o", "\u001b[?25l\u001b[1;61H\u001b[8X\u001b[8Cquery_id: 0\u001b[K\u001b[2;61H\u001b[8X\u001b[8Cstartup_cost: 15.322500000000002\u001b[K\u001b[3;61H\u001b[8X\u001b[8Ctotal_cost: 15.332500000000001\u001b[K\u001b[4;61H\u001b[8X\u001b[8Cplan_rows: 1.0\u001b[K\u001b[5;61H\u001b[8X\u001b[8Cruntime: 0:00:00.001515\u001b[K\u001b[6;61H\u001b[8X\u001b[8Cwritten_bytes_to_disk: 0\u001b[K\u001b[7;61H\u001b[8X\u001b[8Cshared_buffers_hitratio: 100.00\u001b[K\u001b[8;61H\u001b[8X\u001b[8Csyscache_hitratio: None\u001b[K\u001b[9;61H\u001b[8X\u001b[8Cbuffer_usage: \u001b[K\u001b[10;61H\u001b[16X\u001b[16Cshared_blks_hit: 2\u001b[K\u001b[11;61H\u001b[16X\u001b[16Cshared_blks_read: 0\u001b[K\u001b[12;61H\u001b[16X\u001b[16Cshared_blks_dirtied: 0\u001b[K\u001b[13;61H\u001b[16X\u001b[16Cshared_blks_written: 0\u001b[K\u001b[14;61H\u001b[16X\u001b[16Clocal_blks_hit: 0\u001b[K\u001b[15;61H\u001b[16X\u001b[16Clocal_blks_read: 0\u001b[K\u001b[16;61H\u001b[16X\u001b[16Clocal_blks_dirtied: 0\u001b[K\u001b[17;61H\u001b[16X\u001b[16Clocal_blks_written: 0\u001b[K\u001b[18;61H\u001b[16X\u001b[16Ctemp_blks_read: 0\u001b[K\u001b[19;61H\u001b[16X\u001b[16Ctemp_blks_written: 0\u001b[K\u001b[20;61H\u001b[16X\u001b[16Cblk_read_time: 0:00:00\u001b[K\u001b[21;61H\u001b[16X\u001b[16Cblk_write_time: 0:00:00\u001b[K\u001b[22;61H\u001b[16X\u001b[16Ctemp_blk_read_time: 0:00:00\u001b[K\u001b[23;61H\u001b[16X\u001b[16Ctemp_blk_write_time: 0:00:00\u001b[K\u001b[24;61H\u001b[8X\u001b[8Cwal_usage: \u001b[K\u001b[25;61H\u001b[16X\u001b[16Cwal_records: 0\u001b[K"]
[87.926507, "o", "\u001b[26;61H\u001b[16X\u001b[16Cwal_fpi: 0\u001b[K\u001b[27;61H\u001b[16X\u001b[16Cwal_bytes: 0\u001b[K\u001b[28;61H^C\u001b[1m\u001b[7m%\u001b(B\u001b[m                                                                                               \u001b[29;61H╭─\u001b[40m \u001b[93mro@aivenlaptop \u001b[30m\u001b[44m /tmp \u001b[49m\u001b[34m\u001b[39m \u001b[48X\u001b[30m\u001b[48C\u001b[32m\u001b[40m ✔\u001b[39m \u001b[38;5;244m\u001b[30m\u001b[48;5;244m 5022 \u001b[37m\u001b[30m\u001b[47m 16:05:44 \u001b[39m\u001b[49m\u001b[K\u001b[30;61H╰─ \u001b[32m\u001b[4msudo\u001b(B\u001b[m \u001b[32mpgtrace_queries\u001b[39m 72354 -I ALL -n\u001b[K\u001b[31;61HWARNING: not using a gdb index... We will need to build a full index first\u001b[K\u001b[32;61HLoading naive index from /root/.cache/pgtracer/1a0f44fa3852966943959eb2c0b8884fcfb9b47c.pgtracerid\u001b[33;61Hx\u001b[K\u001b[34;61HStarting eBPF collector...\u001b[K\u001b[35;61HeBPF collector started\u001b[K\u001b[36;61HCurrently running:\u001b[K\u001b[37;61Hselect count(*) from pg_class;\u001b[K\u001b[38;61HAgg (cost=15.32..15.33 rows=1 width=8) (actual time=0.000...0.000 rows=0 loops=0)\u001b[K\u001b[39;61H\u001b[K\u001b[?12l\u001b[?25h\u001b[24;6H"]
[88.928218, "o", "\u001b[?25l\u001b[1;61H\u001b[8X\u001b[8Cstartup_cost: 15.322500000000002\u001b[K\u001b[2;61H\u001b[8X\u001b[8Ctotal_cost: 15.332500000000001\u001b[K\u001b[3;61H\u001b[8X\u001b[8Cplan_rows: 1.0\u001b[K\u001b[4;61H\u001b[8X\u001b[8Cruntime: 0:00:00.001515\u001b[K\u001b[5;61H\u001b[8X\u001b[8Cwritten_bytes_to_disk: 0\u001b[K\u001b[6;61H\u001b[8X\u001b[8Cshared_buffers_hitratio: 100.00\u001b[K\u001b[7;61H\u001b[8X\u001b[8Csyscache_hitratio: None\u001b[K\u001b[8;61H\u001b[8X\u001b[8Cbuffer_usage: \u001b[K\u001b[9;61H\u001b[16X\u001b[16Cshared_blks_hit: 2\u001b[K\u001b[10;61H\u001b[16X\u001b[16Cshared_blks_read: 0\u001b[K\u001b[11;61H\u001b[16X\u001b[16Cshared_blks_dirtied: 0\u001b[K\u001b[12;61H\u001b[16X\u001b[16Cshared_blks_written: 0\u001b[K\u001b[13;61H\u001b[16X\u001b[16Clocal_blks_hit: 0\u001b[K\u001b[14;61H\u001b[16X\u001b[16Clocal_blks_read: 0\u001b[K\u001b[15;61H\u001b[16X\u001b[16Clocal_blks_dirtied: 0\u001b[K\u001b[16;61H\u001b[16X\u001b[16Clocal_blks_written: 0\u001b[K\u001b[17;61H\u001b[16X\u001b[16Ctemp_blks_read: 0\u001b[K\u001b[18;61H\u001b[16X\u001b[16Ctemp_blks_written: 0\u001b[K\u001b[19;61H\u001b[16X\u001b[16Cblk_read_time: 0:00:00\u001b[K\u001b[20;61H\u001b[16X\u001b[16Cblk_write_time: 0:00:00\u001b[K\u001b[21;61H\u001b[16X\u001b[16Ctemp_blk_read_time: 0:00:00\u001b[K\u001b[22;61H\u001b[16X\u001b[16Ctemp_blk_write_time: 0:00:00\u001b[K\u001b[23;61H\u001b[8X\u001b[8Cwal_usage: \u001b[K\u001b[24;61H\u001b[16X\u001b[16Cwal_records: 0\u001b[K\u001b[25;61H\u001b[16X\u001b[16Cwal_fpi: 0\u001b["]
[88.928293, "o", "K\u001b[26;61H\u001b[16X\u001b[16Cwal_bytes: 0\u001b[K\u001b[27;61H^C\u001b[1m\u001b[7m%\u001b(B\u001b[m                                                                                               \u001b[28;61H╭─\u001b[40m \u001b[93mro@aivenlaptop \u001b[30m\u001b[44m /tmp \u001b[49m\u001b[34m\u001b[39m \u001b[48X\u001b[30m\u001b[48C\u001b[32m\u001b[40m ✔\u001b[39m \u001b[38;5;244m\u001b[30m\u001b[48;5;244m 5022 \u001b[37m\u001b[30m\u001b[47m 16:05:44 \u001b[39m\u001b[49m\u001b[K\u001b[29;61H╰─ \u001b[32m\u001b[4msudo\u001b(B\u001b[m \u001b[32mpgtrace_queries\u001b[39m 72354 -I ALL -n\u001b[K\u001b[30;61HWARNING: not using a gdb index... We will need to build a full index first\u001b[K\u001b[31;61HLoading naive index from /root/.cache/pgtracer/1a0f44fa3852966943959eb2c0b8884fcfb9b47c.pgtracerid\u001b[32;61Hx\u001b[K\u001b[33;61HStarting eBPF collector...\u001b[K\u001b[34;61HeBPF collector started\u001b[K\u001b[35;61HCurrently running:\u001b[K\u001b[36;61Hselect count(*) from pg_class;\u001b[K\u001b[37;61HAgg (cost=15.32..15.33 rows=1 width=8) (actual time=0.000...0.000 rows=0 loops=0)\u001b[K\u001b[38;61Hselect count(*) from pg_class;\u001b[K\u001b[39;61H\u001b[K\u001b[?12l\u001b[?25h\u001b[24;6H"]
[88.928633, "o", "\u001b[?25l\u001b[1;61H╰─ \u001b[32m\u001b[4msudo\u001b(B\u001b[m \u001b[32mpgtrace_queries\u001b[39m 72354 -I ALL -n\u001b[K\u001b[2;61HWARNING: not using a gdb index... We will need to build a full index first\u001b[K\u001b[3;61HLoading naive index from /root/.cache/pgtracer/1a0f44fa3852966943959eb2c0b8884fcfb9b47c.pgtracerid\u001b[4;61Hx\u001b[K\u001b[5;61HStarting eBPF collector...\u001b[K\u001b[6;61HeBPF collector started\u001b[K\u001b[7;61HCurrently running:\u001b[K\u001b[8;61Hselect count(*) from pg_class;\u001b[K\u001b[9;61HAgg (cost=15.32..15.33 rows=1 width=8) (actual time=0.000...0.000 rows=0 loops=0)\u001b[K\u001b[10;61Hselect count(*) from pg_class;\u001b[K\u001b[11;61H\u001b[8X\u001b[8Csearch_path: \"$user\", public\u001b[K\u001b[12;61H\u001b[8X\u001b[8Cquery_id: 0\u001b[K\u001b[13;61H\u001b[8X\u001b[8Cstartup_cost: 15.322500000000002\u001b[K\u001b[14;61H\u001b[8X\u001b[8Ctotal_cost: 15.332500000000001\u001b[K\u001b[15;61H\u001b[8X\u001b[8Cplan_rows: 1.0\u001b[K\u001b[16;61H\u001b[8X\u001b[8Cruntime: 0:00:00.001337\u001b[K\u001b[17;61H\u001b[8X\u001b[8Cwritten_bytes_to_disk: 0\u001b[K\u001b[18;61H\u001b[8X\u001b[8Cshared_buffers_hitratio: 100.00\u001b[K\u001b[19;61H\u001b[8X\u001b[8Csyscache_hitratio: None\u001b[K\u001b[20;61H\u001b[8X\u001b[8Cbuffer_usage: \u001b[K\u001b[21;61H\u001b[16X\u001b[16Cshared_blks_hit: 2\u001b[K\u001b[22;61H\u001b[16X"]
[88.928673, "o", "\u001b[16Cshared_blks_read: 0\u001b[K\u001b[23;61H\u001b[16X\u001b[16Cshared_blks_dirtied: 0\u001b[K\u001b[24;61H\u001b[16X\u001b[16Cshared_blks_written: 0\u001b[K\u001b[25;61H\u001b[16X\u001b[16Clocal_blks_hit: 0\u001b[K\u001b[26;61H\u001b[16X\u001b[16Clocal_blks_read: 0\u001b[K\u001b[27;61H\u001b[16X\u001b[16Clocal_blks_dirtied: 0\u001b[K\u001b[28;61H\u001b[16X\u001b[16Clocal_blks_written: 0\u001b[K\u001b[29;61H\u001b[16X\u001b[16Ctemp_blks_read: 0\u001b[K\u001b[30;61H\u001b[16X\u001b[16Ctemp_blks_written: 0\u001b[K\u001b[31;61H\u001b[16X\u001b[16Cblk_read_time: 0:00:00\u001b[K\u001b[32;61H\u001b[16X\u001b[16Cblk_write_time: 0:00:00\u001b[K\u001b[33;61H\u001b[16X\u001b[16Ctemp_blk_read_time: 0:00:00\u001b[K\u001b[34;61H\u001b[16X\u001b[16Ctemp_blk_write_time: 0:00:00\u001b[K\u001b[35;61H\u001b[8X\u001b[8Cwal_usage: \u001b[K\u001b[36;61H\u001b[16X\u001b[16Cwal_records: 0\u001b[K\u001b[37;61H\u001b[16X\u001b[16Cwal_fpi: 0\u001b[K\u001b[38;61H\u001b[16X\u001b[16Cwal_bytes: 0\u001b[K\u001b[39;61H\u001b[K\u001b[?12l\u001b[?25h\u001b[24;6H"]
[88.929273, "o", "\u001b[?25l\u001b[1;61HeBPF collector started\u001b[K\u001b[2;61HCurrently running:\u001b[K\u001b[3;61Hselect count(*) from pg_class;\u001b[K\u001b[4;61HAgg (cost=15.32..15.33 rows=1 width=8) (actual time=0.000...0.000 rows=0 loops=0)\u001b[K\u001b[5;61Hselect count(*) from pg_class;\u001b[K\u001b[6;61H\u001b[8X\u001b[8Csearch_path: \"$user\", public\u001b[K\u001b[7;61H\u001b[8X\u001b[8Cquery_id: 0\u001b[K\u001b[8;61H\u001b[8X\u001b[8Cstartup_cost: 15.322500000000002\u001b[K\u001b[9;61H\u001b[8X\u001b[8Ctotal_cost: 15.332500000000001\u001b[K\u001b[10;61H\u001b[8X\u001b[8Cplan_rows: 1.0\u001b[K\u001b[11;61H\u001b[8X\u001b[8Cruntime: 0:00:00.001337\u001b[K\u001b[12;61H\u001b[8X\u001b[8Cwritten_bytes_to_disk: 0\u001b[K\u001b[13;61H\u001b[8X\u001b[8Cshared_buffers_hitratio: 100.00\u001b[K\u001b[14;61H\u001b[8X\u001b[8Csyscache_hitratio: None\u001b[K\u001b[15;61H\u001b[8X\u001b[8Cbuffer_usage: \u001b[K\u001b[16;61H\u001b[16X\u001b[16Cshared_blks_hit: 2\u001b[K\u001b[17;61H\u001b[16X\u001b[16Cshared_blks_read: 0\u001b[K\u001b[18;61H\u001b[16X\u001b[16Cshared_blks_dirtied: 0\u001b[K\u001b[19;61H\u001b[16X\u001b[16Cshared_blks_written: 0\u001b[K\u001b[20;61H\u001b[16X\u001b[16Clocal_blks_hit: 0\u001b[K\u001b[21;61H\u001b[16X\u001b[16Clocal_blks_read: 0\u001b[K\u001b[22;61H\u001b[16X\u001b[16Clocal_blks_dirtied: 0\u001b[K\u001b[23;61H\u001b[16X\u001b[16Clocal_blks_written: 0\u001b[K\u001b[24;61H\u001b[16X\u001b[16Ctemp_blks_read: 0\u001b[K\u001b[25;61"]
[88.929312, "o", "H\u001b[16X\u001b[16Ctemp_blks_written: 0\u001b[K\u001b[26;61H\u001b[16X\u001b[16Cblk_read_time: 0:00:00\u001b[K\u001b[27;61H\u001b[16X\u001b[16Cblk_write_time: 0:00:00\u001b[K\u001b[28;61H\u001b[16X\u001b[16Ctemp_blk_read_time: 0:00:00\u001b[K\u001b[29;61H\u001b[16X\u001b[16Ctemp_blk_write_time: 0:00:00\u001b[K\u001b[30;61H\u001b[8X\u001b[8Cwal_usage: \u001b[K\u001b[31;61H\u001b[16X\u001b[16Cwal_records: 0\u001b[K\u001b[32;61H\u001b[16X\u001b[16Cwal_fpi: 0\u001b[K\u001b[33;61H\u001b[16X\u001b[16Cwal_bytes: 0\u001b[K\u001b[34;61HAgg (cost=15.32..15.33 rows=1 width=8) (actual time=1.332...1.337 rows=1 loops=1)\u001b[K\u001b[35;61H\u001b[8X\u001b[8CBuffers: shared_blks_hit=2\u001b[K\u001b[36;61H\u001b[8X\u001b[8C-> IndexOnlyScan (cost=0.15..14.30 rows=410 width=0) (actual time=0.057...0.701 rows=410 l\u001b[37;61Hoops=1)\u001b[K\u001b[38;61H\u001b[16X\u001b[16CBuffers: shared_blks_hit=2\u001b[K\u001b[39;61H\u001b[K\u001b[?12l\u001b[?25h\u001b[24;6H"]
[91.28085, "o", "\u001b[?25l\u001b[30m\u001b[42m\u001b[40;1H[0] 0:psql*                                                                                                                           \"psql\" 16:06 14-févr.-23\u001b(B\u001b[m\u001b[?12l\u001b[?25h\u001b[24;6H"]
[93.602964, "o", "select count(*) from pg_class;"]
[94.074553, "o", "\u001b[6G"]
[94.435185, "o", "\u001b[?25l\rro=> \u001b[1X\u001b[Cselect count(*) from pg_class;\u001b[23X\u001b[6Ge\u001b[?12l\u001b[?25h"]
[94.707052, "o", "\u001b[?25l\rro=> e\u001b[1X\u001b[Cselect count(*) from pg_class;\u001b[22X\u001b[7Gx\u001b[?12l\u001b[?25h"]
[94.907134, "o", "\u001b[?25l\rro=> ex\u001b[1X\u001b[Cselect count(*) from pg_class;\u001b[21X\u001b[8Gp\u001b[?12l\u001b[?25h"]
[95.010674, "o", "\u001b[?25l\rro=> exp\u001b[1X\u001b[Cselect count(*) from pg_class;\u001b[20X\u001b[9Gl\u001b[?12l\u001b[?25h"]
[95.155195, "o", "\u001b[?25l\rro=> expl\u001b[1X\u001b[Cselect count(*) from pg_class;\u001b[19X\u001b[10Ga\u001b[?12l\u001b[?25h"]
[95.315371, "o", "\u001b[?25l\rro=> expla\u001b[1X\u001b[Cselect count(*) from pg_class;\u001b[18X\u001b[11Gi\u001b[?12l\u001b[?25h"]
[95.386876, "o", "\u001b[?25l\rro=> explai\u001b[1X\u001b[Cselect count(*) from pg_class;\u001b[17X\u001b[12Gn\u001b[?12l\u001b[?25h"]
[95.483037, "o", "\u001b[?25l\rro=> explain\u001b[1X\u001b[Cselect count(*) from pg_class;\u001b[16X\u001b[13G \u001b[?12l\u001b[?25h"]
[96.355392, "o", "\r\n\u001b[?2004l"]
[96.360507, "o", "                                                   QUERY PL\r\nAN                                                   \r\n-----------------------------------------------------------\r\n-----------------------------------------------------\r\n Aggregate  (cost=15.32..15.33 rows=1 width=8)\r\n   ->  Index Only Scan using pg_class_tblspc_relfilenode_in\r\ndex on pg_class  (cost=0.15..14.30 rows=410 width=0)\r\n(2 lignes)\u001b[34;1H"]
[96.360812, "o", "ro=> \u001b[?2004h"]
[109.331384, "o", "explain select count(*) from pg_class;"]
[109.859201, "o", "\u001b[6G"]
[110.011706, "o", "\u001b[C"]
[110.612638, "o", "\u001b[C"]
[110.652538, "o", "\u001b[C"]
[110.692657, "o", "\u001b[C"]
[110.733238, "o", "\u001b[C"]
[110.773562, "o", "\u001b[C"]
[110.81377, "o", "\u001b[C"]
[110.854452, "o", "\u001b[C"]
[110.894845, "o", "\u001b[C"]
[111.443179, "o", "\b"]
[112.090297, "o", "\u001b[?25l\rro=> select count(*) from pg_class;\u001b[24X\u001b[6G\u001b[?12l\u001b[?25h"]
[114.714557, "o", "^C\r\nro=> "]
[115.323208, "o", "\r(reverse-i-search)`': "]
[115.619061, "o", "\u001b[3Ds': explain select count(*) from pg_clas\r\n\u001b[7ms\u001b(B\u001b[m;\r"]
[115.842606, "o", "\u001b[35;21Hl': select pg_\u001b[7msl\u001b(B\u001b[meep(0.01) from pg_class\r\n join pg_attribute on pg_class.oid = pg_attribute.attrelid;\r\n \u001b[35;35H"]
[115.979317, "o", "\u001b[13De': select pg_\u001b[7msle\u001b(B\u001b[mep(0.01) from pg_clas\r\ns join pg_attribute on pg_class.oid = pg_attribute.attrelid\r\n;\u001b[35;36H"]
[116.31527, "o", "\u001b[2Gfailed reverse-i-search)`slep': select pg_sleep(0.01) from\r\n pg_class join pg_attribute on pg_class.oid = pg_attribute.\r\nattrelid;\u001b[35;44H"]
[117.290381, "o", "\rro=> select pg_sleep(0.01) from pg_class join pg_attribute \r\no\u001b[?25l\rotribute on pg_class.oid = pg_attribute.\u001b[19X\u001b[2Gn pg_class.oid = pg_attribute.attrelid;\u001b[37;59H\u001b[1K\u001b[36;41H\u001b[?12l\u001b[?25h"]
[117.987256, "o", " "]
[118.482856, "o", "\b\u001b[19X"]
[128.371686, "o", "\u001b[?25l\u001b[1;60H│\u001b[2;60H│\u001b[3;60H│\u001b[4;60H│\u001b[5;60H│\u001b[6;60H│\u001b[7;60H│\u001b[8;60H│\u001b[9;60H│\u001b[10;60H│\u001b[11;60H│\u001b[12;60H│\u001b[13;60H│\u001b[14;60H│\u001b[15;60H│\u001b[16;60H│\u001b[17;60H│\u001b[18;60H│\u001b[19;60H│\u001b[20;60H│\u001b[21;60H\u001b[32m│\u001b[22;60H│\u001b[23;60H│\u001b[24;60H│\u001b[25;60H│\u001b[26;60H│\u001b[27;60H│\u001b[28;60H│\u001b[29;60H│\u001b[30;60H│\u001b[31;60H│\u001b[32;60H│\u001b[33;60H│\u001b[34;60H│\u001b[35;60H│\u001b[36;60H│\u001b[37;60H│\u001b[38;60H│\u001b[39;60H│\u001b(B\u001b[m\u001b[30m\u001b[42m\r\n[0] 0:psql*                                                                                                           \"sudo pgtrace_queries \" 16:06 14-févr.-2\u001b(B\u001b[m\u001b[?12l\u001b[?25h\u001b[39;61H\u001b[?2004l"]
[128.372243, "o", "\u001b[?25l\u001b[1;60H│\u001b[2;60H│\u001b[3;60H│\u001b[4;60H│\u001b[5;60H│\u001b[6;60H│\u001b[7;60H│\u001b[8;60H│\u001b[9;60H│\u001b[10;60H│\u001b[11;60H│\u001b[12;60H│\u001b[13;60H│\u001b[14;60H│\u001b[15;60H│\u001b[16;60H│\u001b[17;60H│\u001b[18;60H│\u001b[19;60H│\u001b[20;60H│\u001b[21;60H\u001b[32m│\u001b[22;60H│\u001b[23;60H│\u001b[24;60H│\u001b[25;60H│\u001b[26;60H│\u001b[27;60H│\u001b[28;60H│\u001b[29;60H│\u001b[30;60H│\u001b[31;60H│\u001b[32;60H│\u001b[33;60H│\u001b[34;60H│\u001b[35;60H│\u001b[36;60H│\u001b[37;60H│\u001b[38;60H│\u001b[39;60H│\u001b(B\u001b[m\u001b[30m\u001b[42m\r\n[0] 0:sudo*                                                                                                           \"sudo pgtrace_queries \" 16:06 14-févr.-2\u001b(B\u001b[m\u001b[?12l\u001b[?25h\u001b[39;61H"]
[128.891158, "o", "\u001b[?25l\u001b[1dCurrently running:\u001b[K\u001b[2;61Hselect count(*) from pg_class;\u001b[K\u001b[3;61HAgg (cost=15.32..15.33 rows=1 width=8) (actual time=0.000...0.000 rows=0 loops=0)\u001b[K\u001b[4;61Hselect count(*) from pg_class;\u001b[K\u001b[5;61H\u001b[8X\u001b[8Csearch_path: \"$user\", public\u001b[K\u001b[6;61H\u001b[8X\u001b[8Cquery_id: 0\u001b[K\u001b[7;61H\u001b[8X\u001b[8Cstartup_cost: 15.322500000000002\u001b[K\u001b[8;61H\u001b[8X\u001b[8Ctotal_cost: 15.332500000000001\u001b[K\u001b[9;61H\u001b[8X\u001b[8Cplan_rows: 1.0\u001b[K\u001b[10;61H\u001b[8X\u001b[8Cruntime: 0:00:00.001337\u001b[K\u001b[11;61H\u001b[8X\u001b[8Cwritten_bytes_to_disk: 0\u001b[K\u001b[12;61H\u001b[8X\u001b[8Cshared_buffers_hitratio: 100.00\u001b[K\u001b[13;61H\u001b[8X\u001b[8Csyscache_hitratio: None\u001b[K\u001b[14;61H\u001b[8X\u001b[8Cbuffer_usage: \u001b[K\u001b[15;61H\u001b[16X\u001b[16Cshared_blks_hit: 2\u001b[K\u001b[16;61H\u001b[16X\u001b[16Cshared_blks_read: 0\u001b[K\u001b[17;61H\u001b[16X\u001b[16Cshared_blks_dirtied: 0\u001b[K\u001b[18;61H\u001b[16X\u001b[16Cshared_blks_written: 0\u001b[K\u001b[19;61H\u001b[16X\u001b[16Clocal_blks_hit: 0\u001b[K\u001b[20;61H\u001b[16X\u001b[16Clocal_blks_read: 0\u001b[K\u001b[21;61H\u001b[16X\u001b[16Clocal_blks_dirtied: 0\u001b[K\u001b[22;61H\u001b[16X\u001b[16Clocal_blks_written: 0\u001b[K\u001b[23;61H\u001b[16X\u001b[16Ctemp_blks_read: 0\u001b[K\u001b[24;61H\u001b[16X\u001b[16Ctemp_blks_written: 0\u001b[K\u001b["]
[128.891224, "o", "25;61H\u001b[16X\u001b[16Cblk_read_time: 0:00:00\u001b[K\u001b[26;61H\u001b[16X\u001b[16Cblk_write_time: 0:00:00\u001b[K\u001b[27;61H\u001b[16X\u001b[16Ctemp_blk_read_time: 0:00:00\u001b[K\u001b[28;61H\u001b[16X\u001b[16Ctemp_blk_write_time: 0:00:00\u001b[K\u001b[29;61H\u001b[8X\u001b[8Cwal_usage: \u001b[K\u001b[30;61H\u001b[16X\u001b[16Cwal_records: 0\u001b[K\u001b[31;61H\u001b[16X\u001b[16Cwal_fpi: 0\u001b[K\u001b[32;61H\u001b[16X\u001b[16Cwal_bytes: 0\u001b[K\u001b[33;61HAgg (cost=15.32..15.33 rows=1 width=8) (actual time=1.332...1.337 rows=1 loops=1)\u001b[K\u001b[34;61H\u001b[8X\u001b[8CBuffers: shared_blks_hit=2\u001b[K\u001b[35;61H\u001b[8X\u001b[8C-> IndexOnlyScan (cost=0.15..14.30 rows=410 width=0) (actual time=0.057...0.701 rows=410 l\u001b[36;61Hoops=1)\u001b[K\u001b[37;61H\u001b[16X\u001b[16CBuffers: shared_blks_hit=2\u001b[K\u001b[38;61H\u001b[K\n\u001b[K\u001b[?12l\u001b[?25h"]
[129.067122, "o", "\u001b[?25l\u001b[1dselect count(*) from pg_class;\u001b[K\u001b[2;61HAgg (cost=15.32..15.33 rows=1 width=8) (actual time=0.000...0.000 rows=0 loops=0)\u001b[K\u001b[3;61Hselect count(*) from pg_class;\u001b[K\u001b[4;61H\u001b[8X\u001b[8Csearch_path: \"$user\", public\u001b[K\u001b[5;61H\u001b[8X\u001b[8Cquery_id: 0\u001b[K\u001b[6;61H\u001b[8X\u001b[8Cstartup_cost: 15.322500000000002\u001b[K\u001b[7;61H\u001b[8X\u001b[8Ctotal_cost: 15.332500000000001\u001b[K\u001b[8;61H\u001b[8X\u001b[8Cplan_rows: 1.0\u001b[K\u001b[9;61H\u001b[8X\u001b[8Cruntime: 0:00:00.001337\u001b[K\u001b[10;61H\u001b[8X\u001b[8Cwritten_bytes_to_disk: 0\u001b[K\u001b[11;61H\u001b[8X\u001b[8Cshared_buffers_hitratio: 100.00\u001b[K\u001b[12;61H\u001b[8X\u001b[8Csyscache_hitratio: None\u001b[K\u001b[13;61H\u001b[8X\u001b[8Cbuffer_usage: \u001b[K\u001b[14;61H\u001b[16X\u001b[16Cshared_blks_hit: 2\u001b[K\u001b[15;61H\u001b[16X\u001b[16Cshared_blks_read: 0\u001b[K\u001b[16;61H\u001b[16X\u001b[16Cshared_blks_dirtied: 0\u001b[K\u001b[17;61H\u001b[16X\u001b[16Cshared_blks_written: 0\u001b[K\u001b[18;61H\u001b[16X\u001b[16Clocal_blks_hit: 0\u001b[K\u001b[19;61H\u001b[16X\u001b[16Clocal_blks_read: 0\u001b[K\u001b[20;61H\u001b[16X\u001b[16Clocal_blks_dirtied: 0\u001b[K\u001b[21;61H\u001b[16X\u001b[16Clocal_blks_written: 0\u001b[K\u001b[22;61H\u001b[16X\u001b[16Ctemp_blks_read: 0\u001b[K\u001b[23;61H\u001b[16X\u001b[16Ctemp_blks_written: 0\u001b[K\u001b[24;61H\u001b[16X\u001b[16Cblk_read_time"]
[129.067184, "o", ": 0:00:00\u001b[K\u001b[25;61H\u001b[16X\u001b[16Cblk_write_time: 0:00:00\u001b[K\u001b[26;61H\u001b[16X\u001b[16Ctemp_blk_read_time: 0:00:00\u001b[K\u001b[27;61H\u001b[16X\u001b[16Ctemp_blk_write_time: 0:00:00\u001b[K\u001b[28;61H\u001b[8X\u001b[8Cwal_usage: \u001b[K\u001b[29;61H\u001b[16X\u001b[16Cwal_records: 0\u001b[K\u001b[30;61H\u001b[16X\u001b[16Cwal_fpi: 0\u001b[K\u001b[31;61H\u001b[16X\u001b[16Cwal_bytes: 0\u001b[K\u001b[32;61HAgg (cost=15.32..15.33 rows=1 width=8) (actual time=1.332...1.337 rows=1 loops=1)\u001b[K\u001b[33;61H\u001b[8X\u001b[8CBuffers: shared_blks_hit=2\u001b[K\u001b[34;61H\u001b[8X\u001b[8C-> IndexOnlyScan (cost=0.15..14.30 rows=410 width=0) (actual time=0.057...0.701 rows=410 l\u001b[35;61Hoops=1)\u001b[K\u001b[36;61H\u001b[16X\u001b[16CBuffers: shared_blks_hit=2\u001b[K\u001b[37;61H\u001b[K\n\u001b[K\n\u001b[K\u001b[?12l\u001b[?25h"]
[129.210861, "o", "\u001b[?25l\u001b[1dAgg (cost=15.32..15.33 rows=1 width=8) (actual time=0.000...0.000 rows=0 loops=0)\u001b[K\u001b[2;61Hselect count(*) from pg_class;\u001b[K\u001b[3;61H\u001b[8X\u001b[8Csearch_path: \"$user\", public\u001b[K\u001b[4;61H\u001b[8X\u001b[8Cquery_id: 0\u001b[K\u001b[5;61H\u001b[8X\u001b[8Cstartup_cost: 15.322500000000002\u001b[K\u001b[6;61H\u001b[8X\u001b[8Ctotal_cost: 15.332500000000001\u001b[K\u001b[7;61H\u001b[8X\u001b[8Cplan_rows: 1.0\u001b[K\u001b[8;61H\u001b[8X\u001b[8Cruntime: 0:00:00.001337\u001b[K\u001b[9;61H\u001b[8X\u001b[8Cwritten_bytes_to_disk: 0\u001b[K\u001b[10;61H\u001b[8X\u001b[8Cshared_buffers_hitratio: 100.00\u001b[K\u001b[11;61H\u001b[8X\u001b[8Csyscache_hitratio: None\u001b[K\u001b[12;61H\u001b[8X\u001b[8Cbuffer_usage: \u001b[K\u001b[13;61H\u001b[16X\u001b[16Cshared_blks_hit: 2\u001b[K\u001b[14;61H\u001b[16X\u001b[16Cshared_blks_read: 0\u001b[K\u001b[15;61H\u001b[16X\u001b[16Cshared_blks_dirtied: 0\u001b[K\u001b[16;61H\u001b[16X\u001b[16Cshared_blks_written: 0\u001b[K\u001b[17;61H\u001b[16X\u001b[16Clocal_blks_hit: 0\u001b[K\u001b[18;61H\u001b[16X\u001b[16Clocal_blks_read: 0\u001b[K\u001b[19;61H\u001b[16X\u001b[16Clocal_blks_dirtied: 0\u001b[K\u001b[20;61H\u001b[16X\u001b[16Clocal_blks_written: 0\u001b[K\u001b[21;61H\u001b[16X\u001b[16Ctemp_blks_read: 0\u001b[K\u001b[22;61H\u001b[16X\u001b[16Ctemp_blks_written: 0\u001b[K\u001b[23;61H\u001b[16X\u001b[16Cblk_read_time: 0:00:00\u001b[K\u001b[24;61H\u001b[16X\u001b[16Cblk_write_t"]
[129.210924, "o", "ime: 0:00:00\u001b[K\u001b[25;61H\u001b[16X\u001b[16Ctemp_blk_read_time: 0:00:00\u001b[K\u001b[26;61H\u001b[16X\u001b[16Ctemp_blk_write_time: 0:00:00\u001b[K\u001b[27;61H\u001b[8X\u001b[8Cwal_usage: \u001b[K\u001b[28;61H\u001b[16X\u001b[16Cwal_records: 0\u001b[K\u001b[29;61H\u001b[16X\u001b[16Cwal_fpi: 0\u001b[K\u001b[30;61H\u001b[16X\u001b[16Cwal_bytes: 0\u001b[K\u001b[31;61HAgg (cost=15.32..15.33 rows=1 width=8) (actual time=1.332...1.337 rows=1 loops=1)\u001b[K\u001b[32;61H\u001b[8X\u001b[8CBuffers: shared_blks_hit=2\u001b[K\u001b[33;61H\u001b[8X\u001b[8C-> IndexOnlyScan (cost=0.15..14.30 rows=410 width=0) (actual time=0.057...0.701 rows=410 l\u001b[34;61Hoops=1)\u001b[K\u001b[35;61H\u001b[16X\u001b[16CBuffers: shared_blks_hit=2\u001b[K\u001b[36;61H\u001b[K\n\u001b[K\n\u001b[K\n\u001b[K\u001b[?12l\u001b[?25h"]
[129.3632, "o", "\u001b[?25l\u001b[1dselect count(*) from pg_class;\u001b[K\u001b[2;61H\u001b[8X\u001b[8Csearch_path: \"$user\", public\u001b[K\u001b[3;61H\u001b[8X\u001b[8Cquery_id: 0\u001b[K\u001b[4;61H\u001b[8X\u001b[8Cstartup_cost: 15.322500000000002\u001b[K\u001b[5;61H\u001b[8X\u001b[8Ctotal_cost: 15.332500000000001\u001b[K\u001b[6;61H\u001b[8X\u001b[8Cplan_rows: 1.0\u001b[K\u001b[7;61H\u001b[8X\u001b[8Cruntime: 0:00:00.001337\u001b[K\u001b[8;61H\u001b[8X\u001b[8Cwritten_bytes_to_disk: 0\u001b[K\u001b[9;61H\u001b[8X\u001b[8Cshared_buffers_hitratio: 100.00\u001b[K\u001b[10;61H\u001b[8X\u001b[8Csyscache_hitratio: None\u001b[K\u001b[11;61H\u001b[8X\u001b[8Cbuffer_usage: \u001b[K\u001b[12;61H\u001b[16X\u001b[16Cshared_blks_hit: 2\u001b[K\u001b[13;61H\u001b[16X\u001b[16Cshared_blks_read: 0\u001b[K\u001b[14;61H\u001b[16X\u001b[16Cshared_blks_dirtied: 0\u001b[K\u001b[15;61H\u001b[16X\u001b[16Cshared_blks_written: 0\u001b[K\u001b[16;61H\u001b[16X\u001b[16Clocal_blks_hit: 0\u001b[K\u001b[17;61H\u001b[16X\u001b[16Clocal_blks_read: 0\u001b[K\u001b[18;61H\u001b[16X\u001b[16Clocal_blks_dirtied: 0\u001b[K\u001b[19;61H\u001b[16X\u001b[16Clocal_blks_written: 0\u001b[K\u001b[20;61H\u001b[16X\u001b[16Ctemp_blks_read: 0\u001b[K\u001b[21;61H\u001b[16X\u001b[16Ctemp_blks_written: 0\u001b[K\u001b[22;61H\u001b[16X\u001b[16Cblk_read_time: 0:00:00\u001b[K\u001b[23;61H\u001b[16X\u001b[16Cblk_write_time: 0:00:00\u001b[K\u001b[24;61H\u001b[16X\u001b[16Ctemp_blk_read_time: 0:00:00\u001b[K\u001b[25;61H\u001b[16X\u001b[16Ctemp_blk_wr"]
[129.363263, "o", "ite_time: 0:00:00\u001b[K\u001b[26;61H\u001b[8X\u001b[8Cwal_usage: \u001b[K\u001b[27;61H\u001b[16X\u001b[16Cwal_records: 0\u001b[K\u001b[28;61H\u001b[16X\u001b[16Cwal_fpi: 0\u001b[K\u001b[29;61H\u001b[16X\u001b[16Cwal_bytes: 0\u001b[K\u001b[30;61HAgg (cost=15.32..15.33 rows=1 width=8) (actual time=1.332...1.337 rows=1 loops=1)\u001b[K\u001b[31;61H\u001b[8X\u001b[8CBuffers: shared_blks_hit=2\u001b[K\u001b[32;61H\u001b[8X\u001b[8C-> IndexOnlyScan (cost=0.15..14.30 rows=410 width=0) (actual time=0.057...0.701 rows=410 l\u001b[33;61Hoops=1)\u001b[K\u001b[34;61H\u001b[16X\u001b[16CBuffers: shared_blks_hit=2\u001b[K\u001b[35;61H\u001b[K\n\u001b[K\n\u001b[K\n\u001b[K\n\u001b[K\u001b[?12l\u001b[?25h"]
[129.490814, "o", "\u001b[?25l\u001b[1d\u001b[8X\u001b[8Csearch_path: \"$user\", public\u001b[K\u001b[2;61H\u001b[8X\u001b[8Cquery_id: 0\u001b[K\u001b[3;61H\u001b[8X\u001b[8Cstartup_cost: 15.322500000000002\u001b[K\u001b[4;61H\u001b[8X\u001b[8Ctotal_cost: 15.332500000000001\u001b[K\u001b[5;61H\u001b[8X\u001b[8Cplan_rows: 1.0\u001b[K\u001b[6;61H\u001b[8X\u001b[8Cruntime: 0:00:00.001337\u001b[K\u001b[7;61H\u001b[8X\u001b[8Cwritten_bytes_to_disk: 0\u001b[K\u001b[8;61H\u001b[8X\u001b[8Cshared_buffers_hitratio: 100.00\u001b[K\u001b[9;61H\u001b[8X\u001b[8Csyscache_hitratio: None\u001b[K\u001b[10;61H\u001b[8X\u001b[8Cbuffer_usage: \u001b[K\u001b[11;61H\u001b[16X\u001b[16Cshared_blks_hit: 2\u001b[K\u001b[12;61H\u001b[16X\u001b[16Cshared_blks_read: 0\u001b[K\u001b[13;61H\u001b[16X\u001b[16Cshared_blks_dirtied: 0\u001b[K\u001b[14;61H\u001b[16X\u001b[16Cshared_blks_written: 0\u001b[K\u001b[15;61H\u001b[16X\u001b[16Clocal_blks_hit: 0\u001b[K\u001b[16;61H\u001b[16X\u001b[16Clocal_blks_read: 0\u001b[K\u001b[17;61H\u001b[16X\u001b[16Clocal_blks_dirtied: 0\u001b[K\u001b[18;61H\u001b[16X\u001b[16Clocal_blks_written: 0\u001b[K\u001b[19;61H\u001b[16X\u001b[16Ctemp_blks_read: 0\u001b[K\u001b[20;61H\u001b[16X\u001b[16Ctemp_blks_written: 0\u001b[K\u001b[21;61H\u001b[16X\u001b[16Cblk_read_time: 0:00:00\u001b[K\u001b[22;61H\u001b[16X\u001b[16Cblk_write_time: 0:00:00\u001b[K\u001b[23;61H\u001b[16X\u001b[16Ctemp_blk_read_time: 0:00:00\u001b[K\u001b[24;61H\u001b[16X\u001b[16Ctemp_blk_write_time: 0:00:00\u001b[K\u001b[25;61H\u001b[8X\u001b[8Cwal_u"]
[129.490863, "o", "sage: \u001b[K\u001b[26;61H\u001b[16X\u001b[16Cwal_records: 0\u001b[K\u001b[27;61H\u001b[16X\u001b[16Cwal_fpi: 0\u001b[K\u001b[28;61H\u001b[16X\u001b[16Cwal_bytes: 0\u001b[K\u001b[29;61HAgg (cost=15.32..15.33 rows=1 width=8) (actual time=1.332...1.337 rows=1 loops=1)\u001b[K\u001b[30;61H\u001b[8X\u001b[8CBuffers: shared_blks_hit=2\u001b[K\u001b[31;61H\u001b[8X\u001b[8C-> IndexOnlyScan (cost=0.15..14.30 rows=410 width=0) (actual time=0.057...0.701 rows=410 l\u001b[32;61Hoops=1)\u001b[K\u001b[33;61H\u001b[16X\u001b[16CBuffers: shared_blks_hit=2\u001b[K\u001b[34;61H\u001b[K\n\u001b[K\n\u001b[K\n\u001b[K\n\u001b[K\n\u001b[K\u001b[?12l\u001b[?25h"]
[129.626731, "o", "\u001b[?25l\u001b[1d\u001b[8X\u001b[8Cquery_id: 0\u001b[K\u001b[2;61H\u001b[8X\u001b[8Cstartup_cost: 15.322500000000002\u001b[K\u001b[3;61H\u001b[8X\u001b[8Ctotal_cost: 15.332500000000001\u001b[K\u001b[4;61H\u001b[8X\u001b[8Cplan_rows: 1.0\u001b[K\u001b[5;61H\u001b[8X\u001b[8Cruntime: 0:00:00.001337\u001b[K\u001b[6;61H\u001b[8X\u001b[8Cwritten_bytes_to_disk: 0\u001b[K\u001b[7;61H\u001b[8X\u001b[8Cshared_buffers_hitratio: 100.00\u001b[K\u001b[8;61H\u001b[8X\u001b[8Csyscache_hitratio: None\u001b[K\u001b[9;61H\u001b[8X\u001b[8Cbuffer_usage: \u001b[K\u001b[10;61H\u001b[16X\u001b[16Cshared_blks_hit: 2\u001b[K\u001b[11;61H\u001b[16X\u001b[16Cshared_blks_read: 0\u001b[K\u001b[12;61H\u001b[16X\u001b[16Cshared_blks_dirtied: 0\u001b[K\u001b[13;61H\u001b[16X\u001b[16Cshared_blks_written: 0\u001b[K\u001b[14;61H\u001b[16X\u001b[16Clocal_blks_hit: 0\u001b[K\u001b[15;61H\u001b[16X\u001b[16Clocal_blks_read: 0\u001b[K\u001b[16;61H\u001b[16X\u001b[16Clocal_blks_dirtied: 0\u001b[K\u001b[17;61H\u001b[16X\u001b[16Clocal_blks_written: 0\u001b[K\u001b[18;61H\u001b[16X\u001b[16Ctemp_blks_read: 0\u001b[K\u001b[19;61H\u001b[16X\u001b[16Ctemp_blks_written: 0\u001b[K\u001b[20;61H\u001b[16X\u001b[16Cblk_read_time: 0:00:00\u001b[K\u001b[21;61H\u001b[16X\u001b[16Cblk_write_time: 0:00:00\u001b[K\u001b[22;61H\u001b[16X\u001b[16Ctemp_blk_read_time: 0:00:00\u001b[K\u001b[23;61H\u001b[16X\u001b[16Ctemp_blk_write_time: 0:00:00\u001b[K\u001b[24;61H\u001b[8X\u001b[8Cwal_usage: \u001b[K\u001b[25;61H\u001b[16X\u001b[16Cwal_records: 0\u001b[K\u001b[2"]
[129.626782, "o", "6;61H\u001b[16X\u001b[16Cwal_fpi: 0\u001b[K\u001b[27;61H\u001b[16X\u001b[16Cwal_bytes: 0\u001b[K\u001b[28;61HAgg (cost=15.32..15.33 rows=1 width=8) (actual time=1.332...1.337 rows=1 loops=1)\u001b[K\u001b[29;61H\u001b[8X\u001b[8CBuffers: shared_blks_hit=2\u001b[K\u001b[30;61H\u001b[8X\u001b[8C-> IndexOnlyScan (cost=0.15..14.30 rows=410 width=0) (actual time=0.057...0.701 rows=410 l\u001b[31;61Hoops=1)\u001b[K\u001b[32;61H\u001b[16X\u001b[16CBuffers: shared_blks_hit=2\u001b[K\u001b[33;61H\u001b[K\n\u001b[K\n\u001b[K\n\u001b[K\n\u001b[K\n\u001b[K\n\u001b[K\u001b[?12l\u001b[?25h"]
[129.731277, "o", "\u001b[?25l\u001b[1d\u001b[8X\u001b[8Cstartup_cost: 15.322500000000002\u001b[K\u001b[2;61H\u001b[8X\u001b[8Ctotal_cost: 15.332500000000001\u001b[K\u001b[3;61H\u001b[8X\u001b[8Cplan_rows: 1.0\u001b[K\u001b[4;61H\u001b[8X\u001b[8Cruntime: 0:00:00.001337\u001b[K\u001b[5;61H\u001b[8X\u001b[8Cwritten_bytes_to_disk: 0\u001b[K\u001b[6;61H\u001b[8X\u001b[8Cshared_buffers_hitratio: 100.00\u001b[K\u001b[7;61H\u001b[8X\u001b[8Csyscache_hitratio: None\u001b[K\u001b[8;61H\u001b[8X\u001b[8Cbuffer_usage: \u001b[K\u001b[9;61H\u001b[16X\u001b[16Cshared_blks_hit: 2\u001b[K\u001b[10;61H\u001b[16X\u001b[16Cshared_blks_read: 0\u001b[K\u001b[11;61H\u001b[16X\u001b[16Cshared_blks_dirtied: 0\u001b[K\u001b[12;61H\u001b[16X\u001b[16Cshared_blks_written: 0\u001b[K\u001b[13;61H\u001b[16X\u001b[16Clocal_blks_hit: 0\u001b[K\u001b[14;61H\u001b[16X\u001b[16Clocal_blks_read: 0\u001b[K\u001b[15;61H\u001b[16X\u001b[16Clocal_blks_dirtied: 0\u001b[K\u001b[16;61H\u001b[16X\u001b[16Clocal_blks_written: 0\u001b[K\u001b[17;61H\u001b[16X\u001b[16Ctemp_blks_read: 0\u001b[K\u001b[18;61H\u001b[16X\u001b[16Ctemp_blks_written: 0\u001b[K\u001b[19;61H\u001b[16X\u001b[16Cblk_read_time: 0:00:00\u001b[K\u001b[20;61H\u001b[16X\u001b[16Cblk_write_time: 0:00:00\u001b[K\u001b[21;61H\u001b[16X\u001b[16Ctemp_blk_read_time: 0:00:00\u001b[K\u001b[22;61H\u001b[16X\u001b[16Ctemp_blk_write_time: 0:00:00\u001b[K\u001b[23;61H\u001b[8X\u001b[8Cwal_usage: \u001b[K\u001b[24;61H\u001b[16X\u001b[16Cwal_records: 0\u001b[K\u001b[25;61H\u001b[16X\u001b[16Cwal_fpi: 0\u001b[K\u001b["]
[129.731339, "o", "26;61H\u001b[16X\u001b[16Cwal_bytes: 0\u001b[K\u001b[27;61HAgg (cost=15.32..15.33 rows=1 width=8) (actual time=1.332...1.337 rows=1 loops=1)\u001b[K\u001b[28;61H\u001b[8X\u001b[8CBuffers: shared_blks_hit=2\u001b[K\u001b[29;61H\u001b[8X\u001b[8C-> IndexOnlyScan (cost=0.15..14.30 rows=410 width=0) (actual time=0.057...0.701 rows=410 l\u001b[30;61Hoops=1)\u001b[K\u001b[31;61H\u001b[16X\u001b[16CBuffers: shared_blks_hit=2\u001b[K\u001b[32;61H\u001b[K\n\u001b[K\n\u001b[K\n\u001b[K\n\u001b[K\n\u001b[K\n\u001b[K\n\u001b[K\u001b[?12l\u001b[?25h"]
[129.882996, "o", "\u001b[?25l\u001b[1d\u001b[8X\u001b[8Ctotal_cost: 15.332500000000001\u001b[K\u001b[2;61H\u001b[8X\u001b[8Cplan_rows: 1.0\u001b[K\u001b[3;61H\u001b[8X\u001b[8Cruntime: 0:00:00.001337\u001b[K\u001b[4;61H\u001b[8X\u001b[8Cwritten_bytes_to_disk: 0\u001b[K\u001b[5;61H\u001b[8X\u001b[8Cshared_buffers_hitratio: 100.00\u001b[K\u001b[6;61H\u001b[8X\u001b[8Csyscache_hitratio: None\u001b[K\u001b[7;61H\u001b[8X\u001b[8Cbuffer_usage: \u001b[K\u001b[8;61H\u001b[16X\u001b[16Cshared_blks_hit: 2\u001b[K\u001b[9;61H\u001b[16X\u001b[16Cshared_blks_read: 0\u001b[K\u001b[10;61H\u001b[16X\u001b[16Cshared_blks_dirtied: 0\u001b[K\u001b[11;61H\u001b[16X\u001b[16Cshared_blks_written: 0\u001b[K\u001b[12;61H\u001b[16X\u001b[16Clocal_blks_hit: 0\u001b[K\u001b[13;61H\u001b[16X\u001b[16Clocal_blks_read: 0\u001b[K\u001b[14;61H\u001b[16X\u001b[16Clocal_blks_dirtied: 0\u001b[K\u001b[15;61H\u001b[16X\u001b[16Clocal_blks_written: 0\u001b[K\u001b[16;61H\u001b[16X\u001b[16Ctemp_blks_read: 0\u001b[K\u001b[17;61H\u001b[16X\u001b[16Ctemp_blks_written: 0\u001b[K\u001b[18;61H\u001b[16X\u001b[16Cblk_read_time: 0:00:00\u001b[K\u001b[19;61H\u001b[16X\u001b[16Cblk_write_time: 0:00:00\u001b[K\u001b[20;61H\u001b[16X\u001b[16Ctemp_blk_read_time: 0:00:00\u001b[K\u001b[21;61H\u001b[16X\u001b[16Ctemp_blk_write_time: 0:00:00\u001b[K\u001b[22;61H\u001b[8X\u001b[8Cwal_usage: \u001b[K\u001b[23;61H\u001b[16X\u001b[16Cwal_records: 0\u001b[K\u001b[24;61H\u001b[16X\u001b[16Cwal_fpi: 0\u001b[K\u001b[25;61H\u001b[16X\u001b[16Cwal_bytes: 0\u001b[K\u001b[26;61HAgg (cost=15"]
[129.883048, "o", ".32..15.33 rows=1 width=8) (actual time=1.332...1.337 rows=1 loops=1)\u001b[K\u001b[27;61H\u001b[8X\u001b[8CBuffers: shared_blks_hit=2\u001b[K\u001b[28;61H\u001b[8X\u001b[8C-> IndexOnlyScan (cost=0.15..14.30 rows=410 width=0) (actual time=0.057...0.701 rows=410 l\u001b[29;61Hoops=1)\u001b[K\u001b[30;61H\u001b[16X\u001b[16CBuffers: shared_blks_hit=2\u001b[K\u001b[31;61H\u001b[K\n\u001b[K\n\u001b[K\n\u001b[K\n\u001b[K\n\u001b[K\n\u001b[K\n\u001b[K\n\u001b[K\u001b[?12l\u001b[?25h"]
[130.548141, "o", "\u001b[?25l\u001b[1;60H\u001b[32m│\u001b[2;60H│\u001b[3;60H│\u001b[4;60H│\u001b[5;60H│\u001b[6;60H│\u001b[7;60H│\u001b[8;60H│\u001b[9;60H│\u001b[10;60H│\u001b[11;60H│\u001b[12;60H│\u001b[13;60H│\u001b[14;60H│\u001b[15;60H│\u001b[16;60H│\u001b[17;60H│\u001b[18;60H│\u001b[19;60H│\u001b[20;60H│\u001b[21;60H\u001b[39m│\u001b[22;60H│\u001b[23;60H│\u001b[24;60H│\u001b[25;60H│\u001b[26;60H│\u001b[27;60H│\u001b[28;60H│\u001b[29;60H│\u001b[30;60H│\u001b[31;60H│\u001b[32;60H│\u001b[33;60H│\u001b[34;60H│\u001b[35;60H│\u001b[36;60H│\u001b[37;60H│\u001b[38;60H│\u001b[39;60H│\u001b(B\u001b[m\u001b[30m\u001b[42m\r\n[0] 0:sudo*                                                                                                                           \"psql\" 16:06 14-févr.-23\u001b(B\u001b[m\u001b[?12l\u001b[?25h\u001b[36;41H\u001b[?2004h"]
[130.548939, "o", "\u001b[?25l\u001b[1;60H\u001b[32m│\u001b[2;60H│\u001b[3;60H│\u001b[4;60H│\u001b[5;60H│\u001b[6;60H│\u001b[7;60H│\u001b[8;60H│\u001b[9;60H│\u001b[10;60H│\u001b[11;60H│\u001b[12;60H│\u001b[13;60H│\u001b[14;60H│\u001b[15;60H│\u001b[16;60H│\u001b[17;60H│\u001b[18;60H│\u001b[19;60H│\u001b[20;60H│\u001b[21;60H\u001b[39m│\u001b[22;60H│\u001b[23;60H│\u001b[24;60H│\u001b[25;60H│\u001b[26;60H│\u001b[27;60H│\u001b[28;60H│\u001b[29;60H│\u001b[30;60H│\u001b[31;60H│\u001b[32;60H│\u001b[33;60H│\u001b[34;60H│\u001b[35;60H│\u001b[36;60H│\u001b[37;60H│\u001b[38;60H│\u001b[39;60H│\u001b(B\u001b[m\u001b[30m\u001b[42m\r\n[0] 0:psql*                                                                                                                           \"psql\" 16:06 14-févr.-23\u001b(B\u001b[m\u001b[?12l\u001b[?25h\u001b[36;41H"]
[131.419205, "o", "\r\n\u001b[?2004l"]
[131.982594, "o", "\u001b[?25l\u001b[1;61H\u001b[8X\u001b[8Cruntime: 0:00:00.001337\u001b[K\u001b[2;61H\u001b[8X\u001b[8Cwritten_bytes_to_disk: 0\u001b[K\u001b[3;61H\u001b[8X\u001b[8Cshared_buffers_hitratio: 100.00\u001b[K\u001b[4;61H\u001b[8X\u001b[8Csyscache_hitratio: None\u001b[K\u001b[5;61H\u001b[8X\u001b[8Cbuffer_usage: \u001b[K\u001b[6;61H\u001b[16X\u001b[16Cshared_blks_hit: 2\u001b[K\u001b[7;61H\u001b[16X\u001b[16Cshared_blks_read: 0\u001b[K\u001b[8;61H\u001b[16X\u001b[16Cshared_blks_dirtied: 0\u001b[K\u001b[9;61H\u001b[16X\u001b[16Cshared_blks_written: 0\u001b[K\u001b[10;61H\u001b[16X\u001b[16Clocal_blks_hit: 0\u001b[K\u001b[11;61H\u001b[16X\u001b[16Clocal_blks_read: 0\u001b[K\u001b[12;61H\u001b[16X\u001b[16Clocal_blks_dirtied: 0\u001b[K\u001b[13;61H\u001b[16X\u001b[16Clocal_blks_written: 0\u001b[K\u001b[14;61H\u001b[16X\u001b[16Ctemp_blks_read: 0\u001b[K\u001b[15;61H\u001b[16X\u001b[16Ctemp_blks_written: 0\u001b[K\u001b[16;61H\u001b[16X\u001b[16Cblk_read_time: 0:00:00\u001b[K\u001b[17;61H\u001b[16X\u001b[16Cblk_write_time: 0:00:00\u001b[K\u001b[18;61H\u001b[16X\u001b[16Ctemp_blk_read_time: 0:00:00\u001b[K\u001b[19;61H\u001b[16X\u001b[16Ctemp_blk_write_time: 0:00:00\u001b[K\u001b[20;61H\u001b[8X\u001b[8Cwal_usage: \u001b[K\u001b[21;61H\u001b[16X\u001b[16Cwal_records: 0\u001b[K\u001b[22;61H\u001b[16X\u001b[16Cwal_fpi: 0\u001b[K\u001b[23;61H\u001b[16X\u001b[16Cwal_bytes: 0\u001b[K\u001b[24;61HAgg (cost=15.32..15.33 rows=1 width=8) (actual time=1.332...1.337 rows=1 loops=1)\u001b[K\u001b[25;61"]
[131.982655, "o", "H\u001b[8X\u001b[8CBuffers: shared_blks_hit=2\u001b[K\u001b[26;61H\u001b[8X\u001b[8C-> IndexOnlyScan (cost=0.15..14.30 rows=410 width=0) (actual time=0.057...0.701 rows=410 l\u001b[27;61Hoops=1)\u001b[K\u001b[28;61H\u001b[16X\u001b[16CBuffers: shared_blks_hit=2\u001b[K\u001b[29;61H\u001b[K\n\u001b[K\n\u001b[K\n\u001b[K\n\u001b[K\n\u001b[K\n\u001b[K\n\u001b[K\nCurrently running:\u001b[K\u001b[38;61Hselect pg_sleep(0.01) from pg_class join pg_attribute on pg_class.oid = pg_attribute.attrelid;\u001b[K\u001b[39;61H\u001b[K\u001b[?12l\u001b[?25h\u001b[37;1H"]
[131.983384, "o", "\u001b[?25l\u001b[1;61H\u001b[16X\u001b[16Cshared_blks_written: 0\u001b[K\u001b[2;61H\u001b[16X\u001b[16Clocal_blks_hit: 0\u001b[K\u001b[3;61H\u001b[16X\u001b[16Clocal_blks_read: 0\u001b[K\u001b[4;61H\u001b[16X\u001b[16Clocal_blks_dirtied: 0\u001b[K\u001b[5;61H\u001b[16X\u001b[16Clocal_blks_written: 0\u001b[K\u001b[6;61H\u001b[16X\u001b[16Ctemp_blks_read: 0\u001b[K\u001b[7;61H\u001b[16X\u001b[16Ctemp_blks_written: 0\u001b[K\u001b[8;61H\u001b[16X\u001b[16Cblk_read_time: 0:00:00\u001b[K\u001b[9;61H\u001b[16X\u001b[16Cblk_write_time: 0:00:00\u001b[K\u001b[10;61H\u001b[16X\u001b[16Ctemp_blk_read_time: 0:00:00\u001b[K\u001b[11;61H\u001b[16X\u001b[16Ctemp_blk_write_time: 0:00:00\u001b[K\u001b[12;61H\u001b[8X\u001b[8Cwal_usage: \u001b[K\u001b[13;61H\u001b[16X\u001b[16Cwal_records: 0\u001b[K\u001b[14;61H\u001b[16X\u001b[16Cwal_fpi: 0\u001b[K\u001b[15;61H\u001b[16X\u001b[16Cwal_bytes: 0\u001b[K\u001b[16;61HAgg (cost=15.32..15.33 rows=1 width=8) (actual time=1.332...1.337 rows=1 loops=1)\u001b[K\u001b[17;61H\u001b[8X\u001b[8CBuffers: shared_blks_hit=2\u001b[K\u001b[18;61H\u001b[8X\u001b[8C-> IndexOnlyScan (cost=0.15..14.30 rows=410 width=0) (actual time=0.057...0.701 rows=410 l\u001b[19;61Hoops=1)\u001b[K\u001b[20;61H\u001b[16X\u001b[16CBuffers: shared_blks_hit=2\u001b[K\u001b[21;61H\u001b[K\n\u001b[K\n\u001b[K\n\u001b[K\n\u001b[K\n\u001b[K\n\u001b[K\n\u001b[K\nCurrently running:\u001b[K\u001b[30;61Hselect pg_sleep(0.01) from pg_class join pg_attribute "]
[131.983423, "o", "on pg_class.oid = pg_attribute.attrelid;\u001b[K\u001b[31;61HHashJoin (cost=23.23..125.49 rows=3054 width=4) (actual time=11.541...433.270 rows=42 loops=0)\u001b[K\u001b[32;61H\u001b[8X\u001b[8CBuffers: shared_blks_hit=15\u001b[K\u001b[33;61H\u001b[8X\u001b[8C-> SeqScan (cost=0.00..86.54 rows=3054 width=4) (actual time=0.014...0.176 rows=43 loops=0\u001b[34;61H)\u001b[K\u001b[35;61H\u001b[16X\u001b[16CBuffers: shared_blks_hit=1\u001b[K\u001b[36;61H\u001b[8X\u001b[8C-> SeqScan (cost=0.00..18.10 rows=410 width=4) (actual time=0.006...0.647 rows=410 loops=0\u001b[37;61H)\u001b[K\u001b[38;61H\u001b[16X\u001b[16CBuffers: shared_blks_hit=14\u001b[K\u001b[39;61H\u001b[K\u001b[?12l\u001b[?25h\u001b[37;1H"]
[132.986092, "o", "\u001b[?25l\u001b[1;61H\u001b[16X\u001b[16Clocal_blks_read: 0\u001b[K\u001b[2;61H\u001b[16X\u001b[16Clocal_blks_dirtied: 0\u001b[K\u001b[3;61H\u001b[16X\u001b[16Clocal_blks_written: 0\u001b[K\u001b[4;61H\u001b[16X\u001b[16Ctemp_blks_read: 0\u001b[K\u001b[5;61H\u001b[16X\u001b[16Ctemp_blks_written: 0\u001b[K\u001b[6;61H\u001b[16X\u001b[16Cblk_read_time: 0:00:00\u001b[K\u001b[7;61H\u001b[16X\u001b[16Cblk_write_time: 0:00:00\u001b[K\u001b[8;61H\u001b[16X\u001b[16Ctemp_blk_read_time: 0:00:00\u001b[K\u001b[9;61H\u001b[16X\u001b[16Ctemp_blk_write_time: 0:00:00\u001b[K\u001b[10;61H\u001b[8X\u001b[8Cwal_usage: \u001b[K\u001b[11;61H\u001b[16X\u001b[16Cwal_records: 0\u001b[K\u001b[12;61H\u001b[16X\u001b[16Cwal_fpi: 0\u001b[K\u001b[13;61H\u001b[16X\u001b[16Cwal_bytes: 0\u001b[K\u001b[14;61HAgg (cost=15.32..15.33 rows=1 width=8) (actual time=1.332...1.337 rows=1 loops=1)\u001b[K\u001b[15;61H\u001b[8X\u001b[8CBuffers: shared_blks_hit=2\u001b[K\u001b[16;61H\u001b[8X\u001b[8C-> IndexOnlyScan (cost=0.15..14.30 rows=410 width=0) (actual time=0.057...0.701 rows=410 l\u001b[17;61Hoops=1)\u001b[K\u001b[18;61H\u001b[16X\u001b[16CBuffers: shared_blks_hit=2\u001b[K\u001b[19;61H\u001b[K\n\u001b[K\n\u001b[K\n\u001b[K\n\u001b[K\n\u001b[K\n\u001b[K\n\u001b[K\nCurrently running:\u001b[K\u001b[28;61Hselect pg_sleep(0.01) from pg_class join pg_attribute on pg_class.oid = pg_attribute.attrelid;\u001b[K\u001b[29;61HHashJoin (cost=23.23..125.49 r"]
[132.98615, "o", "ows=3054 width=4) (actual time=11.541...433.270 rows=42 loops=0)\u001b[K\u001b[30;61H\u001b[8X\u001b[8CBuffers: shared_blks_hit=15\u001b[K\u001b[31;61HHashJoin (cost=23.23..125.49 rows=3054 width=4) (actual time=11.541...1456.438 rows=140 loops=0)\u001b[K\u001b[32;61H\u001b[8X\u001b[8CBuffers: shared_blks_hit=17\u001b[K\u001b[33;61H\u001b[8X\u001b[8C-> SeqScan (cost=0.00..86.54 rows=3054 width=4) (actual time=0.014...0.754 rows=141 loops=\u001b[34;61H0)\u001b[K\u001b[35;61H\u001b[16X\u001b[16CBuffers: shared_blks_hit=3\u001b[K\u001b[36;61H\u001b[8X\u001b[8C-> SeqScan (cost=0.00..18.10 rows=410 width=4) (actual time=0.006...0.647 rows=410 loops=0\u001b[37;61H)\u001b[K\u001b[38;61H\u001b[16X\u001b[16CBuffers: shared_blks_hit=14\u001b[K\u001b[39;61H\u001b[K\u001b[?12l\u001b[?25h\u001b[37;1H"]
[133.986805, "o", "\u001b[?25l\u001b[1;61H\u001b[16X\u001b[16Clocal_blks_written: 0\u001b[K\u001b[2;61H\u001b[16X\u001b[16Ctemp_blks_read: 0\u001b[K\u001b[3;61H\u001b[16X\u001b[16Ctemp_blks_written: 0\u001b[K\u001b[4;61H\u001b[16X\u001b[16Cblk_read_time: 0:00:00\u001b[K\u001b[5;61H\u001b[16X\u001b[16Cblk_write_time: 0:00:00\u001b[K\u001b[6;61H\u001b[16X\u001b[16Ctemp_blk_read_time: 0:00:00\u001b[K\u001b[7;61H\u001b[16X\u001b[16Ctemp_blk_write_time: 0:00:00\u001b[K\u001b[8;61H\u001b[8X\u001b[8Cwal_usage: \u001b[K\u001b[9;61H\u001b[16X\u001b[16Cwal_records: 0\u001b[K\u001b[10;61H\u001b[16X\u001b[16Cwal_fpi: 0\u001b[K\u001b[11;61H\u001b[16X\u001b[16Cwal_bytes: 0\u001b[K\u001b[12;61HAgg (cost=15.32..15.33 rows=1 width=8) (actual time=1.332...1.337 rows=1 loops=1)\u001b[K\u001b[13;61H\u001b[8X\u001b[8CBuffers: shared_blks_hit=2\u001b[K\u001b[14;61H\u001b[8X\u001b[8C-> IndexOnlyScan (cost=0.15..14.30 rows=410 width=0) (actual time=0.057...0.701 rows=410 l\u001b[15;61Hoops=1)\u001b[K\u001b[16;61H\u001b[16X\u001b[16CBuffers: shared_blks_hit=2\u001b[K\u001b[17;61H\u001b[K\n\u001b[K\n\u001b[K\n\u001b[K\n\u001b[K\n\u001b[K\n\u001b[K\n\u001b[K\nCurrently running:\u001b[K\u001b[26;61Hselect pg_sleep(0.01) from pg_class join pg_attribute on pg_class.oid = pg_attribute.attrelid;\u001b[K\u001b[27;61HHashJoin (cost=23.23..125.49 rows=3054 width=4) (actual time=11.541...433.270 rows=42 loops=0)\u001b[K\u001b[28;61H\u001b[8X\u001b["]
[133.986836, "o", "8CBuffers: shared_blks_hit=15\u001b[K\u001b[29;61HHashJoin (cost=23.23..125.49 rows=3054 width=4) (actual time=11.541...1456.438 rows=140 loops=0)\u001b[K\u001b[30;61H\u001b[8X\u001b[8CBuffers: shared_blks_hit=17\u001b[K\u001b[31;61HHashJoin (cost=23.23..125.49 rows=3054 width=4) (actual time=11.541...2393.846 rows=230 loops=0)\u001b[K\u001b[32;61H\u001b[8X\u001b[8CBuffers: shared_blks_hit=19\u001b[K\u001b[33;61H\u001b[8X\u001b[8C-> SeqScan (cost=0.00..86.54 rows=3054 width=4) (actual time=0.014...1.200 rows=231 loops=\u001b[34;61H0)\u001b[K\u001b[35;61H\u001b[16X\u001b[16CBuffers: shared_blks_hit=5\u001b[K\u001b[36;61H\u001b[8X\u001b[8C-> SeqScan (cost=0.00..18.10 rows=410 width=4) (actual time=0.006...0.647 rows=410 loops=0\u001b[37;61H)\u001b[K\u001b[38;61H\u001b[16X\u001b[16CBuffers: shared_blks_hit=14\u001b[K\u001b[39;61H\u001b[K\u001b[?12l\u001b[?25h\u001b[37;1H"]
[134.98935, "o", "\u001b[?25l\u001b[1;61H\u001b[16X\u001b[16Ctemp_blks_written: 0\u001b[K\u001b[2;61H\u001b[16X\u001b[16Cblk_read_time: 0:00:00\u001b[K\u001b[3;61H\u001b[16X\u001b[16Cblk_write_time: 0:00:00\u001b[K\u001b[4;61H\u001b[16X\u001b[16Ctemp_blk_read_time: 0:00:00\u001b[K\u001b[5;61H\u001b[16X\u001b[16Ctemp_blk_write_time: 0:00:00\u001b[K\u001b[6;61H\u001b[8X\u001b[8Cwal_usage: \u001b[K\u001b[7;61H\u001b[16X\u001b[16Cwal_records: 0\u001b[K\u001b[8;61H\u001b[16X\u001b[16Cwal_fpi: 0\u001b[K\u001b[9;61H\u001b[16X\u001b[16Cwal_bytes: 0\u001b[K\u001b[10;61HAgg (cost=15.32..15.33 rows=1 width=8) (actual time=1.332...1.337 rows=1 loops=1)\u001b[K\u001b[11;61H\u001b[8X\u001b[8CBuffers: shared_blks_hit=2\u001b[K\u001b[12;61H\u001b[8X\u001b[8C-> IndexOnlyScan (cost=0.15..14.30 rows=410 width=0) (actual time=0.057...0.701 rows=410 l\u001b[13;61Hoops=1)\u001b[K\u001b[14;61H\u001b[16X\u001b[16CBuffers: shared_blks_hit=2\u001b[K\u001b[15;61H\u001b[K\n\u001b[K\n\u001b[K\n\u001b[K\n\u001b[K\n\u001b[K\n\u001b[K\n\u001b[K\nCurrently running:\u001b[K\u001b[24;61Hselect pg_sleep(0.01) from pg_class join pg_attribute on pg_class.oid = pg_attribute.attrelid;\u001b[K\u001b[25;61HHashJoin (cost=23.23..125.49 rows=3054 width=4) (actual time=11.541...433.270 rows=42 loops=0)\u001b[K\u001b[26;61H\u001b[8X\u001b[8CBuffers: shared_blks_hit=15\u001b[K\u001b[27;61HHashJoin (cost=23.23..125.49 rows=3054 w"]
[134.989409, "o", "idth=4) (actual time=11.541...1456.438 rows=140 loops=0)\u001b[K\u001b[28;61H\u001b[8X\u001b[8CBuffers: shared_blks_hit=17\u001b[K\u001b[29;61HHashJoin (cost=23.23..125.49 rows=3054 width=4) (actual time=11.541...2393.846 rows=230 loops=0)\u001b[K\u001b[30;61H\u001b[8X\u001b[8CBuffers: shared_blks_hit=19\u001b[K\u001b[31;61HHashJoin (cost=23.23..125.49 rows=3054 width=4) (actual time=11.541...3505.568 rows=337 loops=0)\u001b[K\u001b[32;61H\u001b[8X\u001b[8CBuffers: shared_blks_hit=21\u001b[K\u001b[33;61H\u001b[8X\u001b[8C-> SeqScan (cost=0.00..86.54 rows=3054 width=4) (actual time=0.014...1.702 rows=337 loops=\u001b[34;61H0)\u001b[K\u001b[35;61H\u001b[16X\u001b[16CBuffers: shared_blks_hit=7\u001b[K\u001b[36;61H\u001b[8X\u001b[8C-> SeqScan (cost=0.00..18.10 rows=410 width=4) (actual time=0.006...0.647 rows=410 loops=0\u001b[37;61H)\u001b[K\u001b[38;61H\u001b[16X\u001b[16CBuffers: shared_blks_hit=14\u001b[K\u001b[39;61H\u001b[K\u001b[?12l\u001b[?25h\u001b[37;1H"]
[135.991649, "o", "\u001b[?25l\u001b[1;61H\u001b[16X\u001b[16Cblk_write_time: 0:00:00\u001b[K\u001b[2;61H\u001b[16X\u001b[16Ctemp_blk_read_time: 0:00:00\u001b[K\u001b[3;61H\u001b[16X\u001b[16Ctemp_blk_write_time: 0:00:00\u001b[K\u001b[4;61H\u001b[8X\u001b[8Cwal_usage: \u001b[K\u001b[5;61H\u001b[16X\u001b[16Cwal_records: 0\u001b[K\u001b[6;61H\u001b[16X\u001b[16Cwal_fpi: 0\u001b[K\u001b[7;61H\u001b[16X\u001b[16Cwal_bytes: 0\u001b[K\u001b[8;61HAgg (cost=15.32..15.33 rows=1 width=8) (actual time=1.332...1.337 rows=1 loops=1)\u001b[K\u001b[9;61H\u001b[8X\u001b[8CBuffers: shared_blks_hit=2\u001b[K\u001b[10;61H\u001b[8X\u001b[8C-> IndexOnlyScan (cost=0.15..14.30 rows=410 width=0) (actual time=0.057...0.701 rows=410 l\u001b[11;61Hoops=1)\u001b[K\u001b[12;61H\u001b[16X\u001b[16CBuffers: shared_blks_hit=2\u001b[K\u001b[13;61H\u001b[K\n\u001b[K\n\u001b[K\n\u001b[K\n\u001b[K\n\u001b[K\n\u001b[K\n\u001b[K\nCurrently running:\u001b[K\u001b[22;61Hselect pg_sleep(0.01) from pg_class join pg_attribute on pg_class.oid = pg_attribute.attrelid;\u001b[K\u001b[23;61HHashJoin (cost=23.23..125.49 rows=3054 width=4) (actual time=11.541...433.270 rows=42 loops=0)\u001b[K\u001b[24;61H\u001b[8X\u001b[8CBuffers: shared_blks_hit=15\u001b[K\u001b[25;61HHashJoin (cost=23.23..125.49 rows=3054 width=4) (actual time=11.541...1456.438 rows=140 loops=0)\u001b[K\u001b[26;61H\u001b[8X\u001b[8CBuffers: "]
[135.991706, "o", "shared_blks_hit=17\u001b[K\u001b[27;61HHashJoin (cost=23.23..125.49 rows=3054 width=4) (actual time=11.541...2393.846 rows=230 loops=0)\u001b[K\u001b[28;61H\u001b[8X\u001b[8CBuffers: shared_blks_hit=19\u001b[K\u001b[29;61HHashJoin (cost=23.23..125.49 rows=3054 width=4) (actual time=11.541...3505.568 rows=337 loops=0)\u001b[K\u001b[30;61H\u001b[8X\u001b[8CBuffers: shared_blks_hit=21\u001b[K\u001b[31;61HHashJoin (cost=23.23..125.49 rows=3054 width=4) (actual time=11.541...4421.875 rows=425 loops=0)\u001b[K\u001b[32;61H\u001b[8X\u001b[8CBuffers: shared_blks_hit=22\u001b[K\u001b[33;61H\u001b[8X\u001b[8C-> SeqScan (cost=0.00..86.54 rows=3054 width=4) (actual time=0.014...2.208 rows=426 loops=\u001b[34;61H0)\u001b[K\u001b[35;61H\u001b[16X\u001b[16CBuffers: shared_blks_hit=8\u001b[K\u001b[36;61H\u001b[8X\u001b[8C-> SeqScan (cost=0.00..18.10 rows=410 width=4) (actual time=0.006...0.647 rows=410 loops=0\u001b[37;61H)\u001b[K\u001b[38;61H\u001b[16X\u001b[16CBuffers: shared_blks_hit=14\u001b[K\u001b[39;61H\u001b[K\u001b[?12l\u001b[?25h\u001b[37;1H"]
[136.994089, "o", "\u001b[?25l\u001b[1;61H\u001b[16X\u001b[16Ctemp_blk_write_time: 0:00:00\u001b[K\u001b[2;61H\u001b[8X\u001b[8Cwal_usage: \u001b[K\u001b[3;61H\u001b[16X\u001b[16Cwal_records: 0\u001b[K\u001b[4;61H\u001b[16X\u001b[16Cwal_fpi: 0\u001b[K\u001b[5;61H\u001b[16X\u001b[16Cwal_bytes: 0\u001b[K\u001b[6;61HAgg (cost=15.32..15.33 rows=1 width=8) (actual time=1.332...1.337 rows=1 loops=1)\u001b[K\u001b[7;61H\u001b[8X\u001b[8CBuffers: shared_blks_hit=2\u001b[K\u001b[8;61H\u001b[8X\u001b[8C-> IndexOnlyScan (cost=0.15..14.30 rows=410 width=0) (actual time=0.057...0.701 rows=410 l\u001b[9;61Hoops=1)\u001b[K\u001b[10;61H\u001b[16X\u001b[16CBuffers: shared_blks_hit=2\u001b[K\u001b[11;61H\u001b[K\n\u001b[K\n\u001b[K\n\u001b[K\n\u001b[K\n\u001b[K\n\u001b[K\n\u001b[K\nCurrently running:\u001b[K\u001b[20;61Hselect pg_sleep(0.01) from pg_class join pg_attribute on pg_class.oid = pg_attribute.attrelid;\u001b[K\u001b[21;61HHashJoin (cost=23.23..125.49 rows=3054 width=4) (actual time=11.541...433.270 rows=42 loops=0)\u001b[K\u001b[22;61H\u001b[8X\u001b[8CBuffers: shared_blks_hit=15\u001b[K\u001b[23;61HHashJoin (cost=23.23..125.49 rows=3054 width=4) (actual time=11.541...1456.438 rows=140 loops=0)\u001b[K\u001b[24;61H\u001b[8X\u001b[8CBuffers: shared_blks_hit=17\u001b[K\u001b[25;61HHashJoin (cost=23.23..125.49 rows=3054 width=4) (actual time=11"]
[136.994148, "o", ".541...2393.846 rows=230 loops=0)\u001b[K\u001b[26;61H\u001b[8X\u001b[8CBuffers: shared_blks_hit=19\u001b[K\u001b[27;61HHashJoin (cost=23.23..125.49 rows=3054 width=4) (actual time=11.541...3505.568 rows=337 loops=0)\u001b[K\u001b[28;61H\u001b[8X\u001b[8CBuffers: shared_blks_hit=21\u001b[K\u001b[29;61HHashJoin (cost=23.23..125.49 rows=3054 width=4) (actual time=11.541...4421.875 rows=425 loops=0)\u001b[K\u001b[30;61H\u001b[8X\u001b[8CBuffers: shared_blks_hit=22\u001b[K\u001b[31;61HHashJoin (cost=23.23..125.49 rows=3054 width=4) (actual time=11.541...5473.287 rows=526 loops=0)\u001b[K\u001b[32;61H\u001b[8X\u001b[8CBuffers: shared_blks_hit=24\u001b[K\u001b[33;61H\u001b[8X\u001b[8C-> SeqScan (cost=0.00..86.54 rows=3054 width=4) (actual time=0.014...2.719 rows=527 loops=\u001b[34;61H0)\u001b[K\u001b[35;61H\u001b[16X\u001b[16CBuffers: shared_blks_hit=10\u001b[K\u001b[36;61H\u001b[8X\u001b[8C-> SeqScan (cost=0.00..18.10 rows=410 width=4) (actual time=0.006...0.647 rows=410 loops=0\u001b[37;61H)\u001b[K\u001b[38;61H\u001b[16X\u001b[16CBuffers: shared_blks_hit=14\u001b[K\u001b[39;61H\u001b[K\u001b[?12l\u001b[?25h\u001b[37;1H"]
[137.996463, "o", "\u001b[?25l\u001b[1;61H\u001b[16X\u001b[16Cwal_records: 0\u001b[K\u001b[2;61H\u001b[16X\u001b[16Cwal_fpi: 0\u001b[K\u001b[3;61H\u001b[16X\u001b[16Cwal_bytes: 0\u001b[K\u001b[4;61HAgg (cost=15.32..15.33 rows=1 width=8) (actual time=1.332...1.337 rows=1 loops=1)\u001b[K\u001b[5;61H\u001b[8X\u001b[8CBuffers: shared_blks_hit=2\u001b[K\u001b[6;61H\u001b[8X\u001b[8C-> IndexOnlyScan (cost=0.15..14.30 rows=410 width=0) (actual time=0.057...0.701 rows=410 l\u001b[7;61Hoops=1)\u001b[K\u001b[8;61H\u001b[16X\u001b[16CBuffers: shared_blks_hit=2\u001b[K\u001b[9;61H\u001b[K\n\u001b[K\n\u001b[K\n\u001b[K\n\u001b[K\n\u001b[K\n\u001b[K\n\u001b[K\nCurrently running:\u001b[K\u001b[18;61Hselect pg_sleep(0.01) from pg_class join pg_attribute on pg_class.oid = pg_attribute.attrelid;\u001b[K\u001b[19;61HHashJoin (cost=23.23..125.49 rows=3054 width=4) (actual time=11.541...433.270 rows=42 loops=0)\u001b[K\u001b[20;61H\u001b[8X\u001b[8CBuffers: shared_blks_hit=15\u001b[K\u001b[21;61HHashJoin (cost=23.23..125.49 rows=3054 width=4) (actual time=11.541...1456.438 rows=140 loops=0)\u001b[K\u001b[22;61H\u001b[8X\u001b[8CBuffers: shared_blks_hit=17\u001b[K\u001b[23;61HHashJoin (cost=23.23..125.49 rows=3054 width=4) (actual time=11.541...2393.846 rows=230 loops=0)\u001b[K\u001b[24;61H\u001b[8X\u001b[8CBuffers: shared_blks_hit=19"]
[137.996503, "o", "\u001b[K\u001b[25;61HHashJoin (cost=23.23..125.49 rows=3054 width=4) (actual time=11.541...3505.568 rows=337 loops=0)\u001b[K\u001b[26;61H\u001b[8X\u001b[8CBuffers: shared_blks_hit=21\u001b[K\u001b[27;61HHashJoin (cost=23.23..125.49 rows=3054 width=4) (actual time=11.541...4421.875 rows=425 loops=0)\u001b[K\u001b[28;61H\u001b[8X\u001b[8CBuffers: shared_blks_hit=22\u001b[K\u001b[29;61HHashJoin (cost=23.23..125.49 rows=3054 width=4) (actual time=11.541...5473.287 rows=526 loops=0)\u001b[K\u001b[30;61H\u001b[8X\u001b[8CBuffers: shared_blks_hit=24\u001b[K\u001b[31;61HHashJoin (cost=23.23..125.49 rows=3054 width=4) (actual time=11.541...6389.824 rows=614 loops=0)\u001b[K\u001b[32;61H\u001b[8X\u001b[8CBuffers: shared_blks_hit=26\u001b[K\u001b[33;61H\u001b[8X\u001b[8C-> SeqScan (cost=0.00..86.54 rows=3054 width=4) (actual time=0.014...3.174 rows=615 loops=\u001b[34;61H0)\u001b[K\u001b[35;61H\u001b[16X\u001b[16CBuffers: shared_blks_hit=12\u001b[K\u001b[36;61H\u001b[8X\u001b[8C-> SeqScan (cost=0.00..18.10 rows=410 width=4) (actual time=0.006...0.647 rows=410 loops=0\u001b[37;61H)\u001b[K\u001b[38;61H\u001b[16X\u001b[16CBuffers: shared_blks_hit=14\u001b[K\u001b[39;61H\u001b[K\u001b[?12l\u001b[?25h\u001b[37;1H"]
[138.999034, "o", "\u001b[?25l\u001b[1;61H\u001b[16X\u001b[16Cwal_bytes: 0\u001b[K\u001b[2;61HAgg (cost=15.32..15.33 rows=1 width=8) (actual time=1.332...1.337 rows=1 loops=1)\u001b[K\u001b[3;61H\u001b[8X\u001b[8CBuffers: shared_blks_hit=2\u001b[K\u001b[4;61H\u001b[8X\u001b[8C-> IndexOnlyScan (cost=0.15..14.30 rows=410 width=0) (actual time=0.057...0.701 rows=410 l\u001b[5;61Hoops=1)\u001b[K\u001b[6;61H\u001b[16X\u001b[16CBuffers: shared_blks_hit=2\u001b[K\u001b[7;61H\u001b[K\n\u001b[K\n\u001b[K\n\u001b[K\n\u001b[K\n\u001b[K\n\u001b[K\n\u001b[K\nCurrently running:\u001b[K\u001b[16;61Hselect pg_sleep(0.01) from pg_class join pg_attribute on pg_class.oid = pg_attribute.attrelid;\u001b[K\u001b[17;61HHashJoin (cost=23.23..125.49 rows=3054 width=4) (actual time=11.541...433.270 rows=42 loops=0)\u001b[K\u001b[18;61H\u001b[8X\u001b[8CBuffers: shared_blks_hit=15\u001b[K\u001b[19;61HHashJoin (cost=23.23..125.49 rows=3054 width=4) (actual time=11.541...1456.438 rows=140 loops=0)\u001b[K\u001b[20;61H\u001b[8X\u001b[8CBuffers: shared_blks_hit=17\u001b[K\u001b[21;61HHashJoin (cost=23.23..125.49 rows=3054 width=4) (actual time=11.541...2393.846 rows=230 loops=0)\u001b[K\u001b[22;61H\u001b[8X\u001b[8CBuffers: shared_blks_hit=19\u001b[K\u001b[23;61HHashJoin (cost=23.23..125.49 rows=3054 width=4) (actu"]
[138.999105, "o", "al time=11.541...3505.568 rows=337 loops=0)\u001b[K\u001b[24;61H\u001b[8X\u001b[8CBuffers: shared_blks_hit=21\u001b[K\u001b[25;61HHashJoin (cost=23.23..125.49 rows=3054 width=4) (actual time=11.541...4421.875 rows=425 loops=0)\u001b[K\u001b[26;61H\u001b[8X\u001b[8CBuffers: shared_blks_hit=22\u001b[K\u001b[27;61HHashJoin (cost=23.23..125.49 rows=3054 width=4) (actual time=11.541...5473.287 rows=526 loops=0)\u001b[K\u001b[28;61H\u001b[8X\u001b[8CBuffers: shared_blks_hit=24\u001b[K\u001b[29;61HHashJoin (cost=23.23..125.49 rows=3054 width=4) (actual time=11.541...6389.824 rows=614 loops=0)\u001b[K\u001b[30;61H\u001b[8X\u001b[8CBuffers: shared_blks_hit=26\u001b[K\u001b[31;61HHashJoin (cost=23.23..125.49 rows=3054 width=4) (actual time=11.541...7494.157 rows=720 loops=0)\u001b[K\u001b[32;61H\u001b[8X\u001b[8CBuffers: shared_blks_hit=28\u001b[K\u001b[33;61H\u001b[8X\u001b[8C-> SeqScan (cost=0.00..86.54 rows=3054 width=4) (actual time=0.014...3.698 rows=721 loops=\u001b[34;61H0)\u001b[K\u001b[35;61H\u001b[16X\u001b[16CBuffers: shared_blks_hit=14\u001b[K\u001b[36;61H\u001b[8X\u001b[8C-> SeqScan (cost=0.00..18.10 rows=410 width=4) (actual time=0.006...0.647 rows=410 loops=0\u001b[37;61H)\u001b[K\u001b[38;61H\u001b[16X\u001b[16CBuffers: shared_b"]
[138.99915, "o", "lks_hit=14\u001b[K\u001b[39;61H\u001b[K\u001b[?12l\u001b[?25h\u001b[37;1H"]
[140.001166, "o", "\u001b[?25l\u001b[1;61H\u001b[8X\u001b[8CBuffers: shared_blks_hit=2\u001b[K\u001b[2;61H\u001b[8X\u001b[8C-> IndexOnlyScan (cost=0.15..14.30 rows=410 width=0) (actual time=0.057...0.701 rows=410 l\u001b[3;61Hoops=1)\u001b[K\u001b[4;61H\u001b[16X\u001b[16CBuffers: shared_blks_hit=2\u001b[K\u001b[5;61H\u001b[K\n\u001b[K\n\u001b[K\n\u001b[K\n\u001b[K\n\u001b[K\n\u001b[K\n\u001b[K\nCurrently running:\u001b[K\u001b[14;61Hselect pg_sleep(0.01) from pg_class join pg_attribute on pg_class.oid = pg_attribute.attrelid;\u001b[K\u001b[15;61HHashJoin (cost=23.23..125.49 rows=3054 width=4) (actual time=11.541...433.270 rows=42 loops=0)\u001b[K\u001b[16;61H\u001b[8X\u001b[8CBuffers: shared_blks_hit=15\u001b[K\u001b[17;61HHashJoin (cost=23.23..125.49 rows=3054 width=4) (actual time=11.541...1456.438 rows=140 loops=0)\u001b[K\u001b[18;61H\u001b[8X\u001b[8CBuffers: shared_blks_hit=17\u001b[K\u001b[19;61HHashJoin (cost=23.23..125.49 rows=3054 width=4) (actual time=11.541...2393.846 rows=230 loops=0)\u001b[K\u001b[20;61H\u001b[8X\u001b[8CBuffers: shared_blks_hit=19\u001b[K\u001b[21;61HHashJoin (cost=23.23..125.49 rows=3054 width=4) (actual time=11.541...3505.568 rows=337 loops=0)\u001b[K\u001b[22;61H\u001b[8X\u001b[8CBuffers: shared_blks_hit=21\u001b[K\u001b[23;61HHashJoin (cost=23.23..1"]
[140.001224, "o", "25.49 rows=3054 width=4) (actual time=11.541...4421.875 rows=425 loops=0)\u001b[K\u001b[24;61H\u001b[8X\u001b[8CBuffers: shared_blks_hit=22\u001b[K\u001b[25;61HHashJoin (cost=23.23..125.49 rows=3054 width=4) (actual time=11.541...5473.287 rows=526 loops=0)\u001b[K\u001b[26;61H\u001b[8X\u001b[8CBuffers: shared_blks_hit=24\u001b[K\u001b[27;61HHashJoin (cost=23.23..125.49 rows=3054 width=4) (actual time=11.541...6389.824 rows=614 loops=0)\u001b[K\u001b[28;61H\u001b[8X\u001b[8CBuffers: shared_blks_hit=26\u001b[K\u001b[29;61HHashJoin (cost=23.23..125.49 rows=3054 width=4) (actual time=11.541...7494.157 rows=720 loops=0)\u001b[K\u001b[30;61H\u001b[8X\u001b[8CBuffers: shared_blks_hit=28\u001b[K\u001b[31;61HHashJoin (cost=23.23..125.49 rows=3054 width=4) (actual time=11.541...8463.638 rows=813 loops=0)\u001b[K\u001b[32;61H\u001b[8X\u001b[8CBuffers: shared_blks_hit=29\u001b[K\u001b[33;61H\u001b[8X\u001b[8C-> SeqScan (cost=0.00..86.54 rows=3054 width=4) (actual time=0.014...4.173 rows=814 loops=\u001b[34;61H0)\u001b[K\u001b[35;61H\u001b[16X\u001b[16CBuffers: shared_blks_hit=15\u001b[K\u001b[36;61H\u001b[8X\u001b[8C-> SeqScan (cost=0.00..18.10 rows=410 width=4) (actual time=0.006...0.647 rows=410 loops=0\u001b[37;61H)\u001b[K\u001b[38;"]
[140.001268, "o", "61H\u001b[16X\u001b[16CBuffers: shared_blks_hit=14\u001b[K\u001b[39;61H\u001b[K\u001b[?12l\u001b[?25h\u001b[37;1H"]
[141.004674, "o", "\u001b[?25l\u001b[1;61Hoops=1)\u001b[K\u001b[2;61H\u001b[16X\u001b[16CBuffers: shared_blks_hit=2\u001b[K\u001b[3;61H\u001b[K\n\u001b[K\n\u001b[K\n\u001b[K\n\u001b[K\n\u001b[K\n\u001b[K\n\u001b[K\nCurrently running:\u001b[K\u001b[12;61Hselect pg_sleep(0.01) from pg_class join pg_attribute on pg_class.oid = pg_attribute.attrelid;\u001b[K\u001b[13;61HHashJoin (cost=23.23..125.49 rows=3054 width=4) (actual time=11.541...433.270 rows=42 loops=0)\u001b[K\u001b[14;61H\u001b[8X\u001b[8CBuffers: shared_blks_hit=15\u001b[K\u001b[15;61HHashJoin (cost=23.23..125.49 rows=3054 width=4) (actual time=11.541...1456.438 rows=140 loops=0)\u001b[K\u001b[16;61H\u001b[8X\u001b[8CBuffers: shared_blks_hit=17\u001b[K\u001b[17;61HHashJoin (cost=23.23..125.49 rows=3054 width=4) (actual time=11.541...2393.846 rows=230 loops=0)\u001b[K\u001b[18;61H\u001b[8X\u001b[8CBuffers: shared_blks_hit=19\u001b[K\u001b[19;61HHashJoin (cost=23.23..125.49 rows=3054 width=4) (actual time=11.541...3505.568 rows=337 loops=0)\u001b[K\u001b[20;61H\u001b[8X\u001b[8CBuffers: shared_blks_hit=21\u001b[K\u001b[21;61HHashJoin (cost=23.23..125.49 rows=3054 width=4) (actual time=11.541...4421.875 rows=425 loops=0)\u001b[K\u001b[22;61H\u001b[8X\u001b[8CBuffers: shared_blks_hit=22\u001b[K\u001b[23;61HHashJoin (cost=23.2"]
[141.004732, "o", "3..125.49 rows=3054 width=4) (actual time=11.541...5473.287 rows=526 loops=0)\u001b[K\u001b[24;61H\u001b[8X\u001b[8CBuffers: shared_blks_hit=24\u001b[K\u001b[25;61HHashJoin (cost=23.23..125.49 rows=3054 width=4) (actual time=11.541...6389.824 rows=614 loops=0)\u001b[K\u001b[26;61H\u001b[8X\u001b[8CBuffers: shared_blks_hit=26\u001b[K\u001b[27;61HHashJoin (cost=23.23..125.49 rows=3054 width=4) (actual time=11.541...7494.157 rows=720 loops=0)\u001b[K\u001b[28;61H\u001b[8X\u001b[8CBuffers: shared_blks_hit=28\u001b[K\u001b[29;61HHashJoin (cost=23.23..125.49 rows=3054 width=4) (actual time=11.541...8463.638 rows=813 loops=0)\u001b[K\u001b[30;61H\u001b[8X\u001b[8CBuffers: shared_blks_hit=29\u001b[K\u001b[31;61HHashJoin (cost=23.23..125.49 rows=3054 width=4) (actual time=11.541...9567.032 rows=919 loops=0)\u001b[K\u001b[32;61H\u001b[8X\u001b[8CBuffers: shared_blks_hit=31\u001b[K\u001b[33;61H\u001b[8X\u001b[8C-> SeqScan (cost=0.00..86.54 rows=3054 width=4) (actual time=0.014...4.764 rows=919 loops=\u001b[34;61H0)\u001b[K\u001b[35;61H\u001b[16X\u001b[16CBuffers: shared_blks_hit=17\u001b[K\u001b[36;61H\u001b[8X\u001b[8C-> SeqScan (cost=0.00..18.10 rows=410 width=4) (actual time=0.006...0.647 rows=410 loops=0\u001b[37;61H)\u001b[K\u001b"]
[141.004753, "o", "[38;61H\u001b[16X\u001b[16CBuffers: shared_blks_hit=14\u001b[K\u001b[39;61H\u001b[K\u001b[?12l\u001b[?25h\u001b[37;1H"]
[142.006714, "o", "\u001b[?25l\u001b[1;61H\u001b[K\n\u001b[K\n\u001b[K\n\u001b[K\n\u001b[K\n\u001b[K\n\u001b[K\n\u001b[K\nCurrently running:\u001b[K\u001b[10;61Hselect pg_sleep(0.01) from pg_class join pg_attribute on pg_class.oid = pg_attribute.attrelid;\u001b[K\u001b[11;61HHashJoin (cost=23.23..125.49 rows=3054 width=4) (actual time=11.541...433.270 rows=42 loops=0)\u001b[K\u001b[12;61H\u001b[8X\u001b[8CBuffers: shared_blks_hit=15\u001b[K\u001b[13;61HHashJoin (cost=23.23..125.49 rows=3054 width=4) (actual time=11.541...1456.438 rows=140 loops=0)\u001b[K\u001b[14;61H\u001b[8X\u001b[8CBuffers: shared_blks_hit=17\u001b[K\u001b[15;61HHashJoin (cost=23.23..125.49 rows=3054 width=4) (actual time=11.541...2393.846 rows=230 loops=0)\u001b[K\u001b[16;61H\u001b[8X\u001b[8CBuffers: shared_blks_hit=19\u001b[K\u001b[17;61HHashJoin (cost=23.23..125.49 rows=3054 width=4) (actual time=11.541...3505.568 rows=337 loops=0)\u001b[K\u001b[18;61H\u001b[8X\u001b[8CBuffers: shared_blks_hit=21\u001b[K\u001b[19;61HHashJoin (cost=23.23..125.49 rows=3054 width=4) (actual time=11.541...4421.875 rows=425 loops=0)\u001b[K\u001b[20;61H\u001b[8X\u001b[8CBuffers: shared_blks_hit=22\u001b[K\u001b[21;61HHashJoin (cost=23.23..125.49 rows=3054 width=4) (actual time=11.541...5473.287 row"]
[142.006749, "o", "s=526 loops=0)\u001b[K\u001b[22;61H\u001b[8X\u001b[8CBuffers: shared_blks_hit=24\u001b[K\u001b[23;61HHashJoin (cost=23.23..125.49 rows=3054 width=4) (actual time=11.541...6389.824 rows=614 loops=0)\u001b[K\u001b[24;61H\u001b[8X\u001b[8CBuffers: shared_blks_hit=26\u001b[K\u001b[25;61HHashJoin (cost=23.23..125.49 rows=3054 width=4) (actual time=11.541...7494.157 rows=720 loops=0)\u001b[K\u001b[26;61H\u001b[8X\u001b[8CBuffers: shared_blks_hit=28\u001b[K\u001b[27;61HHashJoin (cost=23.23..125.49 rows=3054 width=4) (actual time=11.541...8463.638 rows=813 loops=0)\u001b[K\u001b[28;61H\u001b[8X\u001b[8CBuffers: shared_blks_hit=29\u001b[K\u001b[29;61HHashJoin (cost=23.23..125.49 rows=3054 width=4) (actual time=11.541...9567.032 rows=919 loops=0)\u001b[K\u001b[30;61H\u001b[8X\u001b[8CBuffers: shared_blks_hit=31\u001b[K\u001b[31;61HHashJoin (cost=23.23..125.49 rows=3054 width=4) (actual time=11.541...10462.271 rows=1005 loops=0)\u001b[32;61H\u001b[8X\u001b[8CBuffers: shared_blks_hit=33\u001b[K\u001b[33;61H\u001b[8X\u001b[8C-> SeqScan (cost=0.00..86.54 rows=3054 width=4) (actual time=0.014...5.222 rows=1006 loops\u001b[34;61H=0)\u001b[K\u001b[35;61H\u001b[16X\u001b[16CBuffers: shared_blks_hit=19\u001b[K\u001b[36;61H\u001b[8X\u001b[8C-> SeqScan (c"]
[142.006758, "o", "ost=0.00..18.10 rows=410 width=4) (actual time=0.006...0.647 rows=410 loops=0\u001b[37;61H)\u001b[K\u001b[38;61H\u001b[16X\u001b[16CBuffers: shared_blks_hit=14\u001b[K\u001b[39;61H\u001b[K\u001b[?12l\u001b[?25h\u001b[37;1H"]
[143.009554, "o", "\u001b[?25l\u001b[1;61H\u001b[K\n\u001b[K\n\u001b[K\n\u001b[K\n\u001b[K\n\u001b[K\nCurrently running:\u001b[K\u001b[8;61Hselect pg_sleep(0.01) from pg_class join pg_attribute on pg_class.oid = pg_attribute.attrelid;\u001b[K\u001b[9;61HHashJoin (cost=23.23..125.49 rows=3054 width=4) (actual time=11.541...433.270 rows=42 loops=0)\u001b[K\u001b[10;61H\u001b[8X\u001b[8CBuffers: shared_blks_hit=15\u001b[K\u001b[11;61HHashJoin (cost=23.23..125.49 rows=3054 width=4) (actual time=11.541...1456.438 rows=140 loops=0)\u001b[K\u001b[12;61H\u001b[8X\u001b[8CBuffers: shared_blks_hit=17\u001b[K\u001b[13;61HHashJoin (cost=23.23..125.49 rows=3054 width=4) (actual time=11.541...2393.846 rows=230 loops=0)\u001b[K\u001b[14;61H\u001b[8X\u001b[8CBuffers: shared_blks_hit=19\u001b[K\u001b[15;61HHashJoin (cost=23.23..125.49 rows=3054 width=4) (actual time=11.541...3505.568 rows=337 loops=0)\u001b[K\u001b[16;61H\u001b[8X\u001b[8CBuffers: shared_blks_hit=21\u001b[K\u001b[17;61HHashJoin (cost=23.23..125.49 rows=3054 width=4) (actual time=11.541...4421.875 rows=425 loops=0)\u001b[K\u001b[18;61H\u001b[8X\u001b[8CBuffers: shared_blks_hit=22\u001b[K\u001b[19;61HHashJoin (cost=23.23..125.49 rows=3054 width=4) (actual time=11.541...5473.287 rows=526 loop"]
[143.009612, "o", "s=0)\u001b[K\u001b[20;61H\u001b[8X\u001b[8CBuffers: shared_blks_hit=24\u001b[K\u001b[21;61HHashJoin (cost=23.23..125.49 rows=3054 width=4) (actual time=11.541...6389.824 rows=614 loops=0)\u001b[K\u001b[22;61H\u001b[8X\u001b[8CBuffers: shared_blks_hit=26\u001b[K\u001b[23;61HHashJoin (cost=23.23..125.49 rows=3054 width=4) (actual time=11.541...7494.157 rows=720 loops=0)\u001b[K\u001b[24;61H\u001b[8X\u001b[8CBuffers: shared_blks_hit=28\u001b[K\u001b[25;61HHashJoin (cost=23.23..125.49 rows=3054 width=4) (actual time=11.541...8463.638 rows=813 loops=0)\u001b[K\u001b[26;61H\u001b[8X\u001b[8CBuffers: shared_blks_hit=29\u001b[K\u001b[27;61HHashJoin (cost=23.23..125.49 rows=3054 width=4) (actual time=11.541...9567.032 rows=919 loops=0)\u001b[K\u001b[28;61H\u001b[8X\u001b[8CBuffers: shared_blks_hit=31\u001b[K\u001b[29;61HHashJoin (cost=23.23..125.49 rows=3054 width=4) (actual time=11.541...10462.271 rows=1005 loops=0)\u001b[30;61H\u001b[8X\u001b[8CBuffers: shared_blks_hit=33\u001b[K\u001b[31;61HHashJoin (cost=23.23..125.49 rows=3054 width=4) (actual time=11.541...11451.703 rows=1100 loops=0)\u001b[32;61H\u001b[8X\u001b[8CBuffers: shared_blks_hit=35\u001b[K\u001b[33;61H\u001b[8X\u001b[8C-> SeqScan (cost=0.00..86.54 rows=3054 "]
[143.009634, "o", "width=4) (actual time=0.014...5.745 rows=1101 loops\u001b[34;61H=0)\u001b[K\u001b[35;61H\u001b[16X\u001b[16CBuffers: shared_blks_hit=21\u001b[K\u001b[36;61H\u001b[8X\u001b[8C-> SeqScan (cost=0.00..18.10 rows=410 width=4) (actual time=0.006...0.647 rows=410 loops=0\u001b[37;61H)\u001b[K\u001b[38;61H\u001b[16X\u001b[16CBuffers: shared_blks_hit=14\u001b[K\u001b[39;61H\u001b[K\u001b[?12l\u001b[?25h\u001b[37;1H"]
[144.011997, "o", "\u001b[?25l\u001b[1;61H\u001b[K\n\u001b[K\n\u001b[K\n\u001b[K\nCurrently running:\u001b[K\u001b[6;61Hselect pg_sleep(0.01) from pg_class join pg_attribute on pg_class.oid = pg_attribute.attrelid;\u001b[K\u001b[7;61HHashJoin (cost=23.23..125.49 rows=3054 width=4) (actual time=11.541...433.270 rows=42 loops=0)\u001b[K\u001b[8;61H\u001b[8X\u001b[8CBuffers: shared_blks_hit=15\u001b[K\u001b[9;61HHashJoin (cost=23.23..125.49 rows=3054 width=4) (actual time=11.541...1456.438 rows=140 loops=0)\u001b[K\u001b[10;61H\u001b[8X\u001b[8CBuffers: shared_blks_hit=17\u001b[K\u001b[11;61HHashJoin (cost=23.23..125.49 rows=3054 width=4) (actual time=11.541...2393.846 rows=230 loops=0)\u001b[K\u001b[12;61H\u001b[8X\u001b[8CBuffers: shared_blks_hit=19\u001b[K\u001b[13;61HHashJoin (cost=23.23..125.49 rows=3054 width=4) (actual time=11.541...3505.568 rows=337 loops=0)\u001b[K\u001b[14;61H\u001b[8X\u001b[8CBuffers: shared_blks_hit=21\u001b[K\u001b[15;61HHashJoin (cost=23.23..125.49 rows=3054 width=4) (actual time=11.541...4421.875 rows=425 loops=0)\u001b[K\u001b[16;61H\u001b[8X\u001b[8CBuffers: shared_blks_hit=22\u001b[K\u001b[17;61HHashJoin (cost=23.23..125.49 rows=3054 width=4) (actual time=11.541...5473.287 rows=526 loops=0)\u001b[K\u001b[1"]
[144.012083, "o", "8;61H\u001b[8X\u001b[8CBuffers: shared_blks_hit=24\u001b[K\u001b[19;61HHashJoin (cost=23.23..125.49 rows=3054 width=4) (actual time=11.541...6389.824 rows=614 loops=0)\u001b[K\u001b[20;61H\u001b[8X\u001b[8CBuffers: shared_blks_hit=26\u001b[K\u001b[21;61HHashJoin (cost=23.23..125.49 rows=3054 width=4) (actual time=11.541...7494.157 rows=720 loops=0)\u001b[K\u001b[22;61H\u001b[8X\u001b[8CBuffers: shared_blks_hit=28\u001b[K\u001b[23;61HHashJoin (cost=23.23..125.49 rows=3054 width=4) (actual time=11.541...8463.638 rows=813 loops=0)\u001b[K\u001b[24;61H\u001b[8X\u001b[8CBuffers: shared_blks_hit=29\u001b[K\u001b[25;61HHashJoin (cost=23.23..125.49 rows=3054 width=4) (actual time=11.541...9567.032 rows=919 loops=0)\u001b[K\u001b[26;61H\u001b[8X\u001b[8CBuffers: shared_blks_hit=31\u001b[K\u001b[27;61HHashJoin (cost=23.23..125.49 rows=3054 width=4) (actual time=11.541...10462.271 rows=1005 loops=0)\u001b[28;61H\u001b[8X\u001b[8CBuffers: shared_blks_hit=33\u001b[K\u001b[29;61HHashJoin (cost=23.23..125.49 rows=3054 width=4) (actual time=11.541...11451.703 rows=1100 loops=0)\u001b[30;61H\u001b[8X\u001b[8CBuffers: shared_blks_hit=35\u001b[K\u001b[31;61HHashJoin (cost=23.23..125.49 rows=3054 width=4) (actual t"]
[144.01229, "o", "ime=11.541...12496.180 rows=1200 loops=0)\u001b[32;61H\u001b[8X\u001b[8CBuffers: shared_blks_hit=37\u001b[K\u001b[33;61H\u001b[8X\u001b[8C-> SeqScan (cost=0.00..86.54 rows=3054 width=4) (actual time=0.014...6.298 rows=1201 loops\u001b[34;61H=0)\u001b[K\u001b[35;61H\u001b[16X\u001b[16CBuffers: shared_blks_hit=23\u001b[K\u001b[36;61H\u001b[8X\u001b[8C-> SeqScan (cost=0.00..18.10 rows=410 width=4) (actual time=0.006...0.647 rows=410 loops=0\u001b[37;61H)\u001b[K\u001b[38;61H\u001b[16X\u001b[16CBuffers: shared_blks_hit=14\u001b[K\u001b[39;61H\u001b[K\u001b[?12l\u001b[?25h\u001b[37;1H"]
[145.014648, "o", "\u001b[?25l\u001b[1;61H\u001b[K\n\u001b[K\nCurrently running:\u001b[K\u001b[4;61Hselect pg_sleep(0.01) from pg_class join pg_attribute on pg_class.oid = pg_attribute.attrelid;\u001b[K\u001b[5;61HHashJoin (cost=23.23..125.49 rows=3054 width=4) (actual time=11.541...433.270 rows=42 loops=0)\u001b[K\u001b[6;61H\u001b[8X\u001b[8CBuffers: shared_blks_hit=15\u001b[K\u001b[7;61HHashJoin (cost=23.23..125.49 rows=3054 width=4) (actual time=11.541...1456.438 rows=140 loops=0)\u001b[K\u001b[8;61H\u001b[8X\u001b[8CBuffers: shared_blks_hit=17\u001b[K\u001b[9;61HHashJoin (cost=23.23..125.49 rows=3054 width=4) (actual time=11.541...2393.846 rows=230 loops=0)\u001b[K\u001b[10;61H\u001b[8X\u001b[8CBuffers: shared_blks_hit=19\u001b[K\u001b[11;61HHashJoin (cost=23.23..125.49 rows=3054 width=4) (actual time=11.541...3505.568 rows=337 loops=0)\u001b[K\u001b[12;61H\u001b[8X\u001b[8CBuffers: shared_blks_hit=21\u001b[K\u001b[13;61HHashJoin (cost=23.23..125.49 rows=3054 width=4) (actual time=11.541...4421.875 rows=425 loops=0)\u001b[K\u001b[14;61H\u001b[8X\u001b[8CBuffers: shared_blks_hit=22\u001b[K\u001b[15;61HHashJoin (cost=23.23..125.49 rows=3054 width=4) (actual time=11.541...5473.287 rows=526 loops=0)\u001b[K\u001b[16;61H\u001b[8X\u001b"]
[145.014707, "o", "[8CBuffers: shared_blks_hit=24\u001b[K\u001b[17;61HHashJoin (cost=23.23..125.49 rows=3054 width=4) (actual time=11.541...6389.824 rows=614 loops=0)\u001b[K\u001b[18;61H\u001b[8X\u001b[8CBuffers: shared_blks_hit=26\u001b[K\u001b[19;61HHashJoin (cost=23.23..125.49 rows=3054 width=4) (actual time=11.541...7494.157 rows=720 loops=0)\u001b[K\u001b[20;61H\u001b[8X\u001b[8CBuffers: shared_blks_hit=28\u001b[K\u001b[21;61HHashJoin (cost=23.23..125.49 rows=3054 width=4) (actual time=11.541...8463.638 rows=813 loops=0)\u001b[K\u001b[22;61H\u001b[8X\u001b[8CBuffers: shared_blks_hit=29\u001b[K\u001b[23;61HHashJoin (cost=23.23..125.49 rows=3054 width=4) (actual time=11.541...9567.032 rows=919 loops=0)\u001b[K\u001b[24;61H\u001b[8X\u001b[8CBuffers: shared_blks_hit=31\u001b[K\u001b[25;61HHashJoin (cost=23.23..125.49 rows=3054 width=4) (actual time=11.541...10462.271 rows=1005 loops=0)\u001b[26;61H\u001b[8X\u001b[8CBuffers: shared_blks_hit=33\u001b[K\u001b[27;61HHashJoin (cost=23.23..125.49 rows=3054 width=4) (actual time=11.541...11451.703 rows=1100 loops=0)\u001b[28;61H\u001b[8X\u001b[8CBuffers: shared_blks_hit=35\u001b[K\u001b[29;61HHashJoin (cost=23.23..125.49 rows=3054 width=4) (actual time=11.541"]
[145.01473, "o", "...12496.180 rows=1200 loops=0)\u001b[30;61H\u001b[8X\u001b[8CBuffers: shared_blks_hit=37\u001b[K\u001b[31;61HHashJoin (cost=23.23..125.49 rows=3054 width=4) (actual time=11.541...13412.856 rows=1288 loops=0)\u001b[32;61H\u001b[8X\u001b[8CBuffers: shared_blks_hit=38\u001b[K\u001b[33;61H\u001b[8X\u001b[8C-> SeqScan (cost=0.00..86.54 rows=3054 width=4) (actual time=0.014...6.743 rows=1289 loops\u001b[34;61H=0)\u001b[K\u001b[35;61H\u001b[16X\u001b[16CBuffers: shared_blks_hit=24\u001b[K\u001b[36;61H\u001b[8X\u001b[8C-> SeqScan (cost=0.00..18.10 rows=410 width=4) (actual time=0.006...0.647 rows=410 loops=0\u001b[37;61H)\u001b[K\u001b[38;61H\u001b[16X\u001b[16CBuffers: shared_blks_hit=14\u001b[K\u001b[39;61H\u001b[K\u001b[?12l\u001b[?25h\u001b[37;1H"]
[146.016675, "o", "\u001b[?25l\u001b[1;61HCurrently running:\u001b[K\u001b[2;61Hselect pg_sleep(0.01) from pg_class join pg_attribute on pg_class.oid = pg_attribute.attrelid;\u001b[K\u001b[3;61HHashJoin (cost=23.23..125.49 rows=3054 width=4) (actual time=11.541...433.270 rows=42 loops=0)\u001b[K\u001b[4;61H\u001b[8X\u001b[8CBuffers: shared_blks_hit=15\u001b[K\u001b[5;61HHashJoin (cost=23.23..125.49 rows=3054 width=4) (actual time=11.541...1456.438 rows=140 loops=0)\u001b[K\u001b[6;61H\u001b[8X\u001b[8CBuffers: shared_blks_hit=17\u001b[K\u001b[7;61HHashJoin (cost=23.23..125.49 rows=3054 width=4) (actual time=11.541...2393.846 rows=230 loops=0)\u001b[K\u001b[8;61H\u001b[8X\u001b[8CBuffers: shared_blks_hit=19\u001b[K\u001b[9;61HHashJoin (cost=23.23..125.49 rows=3054 width=4) (actual time=11.541...3505.568 rows=337 loops=0)\u001b[K\u001b[10;61H\u001b[8X\u001b[8CBuffers: shared_blks_hit=21\u001b[K\u001b[11;61HHashJoin (cost=23.23..125.49 rows=3054 width=4) (actual time=11.541...4421.875 rows=425 loops=0)\u001b[K\u001b[12;61H\u001b[8X\u001b[8CBuffers: shared_blks_hit=22\u001b[K\u001b[13;61HHashJoin (cost=23.23..125.49 rows=3054 width=4) (actual time=11.541...5473.287 rows=526 loops=0)\u001b[K\u001b[14;61H\u001b[8X\u001b[8CBuffers"]
[146.016725, "o", ": shared_blks_hit=24\u001b[K\u001b[15;61HHashJoin (cost=23.23..125.49 rows=3054 width=4) (actual time=11.541...6389.824 rows=614 loops=0)\u001b[K\u001b[16;61H\u001b[8X\u001b[8CBuffers: shared_blks_hit=26\u001b[K\u001b[17;61HHashJoin (cost=23.23..125.49 rows=3054 width=4) (actual time=11.541...7494.157 rows=720 loops=0)\u001b[K\u001b[18;61H\u001b[8X\u001b[8CBuffers: shared_blks_hit=28\u001b[K\u001b[19;61HHashJoin (cost=23.23..125.49 rows=3054 width=4) (actual time=11.541...8463.638 rows=813 loops=0)\u001b[K\u001b[20;61H\u001b[8X\u001b[8CBuffers: shared_blks_hit=29\u001b[K\u001b[21;61HHashJoin (cost=23.23..125.49 rows=3054 width=4) (actual time=11.541...9567.032 rows=919 loops=0)\u001b[K\u001b[22;61H\u001b[8X\u001b[8CBuffers: shared_blks_hit=31\u001b[K\u001b[23;61HHashJoin (cost=23.23..125.49 rows=3054 width=4) (actual time=11.541...10462.271 rows=1005 loops=0)\u001b[24;61H\u001b[8X\u001b[8CBuffers: shared_blks_hit=33\u001b[K\u001b[25;61HHashJoin (cost=23.23..125.49 rows=3054 width=4) (actual time=11.541...11451.703 rows=1100 loops=0)\u001b[26;61H\u001b[8X\u001b[8CBuffers: shared_blks_hit=35\u001b[K\u001b[27;61HHashJoin (cost=23.23..125.49 rows=3054 width=4) (actual time=11.541...12496.1"]
[146.016835, "o", "80 rows=1200 loops=0)\u001b[28;61H\u001b[8X\u001b[8CBuffers: shared_blks_hit=37\u001b[K\u001b[29;61HHashJoin (cost=23.23..125.49 rows=3054 width=4) (actual time=11.541...13412.856 rows=1288 loops=0)\u001b[30;61H\u001b[8X\u001b[8CBuffers: shared_blks_hit=38\u001b[K\u001b[31;61HHashJoin (cost=23.23..125.49 rows=3054 width=4) (actual time=11.541...14497.741 rows=1392 loops=0)\u001b[32;61H\u001b[8X\u001b[8CBuffers: shared_blks_hit=40\u001b[K\u001b[33;61H\u001b[8X\u001b[8C-> SeqScan (cost=0.00..86.54 rows=3054 width=4) (actual time=0.014...7.297 rows=1393 loops\u001b[34;61H=0)\u001b[K\u001b[35;61H\u001b[16X\u001b[16CBuffers: shared_blks_hit=26\u001b[K\u001b[36;61H\u001b[8X\u001b[8C-> SeqScan (cost=0.00..18.10 rows=410 width=4) (actual time=0.006...0.647 rows=410 loops=0\u001b[37;61H)\u001b[K\u001b[38;61H\u001b[16X\u001b[16CBuffers: shared_blks_hit=14\u001b[K\u001b[39;61H\u001b[K\u001b[?12l\u001b[?25h\u001b[37;1H"]
[147.018978, "o", "\u001b[?25l\u001b[1;61HHashJoin (cost=23.23..125.49 rows=3054 width=4) (actual time=11.541...433.270 rows=42 loops=0)\u001b[K\u001b[2;61H\u001b[8X\u001b[8CBuffers: shared_blks_hit=15\u001b[K\u001b[3;61HHashJoin (cost=23.23..125.49 rows=3054 width=4) (actual time=11.541...1456.438 rows=140 loops=0)\u001b[K\u001b[4;61H\u001b[8X\u001b[8CBuffers: shared_blks_hit=17\u001b[K\u001b[5;61HHashJoin (cost=23.23..125.49 rows=3054 width=4) (actual time=11.541...2393.846 rows=230 loops=0)\u001b[K\u001b[6;61H\u001b[8X\u001b[8CBuffers: shared_blks_hit=19\u001b[K\u001b[7;61HHashJoin (cost=23.23..125.49 rows=3054 width=4) (actual time=11.541...3505.568 rows=337 loops=0)\u001b[K\u001b[8;61H\u001b[8X\u001b[8CBuffers: shared_blks_hit=21\u001b[K\u001b[9;61HHashJoin (cost=23.23..125.49 rows=3054 width=4) (actual time=11.541...4421.875 rows=425 loops=0)\u001b[K\u001b[10;61H\u001b[8X\u001b[8CBuffers: shared_blks_hit=22\u001b[K\u001b[11;61HHashJoin (cost=23.23..125.49 rows=3054 width=4) (actual time=11.541...5473.287 rows=526 loops=0)\u001b[K\u001b[12;61H\u001b[8X\u001b[8CBuffers: shared_blks_hit=24\u001b[K\u001b[13;61HHashJoin (cost=23.23..125.49 rows=3054 width=4) (actual time=11.541...6389.824 rows=614 loops=0)\u001b[K\u001b[14"]
[147.01901, "o", ";61H\u001b[8X\u001b[8CBuffers: shared_blks_hit=26\u001b[K\u001b[15;61HHashJoin (cost=23.23..125.49 rows=3054 width=4) (actual time=11.541...7494.157 rows=720 loops=0)\u001b[K\u001b[16;61H\u001b[8X\u001b[8CBuffers: shared_blks_hit=28\u001b[K\u001b[17;61HHashJoin (cost=23.23..125.49 rows=3054 width=4) (actual time=11.541...8463.638 rows=813 loops=0)\u001b[K\u001b[18;61H\u001b[8X\u001b[8CBuffers: shared_blks_hit=29\u001b[K\u001b[19;61HHashJoin (cost=23.23..125.49 rows=3054 width=4) (actual time=11.541...9567.032 rows=919 loops=0)\u001b[K\u001b[20;61H\u001b[8X\u001b[8CBuffers: shared_blks_hit=31\u001b[K\u001b[21;61HHashJoin (cost=23.23..125.49 rows=3054 width=4) (actual time=11.541...10462.271 rows=1005 loops=0)\u001b[22;61H\u001b[8X\u001b[8CBuffers: shared_blks_hit=33\u001b[K\u001b[23;61HHashJoin (cost=23.23..125.49 rows=3054 width=4) (actual time=11.541...11451.703 rows=1100 loops=0)\u001b[24;61H\u001b[8X\u001b[8CBuffers: shared_blks_hit=35\u001b[K\u001b[25;61HHashJoin (cost=23.23..125.49 rows=3054 width=4) (actual time=11.541...12496.180 rows=1200 loops=0)\u001b[26;61H\u001b[8X\u001b[8CBuffers: shared_blks_hit=37\u001b[K\u001b[27;61HHashJoin (cost=23.23..125.49 rows=3054 width=4) (actual tim"]
[147.01902, "o", "e=11.541...13412.856 rows=1288 loops=0)\u001b[28;61H\u001b[8X\u001b[8CBuffers: shared_blks_hit=38\u001b[K\u001b[29;61HHashJoin (cost=23.23..125.49 rows=3054 width=4) (actual time=11.541...14497.741 rows=1392 loops=0)\u001b[30;61H\u001b[8X\u001b[8CBuffers: shared_blks_hit=40\u001b[K\u001b[31;61HHashJoin (cost=23.23..125.49 rows=3054 width=4) (actual time=11.541...15414.107 rows=1480 loops=0)\u001b[32;61H\u001b[8X\u001b[8CBuffers: shared_blks_hit=42\u001b[K\u001b[33;61H\u001b[8X\u001b[8C-> SeqScan (cost=0.00..86.54 rows=3054 width=4) (actual time=0.014...7.784 rows=1481 loops\u001b[34;61H=0)\u001b[K\u001b[35;61H\u001b[16X\u001b[16CBuffers: shared_blks_hit=28\u001b[K\u001b[36;61H\u001b[8X\u001b[8C-> SeqScan (cost=0.00..18.10 rows=410 width=4) (actual time=0.006...0.647 rows=410 loops=0\u001b[37;61H)\u001b[K\u001b[38;61H\u001b[16X\u001b[16CBuffers: shared_blks_hit=14\u001b[K\u001b[39;61H\u001b[K\u001b[?12l\u001b[?25h\u001b[37;1H"]
[148.025572, "o", "\u001b[?25l\u001b[1;61HHashJoin (cost=23.23..125.49 rows=3054 width=4) (actual time=11.541...1456.438 rows=140 loops=0)\u001b[K\u001b[2;61H\u001b[8X\u001b[8CBuffers: shared_blks_hit=17\u001b[K\u001b[3;61HHashJoin (cost=23.23..125.49 rows=3054 width=4) (actual time=11.541...2393.846 rows=230 loops=0)\u001b[K\u001b[4;61H\u001b[8X\u001b[8CBuffers: shared_blks_hit=19\u001b[K\u001b[5;61HHashJoin (cost=23.23..125.49 rows=3054 width=4) (actual time=11.541...3505.568 rows=337 loops=0)\u001b[K\u001b[6;61H\u001b[8X\u001b[8CBuffers: shared_blks_hit=21\u001b[K\u001b[7;61HHashJoin (cost=23.23..125.49 rows=3054 width=4) (actual time=11.541...4421.875 rows=425 loops=0)\u001b[K\u001b[8;61H\u001b[8X\u001b[8CBuffers: shared_blks_hit=22\u001b[K\u001b[9;61HHashJoin (cost=23.23..125.49 rows=3054 width=4) (actual time=11.541...5473.287 rows=526 loops=0)\u001b[K\u001b[10;61H\u001b[8X\u001b[8CBuffers: shared_blks_hit=24\u001b[K\u001b[11;61HHashJoin (cost=23.23..125.49 rows=3054 width=4) (actual time=11.541...6389.824 rows=614 loops=0)\u001b[K\u001b[12;61H\u001b[8X\u001b[8CBuffers: shared_blks_hit=26\u001b[K\u001b[13;61HHashJoin (cost=23.23..125.49 rows=3054 width=4) (actual time=11.541...7494.157 rows=720 loops=0)\u001b[K\u001b["]
[148.025653, "o", "14;61H\u001b[8X\u001b[8CBuffers: shared_blks_hit=28\u001b[K\u001b[15;61HHashJoin (cost=23.23..125.49 rows=3054 width=4) (actual time=11.541...8463.638 rows=813 loops=0)\u001b[K\u001b[16;61H\u001b[8X\u001b[8CBuffers: shared_blks_hit=29\u001b[K\u001b[17;61HHashJoin (cost=23.23..125.49 rows=3054 width=4) (actual time=11.541...9567.032 rows=919 loops=0)\u001b[K\u001b[18;61H\u001b[8X\u001b[8CBuffers: shared_blks_hit=31\u001b[K\u001b[19;61HHashJoin (cost=23.23..125.49 rows=3054 width=4) (actual time=11.541...10462.271 rows=1005 loops=0)\u001b[20;61H\u001b[8X\u001b[8CBuffers: shared_blks_hit=33\u001b[K\u001b[21;61HHashJoin (cost=23.23..125.49 rows=3054 width=4) (actual time=11.541...11451.703 rows=1100 loops=0)\u001b[22;61H\u001b[8X\u001b[8CBuffers: shared_blks_hit=35\u001b[K\u001b[23;61HHashJoin (cost=23.23..125.49 rows=3054 width=4) (actual time=11.541...12496.180 rows=1200 loops=0)\u001b[24;61H\u001b[8X\u001b[8CBuffers: shared_blks_hit=37\u001b[K\u001b[25;61HHashJoin (cost=23.23..125.49 rows=3054 width=4) (actual time=11.541...13412.856 rows=1288 loops=0)\u001b[26;61H\u001b[8X\u001b[8CBuffers: shared_blks_hit=38\u001b[K\u001b[27;61HHashJoin (cost=23.23..125.49 rows=3054 width=4) (actual ti"]
[148.025864, "o", "me=11.541...14497.741 rows=1392 loops=0)\u001b[28;61H\u001b[8X\u001b[8CBuffers: shared_blks_hit=40\u001b[K\u001b[29;61HHashJoin (cost=23.23..125.49 rows=3054 width=4) (actual time=11.541...15414.107 rows=1480 loops=0)\u001b[30;61H\u001b[8X\u001b[8CBuffers: shared_blks_hit=42\u001b[K\u001b[31;61HHashJoin (cost=23.23..125.49 rows=3054 width=4) (actual time=11.541...16500.735 rows=1584 loops=0)\u001b[32;61H\u001b[8X\u001b[8CBuffers: shared_blks_hit=44\u001b[K\u001b[33;61H\u001b[8X\u001b[8C-> SeqScan (cost=0.00..86.54 rows=3054 width=4) (actual time=0.014...8.362 rows=1585 loops\u001b[34;61H=0)\u001b[K\u001b[35;61H\u001b[16X\u001b[16CBuffers: shared_blks_hit=30\u001b[K\u001b[36;61H\u001b[8X\u001b[8C-> SeqScan (cost=0.00..18.10 rows=410 width=4) (actual time=0.006...0.647 rows=410 loops=0\u001b[37;61H)\u001b[K\u001b[38;61H\u001b[16X\u001b[16CBuffers: shared_blks_hit=14\u001b[K\u001b[39;61H\u001b[K\u001b[?12l\u001b[?25h\u001b[37;1H"]
[149.028145, "o", "\u001b[?25l\u001b[1;61HHashJoin (cost=23.23..125.49 rows=3054 width=4) (actual time=11.541...2393.846 rows=230 loops=0)\u001b[K\u001b[2;61H\u001b[8X\u001b[8CBuffers: shared_blks_hit=19\u001b[K\u001b[3;61HHashJoin (cost=23.23..125.49 rows=3054 width=4) (actual time=11.541...3505.568 rows=337 loops=0)\u001b[K\u001b[4;61H\u001b[8X\u001b[8CBuffers: shared_blks_hit=21\u001b[K\u001b[5;61HHashJoin (cost=23.23..125.49 rows=3054 width=4) (actual time=11.541...4421.875 rows=425 loops=0)\u001b[K\u001b[6;61H\u001b[8X\u001b[8CBuffers: shared_blks_hit=22\u001b[K\u001b[7;61HHashJoin (cost=23.23..125.49 rows=3054 width=4) (actual time=11.541...5473.287 rows=526 loops=0)\u001b[K\u001b[8;61H\u001b[8X\u001b[8CBuffers: shared_blks_hit=24\u001b[K\u001b[9;61HHashJoin (cost=23.23..125.49 rows=3054 width=4) (actual time=11.541...6389.824 rows=614 loops=0)\u001b[K\u001b[10;61H\u001b[8X\u001b[8CBuffers: shared_blks_hit=26\u001b[K\u001b[11;61HHashJoin (cost=23.23..125.49 rows=3054 width=4) (actual time=11.541...7494.157 rows=720 loops=0)\u001b[K\u001b[12;61H\u001b[8X\u001b[8CBuffers: shared_blks_hit=28\u001b[K\u001b[13;61HHashJoin (cost=23.23..125.49 rows=3054 width=4) (actual time=11.541...8463.638 rows=813 loops=0)\u001b[K\u001b["]
[149.028214, "o", "14;61H\u001b[8X\u001b[8CBuffers: shared_blks_hit=29\u001b[K\u001b[15;61HHashJoin (cost=23.23..125.49 rows=3054 width=4) (actual time=11.541...9567.032 rows=919 loops=0)\u001b[K\u001b[16;61H\u001b[8X\u001b[8CBuffers: shared_blks_hit=31\u001b[K\u001b[17;61HHashJoin (cost=23.23..125.49 rows=3054 width=4) (actual time=11.541...10462.271 rows=1005 loops=0)\u001b[18;61H\u001b[8X\u001b[8CBuffers: shared_blks_hit=33\u001b[K\u001b[19;61HHashJoin (cost=23.23..125.49 rows=3054 width=4) (actual time=11.541...11451.703 rows=1100 loops=0)\u001b[20;61H\u001b[8X\u001b[8CBuffers: shared_blks_hit=35\u001b[K\u001b[21;61HHashJoin (cost=23.23..125.49 rows=3054 width=4) (actual time=11.541...12496.180 rows=1200 loops=0)\u001b[22;61H\u001b[8X\u001b[8CBuffers: shared_blks_hit=37\u001b[K\u001b[23;61HHashJoin (cost=23.23..125.49 rows=3054 width=4) (actual time=11.541...13412.856 rows=1288 loops=0)\u001b[24;61H\u001b[8X\u001b[8CBuffers: shared_blks_hit=38\u001b[K\u001b[25;61HHashJoin (cost=23.23..125.49 rows=3054 width=4) (actual time=11.541...14497.741 rows=1392 loops=0)\u001b[26;61H\u001b[8X\u001b[8CBuffers: shared_blks_hit=40\u001b[K\u001b[27;61HHashJoin (cost=23.23..125.49 rows=3054 width=4) (actual tim"]
[149.028238, "o", "e=11.541...15414.107 rows=1480 loops=0)\u001b[28;61H\u001b[8X\u001b[8CBuffers: shared_blks_hit=42\u001b[K\u001b[29;61HHashJoin (cost=23.23..125.49 rows=3054 width=4) (actual time=11.541...16500.735 rows=1584 loops=0)\u001b[30;61H\u001b[8X\u001b[8CBuffers: shared_blks_hit=44\u001b[K\u001b[31;61HHashJoin (cost=23.23..125.49 rows=3054 width=4) (actual time=11.541...17472.119 rows=1678 loops=0)\u001b[32;61H\u001b[8X\u001b[8CBuffers: shared_blks_hit=45\u001b[K\u001b[33;61H\u001b[8X\u001b[8C-> SeqScan (cost=0.00..86.54 rows=3054 width=4) (actual time=0.014...8.847 rows=1678 loops\u001b[34;61H=0)\u001b[K\u001b[35;61H\u001b[16X\u001b[16CBuffers: shared_blks_hit=31\u001b[K\u001b[36;61H\u001b[8X\u001b[8C-> SeqScan (cost=0.00..18.10 rows=410 width=4) (actual time=0.006...0.647 rows=410 loops=0\u001b[37;61H)\u001b[K\u001b[38;61H\u001b[16X\u001b[16CBuffers: shared_blks_hit=14\u001b[K\u001b[39;61H\u001b[K\u001b[?12l\u001b[?25h\u001b[37;1H"]
[150.03051, "o", "\u001b[?25l\u001b[1;61HHashJoin (cost=23.23..125.49 rows=3054 width=4) (actual time=11.541...3505.568 rows=337 loops=0)\u001b[K\u001b[2;61H\u001b[8X\u001b[8CBuffers: shared_blks_hit=21\u001b[K\u001b[3;61HHashJoin (cost=23.23..125.49 rows=3054 width=4) (actual time=11.541...4421.875 rows=425 loops=0)\u001b[K\u001b[4;61H\u001b[8X\u001b[8CBuffers: shared_blks_hit=22\u001b[K\u001b[5;61HHashJoin (cost=23.23..125.49 rows=3054 width=4) (actual time=11.541...5473.287 rows=526 loops=0)\u001b[K\u001b[6;61H\u001b[8X\u001b[8CBuffers: shared_blks_hit=24\u001b[K\u001b[7;61HHashJoin (cost=23.23..125.49 rows=3054 width=4) (actual time=11.541...6389.824 rows=614 loops=0)\u001b[K\u001b[8;61H\u001b[8X\u001b[8CBuffers: shared_blks_hit=26\u001b[K\u001b[9;61HHashJoin (cost=23.23..125.49 rows=3054 width=4) (actual time=11.541...7494.157 rows=720 loops=0)\u001b[K\u001b[10;61H\u001b[8X\u001b[8CBuffers: shared_blks_hit=28\u001b[K\u001b[11;61HHashJoin (cost=23.23..125.49 rows=3054 width=4) (actual time=11.541...8463.638 rows=813 loops=0)\u001b[K\u001b[12;61H\u001b[8X\u001b[8CBuffers: shared_blks_hit=29\u001b[K\u001b[13;61HHashJoin (cost=23.23..125.49 rows=3054 width=4) (actual time=11.541...9567.032 rows=919 loops=0)\u001b[K\u001b["]
[150.030749, "o", "14;61H\u001b[8X\u001b[8CBuffers: shared_blks_hit=31\u001b[K\u001b[15;61HHashJoin (cost=23.23..125.49 rows=3054 width=4) (actual time=11.541...10462.271 rows=1005 loops=0)\u001b[16;61H\u001b[8X\u001b[8CBuffers: shared_blks_hit=33\u001b[K\u001b[17;61HHashJoin (cost=23.23..125.49 rows=3054 width=4) (actual time=11.541...11451.703 rows=1100 loops=0)\u001b[18;61H\u001b[8X\u001b[8CBuffers: shared_blks_hit=35\u001b[K\u001b[19;61HHashJoin (cost=23.23..125.49 rows=3054 width=4) (actual time=11.541...12496.180 rows=1200 loops=0)\u001b[20;61H\u001b[8X\u001b[8CBuffers: shared_blks_hit=37\u001b[K\u001b[21;61HHashJoin (cost=23.23..125.49 rows=3054 width=4) (actual time=11.541...13412.856 rows=1288 loops=0)\u001b[22;61H\u001b[8X\u001b[8CBuffers: shared_blks_hit=38\u001b[K\u001b[23;61HHashJoin (cost=23.23..125.49 rows=3054 width=4) (actual time=11.541...14497.741 rows=1392 loops=0)\u001b[24;61H\u001b[8X\u001b[8CBuffers: shared_blks_hit=40\u001b[K\u001b[25;61HHashJoin (cost=23.23..125.49 rows=3054 width=4) (actual time=11.541...15414.107 rows=1480 loops=0)\u001b[26;61H\u001b[8X\u001b[8CBuffers: shared_blks_hit=42\u001b[K\u001b[27;61HHashJoin (cost=23.23..125.49 rows=3054 width=4) (actual time"]
[150.030828, "o", "=11.541...16500.735 rows=1584 loops=0)\u001b[28;61H\u001b[8X\u001b[8CBuffers: shared_blks_hit=44\u001b[K\u001b[29;61HHashJoin (cost=23.23..125.49 rows=3054 width=4) (actual time=11.541...17472.119 rows=1678 loops=0)\u001b[30;61H\u001b[8X\u001b[8CBuffers: shared_blks_hit=45\u001b[K\u001b[31;61HHashJoin (cost=23.23..125.49 rows=3054 width=4) (actual time=11.541...18441.880 rows=1770 loops=0)\u001b[32;61H\u001b[8X\u001b[8CBuffers: shared_blks_hit=47\u001b[K\u001b[33;61H\u001b[8X\u001b[8C-> SeqScan (cost=0.00..86.54 rows=3054 width=4) (actual time=0.014...9.357 rows=1771 loops\u001b[34;61H=0)\u001b[K\u001b[35;61H\u001b[16X\u001b[16CBuffers: shared_blks_hit=33\u001b[K\u001b[36;61H\u001b[8X\u001b[8C-> SeqScan (cost=0.00..18.10 rows=410 width=4) (actual time=0.006...0.647 rows=410 loops=0\u001b[37;61H)\u001b[K\u001b[38;61H\u001b[16X\u001b[16CBuffers: shared_blks_hit=14\u001b[K\u001b[39;61H\u001b[K\u001b[?12l\u001b[?25h\u001b[37;1H"]
[151.033199, "o", "\u001b[?25l\u001b[1;61HHashJoin (cost=23.23..125.49 rows=3054 width=4) (actual time=11.541...4421.875 rows=425 loops=0)\u001b[K\u001b[2;61H\u001b[8X\u001b[8CBuffers: shared_blks_hit=22\u001b[K\u001b[3;61HHashJoin (cost=23.23..125.49 rows=3054 width=4) (actual time=11.541...5473.287 rows=526 loops=0)\u001b[K\u001b[4;61H\u001b[8X\u001b[8CBuffers: shared_blks_hit=24\u001b[K\u001b[5;61HHashJoin (cost=23.23..125.49 rows=3054 width=4) (actual time=11.541...6389.824 rows=614 loops=0)\u001b[K\u001b[6;61H\u001b[8X\u001b[8CBuffers: shared_blks_hit=26\u001b[K\u001b[7;61HHashJoin (cost=23.23..125.49 rows=3054 width=4) (actual time=11.541...7494.157 rows=720 loops=0)\u001b[K\u001b[8;61H\u001b[8X\u001b[8CBuffers: shared_blks_hit=28\u001b[K\u001b[9;61HHashJoin (cost=23.23..125.49 rows=3054 width=4) (actual time=11.541...8463.638 rows=813 loops=0)\u001b[K\u001b[10;61H\u001b[8X\u001b[8CBuffers: shared_blks_hit=29\u001b[K\u001b[11;61HHashJoin (cost=23.23..125.49 rows=3054 width=4) (actual time=11.541...9567.032 rows=919 loops=0)\u001b[K\u001b[12;61H\u001b[8X\u001b[8CBuffers: shared_blks_hit=31\u001b[K\u001b[13;61HHashJoin (cost=23.23..125.49 rows=3054 width=4) (actual time=11.541...10462.271 rows=1005 loops=0)\u001b[1"]
[151.033269, "o", "4;61H\u001b[8X\u001b[8CBuffers: shared_blks_hit=33\u001b[K\u001b[15;61HHashJoin (cost=23.23..125.49 rows=3054 width=4) (actual time=11.541...11451.703 rows=1100 loops=0)\u001b[16;61H\u001b[8X\u001b[8CBuffers: shared_blks_hit=35\u001b[K\u001b[17;61HHashJoin (cost=23.23..125.49 rows=3054 width=4) (actual time=11.541...12496.180 rows=1200 loops=0)\u001b[18;61H\u001b[8X\u001b[8CBuffers: shared_blks_hit=37\u001b[K\u001b[19;61HHashJoin (cost=23.23..125.49 rows=3054 width=4) (actual time=11.541...13412.856 rows=1288 loops=0)\u001b[20;61H\u001b[8X\u001b[8CBuffers: shared_blks_hit=38\u001b[K\u001b[21;61HHashJoin (cost=23.23..125.49 rows=3054 width=4) (actual time=11.541...14497.741 rows=1392 loops=0)\u001b[22;61H\u001b[8X\u001b[8CBuffers: shared_blks_hit=40\u001b[K\u001b[23;61HHashJoin (cost=23.23..125.49 rows=3054 width=4) (actual time=11.541...15414.107 rows=1480 loops=0)\u001b[24;61H\u001b[8X\u001b[8CBuffers: shared_blks_hit=42\u001b[K\u001b[25;61HHashJoin (cost=23.23..125.49 rows=3054 width=4) (actual time=11.541...16500.735 rows=1584 loops=0)\u001b[26;61H\u001b[8X\u001b[8CBuffers: shared_blks_hit=44\u001b[K\u001b[27;61HHashJoin (cost=23.23..125.49 rows=3054 width=4) (actual time="]
[151.033293, "o", "11.541...17472.119 rows=1678 loops=0)\u001b[28;61H\u001b[8X\u001b[8CBuffers: shared_blks_hit=45\u001b[K\u001b[29;61HHashJoin (cost=23.23..125.49 rows=3054 width=4) (actual time=11.541...18441.880 rows=1770 loops=0)\u001b[30;61H\u001b[8X\u001b[8CBuffers: shared_blks_hit=47\u001b[K\u001b[31;61HHashJoin (cost=23.23..125.49 rows=3054 width=4) (actual time=11.541...19453.851 rows=1867 loops=0)\u001b[32;61H\u001b[8X\u001b[8CBuffers: shared_blks_hit=49\u001b[K\u001b[33;61H\u001b[8X\u001b[8C-> SeqScan (cost=0.00..86.54 rows=3054 width=4) (actual time=0.014...9.859 rows=1868 loops\u001b[34;61H=0)\u001b[K\u001b[35;61H\u001b[16X\u001b[16CBuffers: shared_blks_hit=35\u001b[K\u001b[36;61H\u001b[8X\u001b[8C-> SeqScan (cost=0.00..18.10 rows=410 width=4) (actual time=0.006...0.647 rows=410 loops=0\u001b[37;61H)\u001b[K\u001b[38;61H\u001b[16X\u001b[16CBuffers: shared_blks_hit=14\u001b[K\u001b[39;61H\u001b[K\u001b[?12l\u001b[?25h\u001b[37;1H"]
[151.305373, "o", "\u001b[?25l\u001b[30m\u001b[42m\u001b[40d[0] 0:psql*                                                                                                                           \"psql\" 16:07 14-févr.-23\u001b(B\u001b[m\u001b[?12l\u001b[?25h\u001b[37;1H"]
[152.0356, "o", "\u001b[?25l\u001b[1;61HHashJoin (cost=23.23..125.49 rows=3054 width=4) (actual time=11.541...5473.287 rows=526 loops=0)\u001b[K\u001b[2;61H\u001b[8X\u001b[8CBuffers: shared_blks_hit=24\u001b[K\u001b[3;61HHashJoin (cost=23.23..125.49 rows=3054 width=4) (actual time=11.541...6389.824 rows=614 loops=0)\u001b[K\u001b[4;61H\u001b[8X\u001b[8CBuffers: shared_blks_hit=26\u001b[K\u001b[5;61HHashJoin (cost=23.23..125.49 rows=3054 width=4) (actual time=11.541...7494.157 rows=720 loops=0)\u001b[K\u001b[6;61H\u001b[8X\u001b[8CBuffers: shared_blks_hit=28\u001b[K\u001b[7;61HHashJoin (cost=23.23..125.49 rows=3054 width=4) (actual time=11.541...8463.638 rows=813 loops=0)\u001b[K\u001b[8;61H\u001b[8X\u001b[8CBuffers: shared_blks_hit=29\u001b[K\u001b[9;61HHashJoin (cost=23.23..125.49 rows=3054 width=4) (actual time=11.541...9567.032 rows=919 loops=0)\u001b[K\u001b[10;61H\u001b[8X\u001b[8CBuffers: shared_blks_hit=31\u001b[K\u001b[11;61HHashJoin (cost=23.23..125.49 rows=3054 width=4) (actual time=11.541...10462.271 rows=1005 loops=0)\u001b[12;61H\u001b[8X\u001b[8CBuffers: shared_blks_hit=33\u001b[K\u001b[13;61HHashJoin (cost=23.23..125.49 rows=3054 width=4) (actual time=11.541...11451.703 rows=1100 loops=0)\u001b[14"]
[152.035696, "o", ";61H\u001b[8X\u001b[8CBuffers: shared_blks_hit=35\u001b[K\u001b[15;61HHashJoin (cost=23.23..125.49 rows=3054 width=4) (actual time=11.541...12496.180 rows=1200 loops=0)\u001b[16;61H\u001b[8X\u001b[8CBuffers: shared_blks_hit=37\u001b[K\u001b[17;61HHashJoin (cost=23.23..125.49 rows=3054 width=4) (actual time=11.541...13412.856 rows=1288 loops=0)\u001b[18;61H\u001b[8X\u001b[8CBuffers: shared_blks_hit=38\u001b[K\u001b[19;61HHashJoin (cost=23.23..125.49 rows=3054 width=4) (actual time=11.541...14497.741 rows=1392 loops=0)\u001b[20;61H\u001b[8X\u001b[8CBuffers: shared_blks_hit=40\u001b[K\u001b[21;61HHashJoin (cost=23.23..125.49 rows=3054 width=4) (actual time=11.541...15414.107 rows=1480 loops=0)\u001b[22;61H\u001b[8X\u001b[8CBuffers: shared_blks_hit=42\u001b[K\u001b[23;61HHashJoin (cost=23.23..125.49 rows=3054 width=4) (actual time=11.541...16500.735 rows=1584 loops=0)\u001b[24;61H\u001b[8X\u001b[8CBuffers: shared_blks_hit=44\u001b[K\u001b[25;61HHashJoin (cost=23.23..125.49 rows=3054 width=4) (actual time=11.541...17472.119 rows=1678 loops=0)\u001b[26;61H\u001b[8X\u001b[8CBuffers: shared_blks_hit=45\u001b[K\u001b[27;61HHashJoin (cost=23.23..125.49 rows=3054 width=4) (actual time=1"]
[152.035916, "o", "1.541...18441.880 rows=1770 loops=0)\u001b[28;61H\u001b[8X\u001b[8CBuffers: shared_blks_hit=47\u001b[K\u001b[29;61HHashJoin (cost=23.23..125.49 rows=3054 width=4) (actual time=11.541...19453.851 rows=1867 loops=0)\u001b[30;61H\u001b[8X\u001b[8CBuffers: shared_blks_hit=49\u001b[K\u001b[31;61HHashJoin (cost=23.23..125.49 rows=3054 width=4) (actual time=11.541...20434.273 rows=1961 loops=0)\u001b[32;61H\u001b[8X\u001b[8CBuffers: shared_blks_hit=50\u001b[K\u001b[33;61H\u001b[8X\u001b[8C-> SeqScan (cost=0.00..86.54 rows=3054 width=4) (actual time=0.014...10.365 rows=1962 loop\u001b[34;61Hs=0)\u001b[K\u001b[35;61H\u001b[16X\u001b[16CBuffers: shared_blks_hit=36\u001b[K\u001b[36;61H\u001b[8X\u001b[8C-> SeqScan (cost=0.00..18.10 rows=410 width=4) (actual time=0.006...0.647 rows=410 loops=0\u001b[37;61H)\u001b[K\u001b[38;61H\u001b[16X\u001b[16CBuffers: shared_blks_hit=14\u001b[K\u001b[39;61H\u001b[K\u001b[?12l\u001b[?25h\u001b[37;1H"]
[153.037702, "o", "\u001b[?25l\u001b[1;61HHashJoin (cost=23.23..125.49 rows=3054 width=4) (actual time=11.541...6389.824 rows=614 loops=0)\u001b[K\u001b[2;61H\u001b[8X\u001b[8CBuffers: shared_blks_hit=26\u001b[K\u001b[3;61HHashJoin (cost=23.23..125.49 rows=3054 width=4) (actual time=11.541...7494.157 rows=720 loops=0)\u001b[K\u001b[4;61H\u001b[8X\u001b[8CBuffers: shared_blks_hit=28\u001b[K\u001b[5;61HHashJoin (cost=23.23..125.49 rows=3054 width=4) (actual time=11.541...8463.638 rows=813 loops=0)\u001b[K\u001b[6;61H\u001b[8X\u001b[8CBuffers: shared_blks_hit=29\u001b[K\u001b[7;61HHashJoin (cost=23.23..125.49 rows=3054 width=4) (actual time=11.541...9567.032 rows=919 loops=0)\u001b[K\u001b[8;61H\u001b[8X\u001b[8CBuffers: shared_blks_hit=31\u001b[K\u001b[9;61HHashJoin (cost=23.23..125.49 rows=3054 width=4) (actual time=11.541...10462.271 rows=1005 loops=0)\u001b[10;61H\u001b[8X\u001b[8CBuffers: shared_blks_hit=33\u001b[K\u001b[11;61HHashJoin (cost=23.23..125.49 rows=3054 width=4) (actual time=11.541...11451.703 rows=1100 loops=0)\u001b[12;61H\u001b[8X\u001b[8CBuffers: shared_blks_hit=35\u001b[K\u001b[13;61HHashJoin (cost=23.23..125.49 rows=3054 width=4) (actual time=11.541...12496.180 rows=1200 loops=0)\u001b[14;"]
[153.037771, "o", "61H\u001b[8X\u001b[8CBuffers: shared_blks_hit=37\u001b[K\u001b[15;61HHashJoin (cost=23.23..125.49 rows=3054 width=4) (actual time=11.541...13412.856 rows=1288 loops=0)\u001b[16;61H\u001b[8X\u001b[8CBuffers: shared_blks_hit=38\u001b[K\u001b[17;61HHashJoin (cost=23.23..125.49 rows=3054 width=4) (actual time=11.541...14497.741 rows=1392 loops=0)\u001b[18;61H\u001b[8X\u001b[8CBuffers: shared_blks_hit=40\u001b[K\u001b[19;61HHashJoin (cost=23.23..125.49 rows=3054 width=4) (actual time=11.541...15414.107 rows=1480 loops=0)\u001b[20;61H\u001b[8X\u001b[8CBuffers: shared_blks_hit=42\u001b[K\u001b[21;61HHashJoin (cost=23.23..125.49 rows=3054 width=4) (actual time=11.541...16500.735 rows=1584 loops=0)\u001b[22;61H\u001b[8X\u001b[8CBuffers: shared_blks_hit=44\u001b[K\u001b[23;61HHashJoin (cost=23.23..125.49 rows=3054 width=4) (actual time=11.541...17472.119 rows=1678 loops=0)\u001b[24;61H\u001b[8X\u001b[8CBuffers: shared_blks_hit=45\u001b[K\u001b[25;61HHashJoin (cost=23.23..125.49 rows=3054 width=4) (actual time=11.541...18441.880 rows=1770 loops=0)\u001b[26;61H\u001b[8X\u001b[8CBuffers: shared_blks_hit=47\u001b[K\u001b[27;61HHashJoin (cost=23.23..125.49 rows=3054 width=4) (actual time=11"]
[153.038028, "o", ".541...19453.851 rows=1867 loops=0)\u001b[28;61H\u001b[8X\u001b[8CBuffers: shared_blks_hit=49\u001b[K\u001b[29;61HHashJoin (cost=23.23..125.49 rows=3054 width=4) (actual time=11.541...20434.273 rows=1961 loops=0)\u001b[30;61H\u001b[8X\u001b[8CBuffers: shared_blks_hit=50\u001b[K\u001b[31;61HHashJoin (cost=23.23..125.49 rows=3054 width=4) (actual time=11.541...21467.565 rows=2060 loops=0)\u001b[32;61H\u001b[8X\u001b[8CBuffers: shared_blks_hit=52\u001b[K\u001b[33;61H\u001b[8X\u001b[8C-> SeqScan (cost=0.00..86.54 rows=3054 width=4) (actual time=0.014...10.890 rows=2061 loop\u001b[34;61Hs=0)\u001b[K\u001b[35;61H\u001b[16X\u001b[16CBuffers: shared_blks_hit=38\u001b[K\u001b[36;61H\u001b[8X\u001b[8C-> SeqScan (cost=0.00..18.10 rows=410 width=4) (actual time=0.006...0.647 rows=410 loops=0\u001b[37;61H)\u001b[K\u001b[38;61H\u001b[16X\u001b[16CBuffers: shared_blks_hit=14\u001b[K\u001b[39;61H\u001b[K\u001b[?12l\u001b[?25h\u001b[37;1H"]
[154.039784, "o", "\u001b[?25l\u001b[1;61HHashJoin (cost=23.23..125.49 rows=3054 width=4) (actual time=11.541...7494.157 rows=720 loops=0)\u001b[K\u001b[2;61H\u001b[8X\u001b[8CBuffers: shared_blks_hit=28\u001b[K\u001b[3;61HHashJoin (cost=23.23..125.49 rows=3054 width=4) (actual time=11.541...8463.638 rows=813 loops=0)\u001b[K\u001b[4;61H\u001b[8X\u001b[8CBuffers: shared_blks_hit=29\u001b[K\u001b[5;61HHashJoin (cost=23.23..125.49 rows=3054 width=4) (actual time=11.541...9567.032 rows=919 loops=0)\u001b[K\u001b[6;61H\u001b[8X\u001b[8CBuffers: shared_blks_hit=31\u001b[K\u001b[7;61HHashJoin (cost=23.23..125.49 rows=3054 width=4) (actual time=11.541...10462.271 rows=1005 loops=0)\u001b[8;61H\u001b[8X\u001b[8CBuffers: shared_blks_hit=33\u001b[K\u001b[9;61HHashJoin (cost=23.23..125.49 rows=3054 width=4) (actual time=11.541...11451.703 rows=1100 loops=0)\u001b[10;61H\u001b[8X\u001b[8CBuffers: shared_blks_hit=35\u001b[K\u001b[11;61HHashJoin (cost=23.23..125.49 rows=3054 width=4) (actual time=11.541...12496.180 rows=1200 loops=0)\u001b[12;61H\u001b[8X\u001b[8CBuffers: shared_blks_hit=37\u001b[K\u001b[13;61HHashJoin (cost=23.23..125.49 rows=3054 width=4) (actual time=11.541...13412.856 rows=1288 loops=0)\u001b[14;6"]
[154.039833, "o", "1H\u001b[8X\u001b[8CBuffers: shared_blks_hit=38\u001b[K\u001b[15;61HHashJoin (cost=23.23..125.49 rows=3054 width=4) (actual time=11.541...14497.741 rows=1392 loops=0)\u001b[16;61H\u001b[8X\u001b[8CBuffers: shared_blks_hit=40\u001b[K\u001b[17;61HHashJoin (cost=23.23..125.49 rows=3054 width=4) (actual time=11.541...15414.107 rows=1480 loops=0)\u001b[18;61H\u001b[8X\u001b[8CBuffers: shared_blks_hit=42\u001b[K\u001b[19;61HHashJoin (cost=23.23..125.49 rows=3054 width=4) (actual time=11.541...16500.735 rows=1584 loops=0)\u001b[20;61H\u001b[8X\u001b[8CBuffers: shared_blks_hit=44\u001b[K\u001b[21;61HHashJoin (cost=23.23..125.49 rows=3054 width=4) (actual time=11.541...17472.119 rows=1678 loops=0)\u001b[22;61H\u001b[8X\u001b[8CBuffers: shared_blks_hit=45\u001b[K\u001b[23;61HHashJoin (cost=23.23..125.49 rows=3054 width=4) (actual time=11.541...18441.880 rows=1770 loops=0)\u001b[24;61H\u001b[8X\u001b[8CBuffers: shared_blks_hit=47\u001b[K\u001b[25;61HHashJoin (cost=23.23..125.49 rows=3054 width=4) (actual time=11.541...19453.851 rows=1867 loops=0)\u001b[26;61H\u001b[8X\u001b[8CBuffers: shared_blks_hit=49\u001b[K\u001b[27;61HHashJoin (cost=23.23..125.49 rows=3054 width=4) (actual time=11."]
[154.039952, "o", "541...20434.273 rows=1961 loops=0)\u001b[28;61H\u001b[8X\u001b[8CBuffers: shared_blks_hit=50\u001b[K\u001b[29;61HHashJoin (cost=23.23..125.49 rows=3054 width=4) (actual time=11.541...21467.565 rows=2060 loops=0)\u001b[30;61H\u001b[8X\u001b[8CBuffers: shared_blks_hit=52\u001b[K\u001b[31;61HHashJoin (cost=23.23..125.49 rows=3054 width=4) (actual time=11.541...22478.320 rows=2157 loops=0)\u001b[32;61H\u001b[8X\u001b[8CBuffers: shared_blks_hit=54\u001b[K\u001b[33;61H\u001b[8X\u001b[8C-> SeqScan (cost=0.00..86.54 rows=3054 width=4) (actual time=0.014...11.395 rows=2158 loop\u001b[34;61Hs=0)\u001b[K\u001b[35;61H\u001b[16X\u001b[16CBuffers: shared_blks_hit=40\u001b[K\u001b[36;61H\u001b[8X\u001b[8C-> SeqScan (cost=0.00..18.10 rows=410 width=4) (actual time=0.006...0.647 rows=410 loops=0\u001b[37;61H)\u001b[K\u001b[38;61H\u001b[16X\u001b[16CBuffers: shared_blks_hit=14\u001b[K\u001b[39;61H\u001b[K\u001b[?12l\u001b[?25h\u001b[37;1H"]
[155.042684, "o", "\u001b[?25l\u001b[1;61HHashJoin (cost=23.23..125.49 rows=3054 width=4) (actual time=11.541...8463.638 rows=813 loops=0)\u001b[K\u001b[2;61H\u001b[8X\u001b[8CBuffers: shared_blks_hit=29\u001b[K\u001b[3;61HHashJoin (cost=23.23..125.49 rows=3054 width=4) (actual time=11.541...9567.032 rows=919 loops=0)\u001b[K\u001b[4;61H\u001b[8X\u001b[8CBuffers: shared_blks_hit=31\u001b[K\u001b[5;61HHashJoin (cost=23.23..125.49 rows=3054 width=4) (actual time=11.541...10462.271 rows=1005 loops=0)\u001b[6;61H\u001b[8X\u001b[8CBuffers: shared_blks_hit=33\u001b[K\u001b[7;61HHashJoin (cost=23.23..125.49 rows=3054 width=4) (actual time=11.541...11451.703 rows=1100 loops=0)\u001b[8;61H\u001b[8X\u001b[8CBuffers: shared_blks_hit=35\u001b[K\u001b[9;61HHashJoin (cost=23.23..125.49 rows=3054 width=4) (actual time=11.541...12496.180 rows=1200 loops=0)\u001b[10;61H\u001b[8X\u001b[8CBuffers: shared_blks_hit=37\u001b[K\u001b[11;61HHashJoin (cost=23.23..125.49 rows=3054 width=4) (actual time=11.541...13412.856 rows=1288 loops=0)\u001b[12;61H\u001b[8X\u001b[8CBuffers: shared_blks_hit=38\u001b[K\u001b[13;61HHashJoin (cost=23.23..125.49 rows=3054 width=4) (actual time=11.541...14497.741 rows=1392 loops=0)\u001b[14;61"]
[155.042743, "o", "H\u001b[8X\u001b[8CBuffers: shared_blks_hit=40\u001b[K\u001b[15;61HHashJoin (cost=23.23..125.49 rows=3054 width=4) (actual time=11.541...15414.107 rows=1480 loops=0)\u001b[16;61H\u001b[8X\u001b[8CBuffers: shared_blks_hit=42\u001b[K\u001b[17;61HHashJoin (cost=23.23..125.49 rows=3054 width=4) (actual time=11.541...16500.735 rows=1584 loops=0)\u001b[18;61H\u001b[8X\u001b[8CBuffers: shared_blks_hit=44\u001b[K\u001b[19;61HHashJoin (cost=23.23..125.49 rows=3054 width=4) (actual time=11.541...17472.119 rows=1678 loops=0)\u001b[20;61H\u001b[8X\u001b[8CBuffers: shared_blks_hit=45\u001b[K\u001b[21;61HHashJoin (cost=23.23..125.49 rows=3054 width=4) (actual time=11.541...18441.880 rows=1770 loops=0)\u001b[22;61H\u001b[8X\u001b[8CBuffers: shared_blks_hit=47\u001b[K\u001b[23;61HHashJoin (cost=23.23..125.49 rows=3054 width=4) (actual time=11.541...19453.851 rows=1867 loops=0)\u001b[24;61H\u001b[8X\u001b[8CBuffers: shared_blks_hit=49\u001b[K\u001b[25;61HHashJoin (cost=23.23..125.49 rows=3054 width=4) (actual time=11.541...20434.273 rows=1961 loops=0)\u001b[26;61H\u001b[8X\u001b[8CBuffers: shared_blks_hit=50\u001b[K\u001b[27;61HHashJoin (cost=23.23..125.49 rows=3054 width=4) (actual time=11.5"]
[155.042767, "o", "41...21467.565 rows=2060 loops=0)\u001b[28;61H\u001b[8X\u001b[8CBuffers: shared_blks_hit=52\u001b[K\u001b[29;61HHashJoin (cost=23.23..125.49 rows=3054 width=4) (actual time=11.541...22478.320 rows=2157 loops=0)\u001b[30;61H\u001b[8X\u001b[8CBuffers: shared_blks_hit=54\u001b[K\u001b[31;61HHashJoin (cost=23.23..125.49 rows=3054 width=4) (actual time=11.541...23573.089 rows=2262 loops=0)\u001b[32;61H\u001b[8X\u001b[8CBuffers: shared_blks_hit=56\u001b[K\u001b[33;61H\u001b[8X\u001b[8C-> SeqScan (cost=0.00..86.54 rows=3054 width=4) (actual time=0.014...11.995 rows=2263 loop\u001b[34;61Hs=0)\u001b[K\u001b[35;61H\u001b[16X\u001b[16CBuffers: shared_blks_hit=42\u001b[K\u001b[36;61H\u001b[8X\u001b[8C-> SeqScan (cost=0.00..18.10 rows=410 width=4) (actual time=0.006...0.647 rows=410 loops=0\u001b[37;61H)\u001b[K\u001b[38;61H\u001b[16X\u001b[16CBuffers: shared_blks_hit=14\u001b[K\u001b[39;61H\u001b[K\u001b[?12l\u001b[?25h\u001b[37;1H"]
[156.045005, "o", "\u001b[?25l\u001b[1;61HHashJoin (cost=23.23..125.49 rows=3054 width=4) (actual time=11.541...9567.032 rows=919 loops=0)\u001b[K\u001b[2;61H\u001b[8X\u001b[8CBuffers: shared_blks_hit=31\u001b[K\u001b[3;61HHashJoin (cost=23.23..125.49 rows=3054 width=4) (actual time=11.541...10462.271 rows=1005 loops=0)\u001b[4;61H\u001b[8X\u001b[8CBuffers: shared_blks_hit=33\u001b[K\u001b[5;61HHashJoin (cost=23.23..125.49 rows=3054 width=4) (actual time=11.541...11451.703 rows=1100 loops=0)\u001b[6;61H\u001b[8X\u001b[8CBuffers: shared_blks_hit=35\u001b[K\u001b[7;61HHashJoin (cost=23.23..125.49 rows=3054 width=4) (actual time=11.541...12496.180 rows=1200 loops=0)\u001b[8;61H\u001b[8X\u001b[8CBuffers: shared_blks_hit=37\u001b[K\u001b[9;61HHashJoin (cost=23.23..125.49 rows=3054 width=4) (actual time=11.541...13412.856 rows=1288 loops=0)\u001b[10;61H\u001b[8X\u001b[8CBuffers: shared_blks_hit=38\u001b[K\u001b[11;61HHashJoin (cost=23.23..125.49 rows=3054 width=4) (actual time=11.541...14497.741 rows=1392 loops=0)\u001b[12;61H\u001b[8X\u001b[8CBuffers: shared_blks_hit=40\u001b[K\u001b[13;61HHashJoin (cost=23.23..125.49 rows=3054 width=4) (actual time=11.541...15414.107 rows=1480 loops=0)\u001b[14;61H"]
[156.045079, "o", "\u001b[8X\u001b[8CBuffers: shared_blks_hit=42\u001b[K\u001b[15;61HHashJoin (cost=23.23..125.49 rows=3054 width=4) (actual time=11.541...16500.735 rows=1584 loops=0)\u001b[16;61H\u001b[8X\u001b[8CBuffers: shared_blks_hit=44\u001b[K\u001b[17;61HHashJoin (cost=23.23..125.49 rows=3054 width=4) (actual time=11.541...17472.119 rows=1678 loops=0)\u001b[18;61H\u001b[8X\u001b[8CBuffers: shared_blks_hit=45\u001b[K\u001b[19;61HHashJoin (cost=23.23..125.49 rows=3054 width=4) (actual time=11.541...18441.880 rows=1770 loops=0)\u001b[20;61H\u001b[8X\u001b[8CBuffers: shared_blks_hit=47\u001b[K\u001b[21;61HHashJoin (cost=23.23..125.49 rows=3054 width=4) (actual time=11.541...19453.851 rows=1867 loops=0)\u001b[22;61H\u001b[8X\u001b[8CBuffers: shared_blks_hit=49\u001b[K\u001b[23;61HHashJoin (cost=23.23..125.49 rows=3054 width=4) (actual time=11.541...20434.273 rows=1961 loops=0)\u001b[24;61H\u001b[8X\u001b[8CBuffers: shared_blks_hit=50\u001b[K\u001b[25;61HHashJoin (cost=23.23..125.49 rows=3054 width=4) (actual time=11.541...21467.565 rows=2060 loops=0)\u001b[26;61H\u001b[8X\u001b[8CBuffers: shared_blks_hit=52\u001b[K\u001b[27;61HHashJoin (cost=23.23..125.49 rows=3054 width=4) (actual time=11.54"]
[156.045285, "o", "1...22478.320 rows=2157 loops=0)\u001b[28;61H\u001b[8X\u001b[8CBuffers: shared_blks_hit=54\u001b[K\u001b[29;61HHashJoin (cost=23.23..125.49 rows=3054 width=4) (actual time=11.541...23573.089 rows=2262 loops=0)\u001b[30;61H\u001b[8X\u001b[8CBuffers: shared_blks_hit=56\u001b[K\u001b[31;61HHashJoin (cost=23.23..125.49 rows=3054 width=4) (actual time=11.541...24490.566 rows=2350 loops=0)\u001b[32;61H\u001b[8X\u001b[8CBuffers: shared_blks_hit=58\u001b[K\u001b[33;61H\u001b[8X\u001b[8C-> SeqScan (cost=0.00..86.54 rows=3054 width=4) (actual time=0.014...12.448 rows=2351 loop\u001b[34;61Hs=0)\u001b[K\u001b[35;61H\u001b[16X\u001b[16CBuffers: shared_blks_hit=44\u001b[K\u001b[36;61H\u001b[8X\u001b[8C-> SeqScan (cost=0.00..18.10 rows=410 width=4) (actual time=0.006...0.647 rows=410 loops=0\u001b[37;61H)\u001b[K\u001b[38;61H\u001b[16X\u001b[16CBuffers: shared_blks_hit=14\u001b[K\u001b[39;61H\u001b[K\u001b[?12l\u001b[?25h\u001b[37;1H"]
[157.046731, "o", "\u001b[?25l\u001b[1;61HHashJoin (cost=23.23..125.49 rows=3054 width=4) (actual time=11.541...10462.271 rows=1005 loops=0)\u001b[2;61H\u001b[8X\u001b[8CBuffers: shared_blks_hit=33\u001b[K\u001b[3;61HHashJoin (cost=23.23..125.49 rows=3054 width=4) (actual time=11.541...11451.703 rows=1100 loops=0)\u001b[4;61H\u001b[8X\u001b[8CBuffers: shared_blks_hit=35\u001b[K\u001b[5;61HHashJoin (cost=23.23..125.49 rows=3054 width=4) (actual time=11.541...12496.180 rows=1200 loops=0)\u001b[6;61H\u001b[8X\u001b[8CBuffers: shared_blks_hit=37\u001b[K\u001b[7;61HHashJoin (cost=23.23..125.49 rows=3054 width=4) (actual time=11.541...13412.856 rows=1288 loops=0)\u001b[8;61H\u001b[8X\u001b[8CBuffers: shared_blks_hit=38\u001b[K\u001b[9;61HHashJoin (cost=23.23..125.49 rows=3054 width=4) (actual time=11.541...14497.741 rows=1392 loops=0)\u001b[10;61H\u001b[8X\u001b[8CBuffers: shared_blks_hit=40\u001b[K\u001b[11;61HHashJoin (cost=23.23..125.49 rows=3054 width=4) (actual time=11.541...15414.107 rows=1480 loops=0)\u001b[12;61H\u001b[8X\u001b[8CBuffers: shared_blks_hit=42\u001b[K\u001b[13;61HHashJoin (cost=23.23..125.49 rows=3054 width=4) (actual time=11.541...16500.735 rows=1584 loops=0)\u001b[14;61H\u001b"]
[157.046792, "o", "[8X\u001b[8CBuffers: shared_blks_hit=44\u001b[K\u001b[15;61HHashJoin (cost=23.23..125.49 rows=3054 width=4) (actual time=11.541...17472.119 rows=1678 loops=0)\u001b[16;61H\u001b[8X\u001b[8CBuffers: shared_blks_hit=45\u001b[K\u001b[17;61HHashJoin (cost=23.23..125.49 rows=3054 width=4) (actual time=11.541...18441.880 rows=1770 loops=0)\u001b[18;61H\u001b[8X\u001b[8CBuffers: shared_blks_hit=47\u001b[K\u001b[19;61HHashJoin (cost=23.23..125.49 rows=3054 width=4) (actual time=11.541...19453.851 rows=1867 loops=0)\u001b[20;61H\u001b[8X\u001b[8CBuffers: shared_blks_hit=49\u001b[K\u001b[21;61HHashJoin (cost=23.23..125.49 rows=3054 width=4) (actual time=11.541...20434.273 rows=1961 loops=0)\u001b[22;61H\u001b[8X\u001b[8CBuffers: shared_blks_hit=50\u001b[K\u001b[23;61HHashJoin (cost=23.23..125.49 rows=3054 width=4) (actual time=11.541...21467.565 rows=2060 loops=0)\u001b[24;61H\u001b[8X\u001b[8CBuffers: shared_blks_hit=52\u001b[K\u001b[25;61HHashJoin (cost=23.23..125.49 rows=3054 width=4) (actual time=11.541...22478.320 rows=2157 loops=0)\u001b[26;61H\u001b[8X\u001b[8CBuffers: shared_blks_hit=54\u001b[K\u001b[27;61HHashJoin (cost=23.23..125.49 rows=3054 width=4) (actual time=11.541"]
[157.046815, "o", "...23573.089 rows=2262 loops=0)\u001b[28;61H\u001b[8X\u001b[8CBuffers: shared_blks_hit=56\u001b[K\u001b[29;61HHashJoin (cost=23.23..125.49 rows=3054 width=4) (actual time=11.541...24490.566 rows=2350 loops=0)\u001b[30;61H\u001b[8X\u001b[8CBuffers: shared_blks_hit=58\u001b[K\u001b[31;61HHashJoin (cost=23.23..125.49 rows=3054 width=4) (actual time=11.541...25502.606 rows=2447 loops=0)\u001b[32;61H\u001b[8X\u001b[8CBuffers: shared_blks_hit=59\u001b[K\u001b[33;61H\u001b[8X\u001b[8C-> SeqScan (cost=0.00..86.54 rows=3054 width=4) (actual time=0.014...12.935 rows=2447 loop\u001b[34;61Hs=0)\u001b[K\u001b[35;61H\u001b[16X\u001b[16CBuffers: shared_blks_hit=45\u001b[K\u001b[36;61H\u001b[8X\u001b[8C-> SeqScan (cost=0.00..18.10 rows=410 width=4) (actual time=0.006...0.647 rows=410 loops=0\u001b[37;61H)\u001b[K\u001b[38;61H\u001b[16X\u001b[16CBuffers: shared_blks_hit=14\u001b[K\u001b[39;61H\u001b[K\u001b[?12l\u001b[?25h\u001b[37;1H"]
[158.049089, "o", "\u001b[?25l\u001b[1;61HHashJoin (cost=23.23..125.49 rows=3054 width=4) (actual time=11.541...11451.703 rows=1100 loops=0)\u001b[2;61H\u001b[8X\u001b[8CBuffers: shared_blks_hit=35\u001b[K\u001b[3;61HHashJoin (cost=23.23..125.49 rows=3054 width=4) (actual time=11.541...12496.180 rows=1200 loops=0)\u001b[4;61H\u001b[8X\u001b[8CBuffers: shared_blks_hit=37\u001b[K\u001b[5;61HHashJoin (cost=23.23..125.49 rows=3054 width=4) (actual time=11.541...13412.856 rows=1288 loops=0)\u001b[6;61H\u001b[8X\u001b[8CBuffers: shared_blks_hit=38\u001b[K\u001b[7;61HHashJoin (cost=23.23..125.49 rows=3054 width=4) (actual time=11.541...14497.741 rows=1392 loops=0)\u001b[8;61H\u001b[8X\u001b[8CBuffers: shared_blks_hit=40\u001b[K\u001b[9;61HHashJoin (cost=23.23..125.49 rows=3054 width=4) (actual time=11.541...15414.107 rows=1480 loops=0)\u001b[10;61H\u001b[8X\u001b[8CBuffers: shared_blks_hit=42\u001b[K\u001b[11;61HHashJoin (cost=23.23..125.49 rows=3054 width=4) (actual time=11.541...16500.735 rows=1584 loops=0)\u001b[12;61H\u001b[8X\u001b[8CBuffers: shared_blks_hit=44\u001b[K\u001b[13;61HHashJoin (cost=23.23..125.49 rows=3054 width=4) (actual time=11.541...17472.119 rows=1678 loops=0)\u001b[14;61H\u001b"]
[158.049156, "o", "[8X\u001b[8CBuffers: shared_blks_hit=45\u001b[K\u001b[15;61HHashJoin (cost=23.23..125.49 rows=3054 width=4) (actual time=11.541...18441.880 rows=1770 loops=0)\u001b[16;61H\u001b[8X\u001b[8CBuffers: shared_blks_hit=47\u001b[K\u001b[17;61HHashJoin (cost=23.23..125.49 rows=3054 width=4) (actual time=11.541...19453.851 rows=1867 loops=0)\u001b[18;61H\u001b[8X\u001b[8CBuffers: shared_blks_hit=49\u001b[K\u001b[19;61HHashJoin (cost=23.23..125.49 rows=3054 width=4) (actual time=11.541...20434.273 rows=1961 loops=0)\u001b[20;61H\u001b[8X\u001b[8CBuffers: shared_blks_hit=50\u001b[K\u001b[21;61HHashJoin (cost=23.23..125.49 rows=3054 width=4) (actual time=11.541...21467.565 rows=2060 loops=0)\u001b[22;61H\u001b[8X\u001b[8CBuffers: shared_blks_hit=52\u001b[K\u001b[23;61HHashJoin (cost=23.23..125.49 rows=3054 width=4) (actual time=11.541...22478.320 rows=2157 loops=0)\u001b[24;61H\u001b[8X\u001b[8CBuffers: shared_blks_hit=54\u001b[K\u001b[25;61HHashJoin (cost=23.23..125.49 rows=3054 width=4) (actual time=11.541...23573.089 rows=2262 loops=0)\u001b[26;61H\u001b[8X\u001b[8CBuffers: shared_blks_hit=56\u001b[K\u001b[27;61HHashJoin (cost=23.23..125.49 rows=3054 width=4) (actual time=11.541"]
[158.049178, "o", "...24490.566 rows=2350 loops=0)\u001b[28;61H\u001b[8X\u001b[8CBuffers: shared_blks_hit=58\u001b[K\u001b[29;61HHashJoin (cost=23.23..125.49 rows=3054 width=4) (actual time=11.541...25502.606 rows=2447 loops=0)\u001b[30;61H\u001b[8X\u001b[8CBuffers: shared_blks_hit=59\u001b[K\u001b[31;61HHashJoin (cost=23.23..125.49 rows=3054 width=4) (actual time=11.541...26410.003 rows=2534 loops=0)\u001b[32;61H\u001b[8X\u001b[8CBuffers: shared_blks_hit=61\u001b[K\u001b[33;61H\u001b[8X\u001b[8C-> SeqScan (cost=0.00..86.54 rows=3054 width=4) (actual time=0.014...13.421 rows=2535 loop\u001b[34;61Hs=0)\u001b[K\u001b[35;61H\u001b[16X\u001b[16CBuffers: shared_blks_hit=47\u001b[K\u001b[36;61H\u001b[8X\u001b[8C-> SeqScan (cost=0.00..18.10 rows=410 width=4) (actual time=0.006...0.647 rows=410 loops=0\u001b[37;61H)\u001b[K\u001b[38;61H\u001b[16X\u001b[16CBuffers: shared_blks_hit=14\u001b[K\u001b[39;61H\u001b[K\u001b[?12l\u001b[?25h\u001b[37;1H"]
[159.051527, "o", "\u001b[?25l\u001b[1;61HHashJoin (cost=23.23..125.49 rows=3054 width=4) (actual time=11.541...12496.180 rows=1200 loops=0)\u001b[2;61H\u001b[8X\u001b[8CBuffers: shared_blks_hit=37\u001b[K\u001b[3;61HHashJoin (cost=23.23..125.49 rows=3054 width=4) (actual time=11.541...13412.856 rows=1288 loops=0)\u001b[4;61H\u001b[8X\u001b[8CBuffers: shared_blks_hit=38\u001b[K\u001b[5;61HHashJoin (cost=23.23..125.49 rows=3054 width=4) (actual time=11.541...14497.741 rows=1392 loops=0)\u001b[6;61H\u001b[8X\u001b[8CBuffers: shared_blks_hit=40\u001b[K\u001b[7;61HHashJoin (cost=23.23..125.49 rows=3054 width=4) (actual time=11.541...15414.107 rows=1480 loops=0)\u001b[8;61H\u001b[8X\u001b[8CBuffers: shared_blks_hit=42\u001b[K\u001b[9;61HHashJoin (cost=23.23..125.49 rows=3054 width=4) (actual time=11.541...16500.735 rows=1584 loops=0)\u001b[10;61H\u001b[8X\u001b[8CBuffers: shared_blks_hit=44\u001b[K\u001b[11;61HHashJoin (cost=23.23..125.49 rows=3054 width=4) (actual time=11.541...17472.119 rows=1678 loops=0)\u001b[12;61H\u001b[8X\u001b[8CBuffers: shared_blks_hit=45\u001b[K\u001b[13;61HHashJoin (cost=23.23..125.49 rows=3054 width=4) (actual time=11.541...18441.880 rows=1770 loops=0)\u001b[14;61H\u001b"]
[159.051599, "o", "[8X\u001b[8CBuffers: shared_blks_hit=47\u001b[K\u001b[15;61HHashJoin (cost=23.23..125.49 rows=3054 width=4) (actual time=11.541...19453.851 rows=1867 loops=0)\u001b[16;61H\u001b[8X\u001b[8CBuffers: shared_blks_hit=49\u001b[K\u001b[17;61HHashJoin (cost=23.23..125.49 rows=3054 width=4) (actual time=11.541...20434.273 rows=1961 loops=0)\u001b[18;61H\u001b[8X\u001b[8CBuffers: shared_blks_hit=50\u001b[K\u001b[19;61HHashJoin (cost=23.23..125.49 rows=3054 width=4) (actual time=11.541...21467.565 rows=2060 loops=0)\u001b[20;61H\u001b[8X\u001b[8CBuffers: shared_blks_hit=52\u001b[K\u001b[21;61HHashJoin (cost=23.23..125.49 rows=3054 width=4) (actual time=11.541...22478.320 rows=2157 loops=0)\u001b[22;61H\u001b[8X\u001b[8CBuffers: shared_blks_hit=54\u001b[K\u001b[23;61HHashJoin (cost=23.23..125.49 rows=3054 width=4) (actual time=11.541...23573.089 rows=2262 loops=0)\u001b[24;61H\u001b[8X\u001b[8CBuffers: shared_blks_hit=56\u001b[K\u001b[25;61HHashJoin (cost=23.23..125.49 rows=3054 width=4) (actual time=11.541...24490.566 rows=2350 loops=0)\u001b[26;61H\u001b[8X\u001b[8CBuffers: shared_blks_hit=58\u001b[K\u001b[27;61HHashJoin (cost=23.23..125.49 rows=3054 width=4) (actual time=11.541"]
[159.051621, "o", "...25502.606 rows=2447 loops=0)\u001b[28;61H\u001b[8X\u001b[8CBuffers: shared_blks_hit=59\u001b[K\u001b[29;61HHashJoin (cost=23.23..125.49 rows=3054 width=4) (actual time=11.541...26410.003 rows=2534 loops=0)\u001b[30;61H\u001b[8X\u001b[8CBuffers: shared_blks_hit=61\u001b[K\u001b[31;61HHashJoin (cost=23.23..125.49 rows=3054 width=4) (actual time=11.541...27495.808 rows=2638 loops=0)\u001b[32;61H\u001b[8X\u001b[8CBuffers: shared_blks_hit=63\u001b[K\u001b[33;61H\u001b[8X\u001b[8C-> SeqScan (cost=0.00..86.54 rows=3054 width=4) (actual time=0.014...14.038 rows=2638 loop\u001b[34;61Hs=0)\u001b[K\u001b[35;61H\u001b[16X\u001b[16CBuffers: shared_blks_hit=49\u001b[K\u001b[36;61H\u001b[8X\u001b[8C-> SeqScan (cost=0.00..18.10 rows=410 width=4) (actual time=0.006...0.647 rows=410 loops=0\u001b[37;61H)\u001b[K\u001b[38;61H\u001b[16X\u001b[16CBuffers: shared_blks_hit=14\u001b[K\u001b[39;61H\u001b[K\u001b[?12l\u001b[?25h\u001b[37;1H"]
[160.05379, "o", "\u001b[?25l\u001b[1;61HHashJoin (cost=23.23..125.49 rows=3054 width=4) (actual time=11.541...13412.856 rows=1288 loops=0)\u001b[2;61H\u001b[8X\u001b[8CBuffers: shared_blks_hit=38\u001b[K\u001b[3;61HHashJoin (cost=23.23..125.49 rows=3054 width=4) (actual time=11.541...14497.741 rows=1392 loops=0)\u001b[4;61H\u001b[8X\u001b[8CBuffers: shared_blks_hit=40\u001b[K\u001b[5;61HHashJoin (cost=23.23..125.49 rows=3054 width=4) (actual time=11.541...15414.107 rows=1480 loops=0)\u001b[6;61H\u001b[8X\u001b[8CBuffers: shared_blks_hit=42\u001b[K\u001b[7;61HHashJoin (cost=23.23..125.49 rows=3054 width=4) (actual time=11.541...16500.735 rows=1584 loops=0)\u001b[8;61H\u001b[8X\u001b[8CBuffers: shared_blks_hit=44\u001b[K\u001b[9;61HHashJoin (cost=23.23..125.49 rows=3054 width=4) (actual time=11.541...17472.119 rows=1678 loops=0)\u001b[10;61H\u001b[8X\u001b[8CBuffers: shared_blks_hit=45\u001b[K\u001b[11;61HHashJoin (cost=23.23..125.49 rows=3054 width=4) (actual time=11.541...18441.880 rows=1770 loops=0)\u001b[12;61H\u001b[8X\u001b[8CBuffers: shared_blks_hit=47\u001b[K\u001b[13;61HHashJoin (cost=23.23..125.49 rows=3054 width=4) (actual time=11.541...19453.851 rows=1867 loops=0)\u001b[14;61H\u001b"]
[160.053849, "o", "[8X\u001b[8CBuffers: shared_blks_hit=49\u001b[K\u001b[15;61HHashJoin (cost=23.23..125.49 rows=3054 width=4) (actual time=11.541...20434.273 rows=1961 loops=0)\u001b[16;61H\u001b[8X\u001b[8CBuffers: shared_blks_hit=50\u001b[K\u001b[17;61HHashJoin (cost=23.23..125.49 rows=3054 width=4) (actual time=11.541...21467.565 rows=2060 loops=0)\u001b[18;61H\u001b[8X\u001b[8CBuffers: shared_blks_hit=52\u001b[K\u001b[19;61HHashJoin (cost=23.23..125.49 rows=3054 width=4) (actual time=11.541...22478.320 rows=2157 loops=0)\u001b[20;61H\u001b[8X\u001b[8CBuffers: shared_blks_hit=54\u001b[K\u001b[21;61HHashJoin (cost=23.23..125.49 rows=3054 width=4) (actual time=11.541...23573.089 rows=2262 loops=0)\u001b[22;61H\u001b[8X\u001b[8CBuffers: shared_blks_hit=56\u001b[K\u001b[23;61HHashJoin (cost=23.23..125.49 rows=3054 width=4) (actual time=11.541...24490.566 rows=2350 loops=0)\u001b[24;61H\u001b[8X\u001b[8CBuffers: shared_blks_hit=58\u001b[K\u001b[25;61HHashJoin (cost=23.23..125.49 rows=3054 width=4) (actual time=11.541...25502.606 rows=2447 loops=0)\u001b[26;61H\u001b[8X\u001b[8CBuffers: shared_blks_hit=59\u001b[K\u001b[27;61HHashJoin (cost=23.23..125.49 rows=3054 width=4) (actual time=11.541"]
[160.053872, "o", "...26410.003 rows=2534 loops=0)\u001b[28;61H\u001b[8X\u001b[8CBuffers: shared_blks_hit=61\u001b[K\u001b[29;61HHashJoin (cost=23.23..125.49 rows=3054 width=4) (actual time=11.541...27495.808 rows=2638 loops=0)\u001b[30;61H\u001b[8X\u001b[8CBuffers: shared_blks_hit=63\u001b[K\u001b[31;61HHashJoin (cost=23.23..125.49 rows=3054 width=4) (actual time=11.541...28424.685 rows=2727 loops=0)\u001b[32;61H\u001b[8X\u001b[8CBuffers: shared_blks_hit=64\u001b[K\u001b[33;61H\u001b[8X\u001b[8C-> SeqScan (cost=0.00..86.54 rows=3054 width=4) (actual time=0.014...14.516 rows=2728 loop\u001b[34;61Hs=0)\u001b[K\u001b[35;61H\u001b[16X\u001b[16CBuffers: shared_blks_hit=50\u001b[K\u001b[36;61H\u001b[8X\u001b[8C-> SeqScan (cost=0.00..18.10 rows=410 width=4) (actual time=0.006...0.647 rows=410 loops=0\u001b[37;61H)\u001b[K\u001b[38;61H\u001b[16X\u001b[16CBuffers: shared_blks_hit=14\u001b[K\u001b[39;61H\u001b[K\u001b[?12l\u001b[?25h\u001b[37;1H"]
[161.056581, "o", "\u001b[?25l\u001b[1;61HHashJoin (cost=23.23..125.49 rows=3054 width=4) (actual time=11.541...14497.741 rows=1392 loops=0)\u001b[2;61H\u001b[8X\u001b[8CBuffers: shared_blks_hit=40\u001b[K\u001b[3;61HHashJoin (cost=23.23..125.49 rows=3054 width=4) (actual time=11.541...15414.107 rows=1480 loops=0)\u001b[4;61H\u001b[8X\u001b[8CBuffers: shared_blks_hit=42\u001b[K\u001b[5;61HHashJoin (cost=23.23..125.49 rows=3054 width=4) (actual time=11.541...16500.735 rows=1584 loops=0)\u001b[6;61H\u001b[8X\u001b[8CBuffers: shared_blks_hit=44\u001b[K\u001b[7;61HHashJoin (cost=23.23..125.49 rows=3054 width=4) (actual time=11.541...17472.119 rows=1678 loops=0)\u001b[8;61H\u001b[8X\u001b[8CBuffers: shared_blks_hit=45\u001b[K\u001b[9;61HHashJoin (cost=23.23..125.49 rows=3054 width=4) (actual time=11.541...18441.880 rows=1770 loops=0)\u001b[10;61H\u001b[8X\u001b[8CBuffers: shared_blks_hit=47\u001b[K\u001b[11;61HHashJoin (cost=23.23..125.49 rows=3054 width=4) (actual time=11.541...19453.851 rows=1867 loops=0)\u001b[12;61H\u001b[8X\u001b[8CBuffers: shared_blks_hit=49\u001b[K\u001b[13;61HHashJoin (cost=23.23..125.49 rows=3054 width=4) (actual time=11.541...20434.273 rows=1961 loops=0)\u001b[14;61H\u001b"]
[161.056639, "o", "[8X\u001b[8CBuffers: shared_blks_hit=50\u001b[K\u001b[15;61HHashJoin (cost=23.23..125.49 rows=3054 width=4) (actual time=11.541...21467.565 rows=2060 loops=0)\u001b[16;61H\u001b[8X\u001b[8CBuffers: shared_blks_hit=52\u001b[K\u001b[17;61HHashJoin (cost=23.23..125.49 rows=3054 width=4) (actual time=11.541...22478.320 rows=2157 loops=0)\u001b[18;61H\u001b[8X\u001b[8CBuffers: shared_blks_hit=54\u001b[K\u001b[19;61HHashJoin (cost=23.23..125.49 rows=3054 width=4) (actual time=11.541...23573.089 rows=2262 loops=0)\u001b[20;61H\u001b[8X\u001b[8CBuffers: shared_blks_hit=56\u001b[K\u001b[21;61HHashJoin (cost=23.23..125.49 rows=3054 width=4) (actual time=11.541...24490.566 rows=2350 loops=0)\u001b[22;61H\u001b[8X\u001b[8CBuffers: shared_blks_hit=58\u001b[K\u001b[23;61HHashJoin (cost=23.23..125.49 rows=3054 width=4) (actual time=11.541...25502.606 rows=2447 loops=0)\u001b[24;61H\u001b[8X\u001b[8CBuffers: shared_blks_hit=59\u001b[K\u001b[25;61HHashJoin (cost=23.23..125.49 rows=3054 width=4) (actual time=11.541...26410.003 rows=2534 loops=0)\u001b[26;61H\u001b[8X\u001b[8CBuffers: shared_blks_hit=61\u001b[K\u001b[27;61HHashJoin (cost=23.23..125.49 rows=3054 width=4) (actual time=11.541"]
[161.056846, "o", "...27495.808 rows=2638 loops=0)\u001b[28;61H\u001b[8X\u001b[8CBuffers: shared_blks_hit=63\u001b[K\u001b[29;61HHashJoin (cost=23.23..125.49 rows=3054 width=4) (actual time=11.541...28424.685 rows=2727 loops=0)\u001b[30;61H\u001b[8X\u001b[8CBuffers: shared_blks_hit=64\u001b[K\u001b[31;61HHashJoin (cost=23.23..125.49 rows=3054 width=4) (actual time=11.541...29530.997 rows=2833 loops=0)\u001b[32;61H\u001b[8X\u001b[8CBuffers: shared_blks_hit=66\u001b[K\u001b[33;61H\u001b[8X\u001b[8C-> SeqScan (cost=0.00..86.54 rows=3054 width=4) (actual time=0.014...15.053 rows=2834 loop\u001b[34;61Hs=0)\u001b[K\u001b[35;61H\u001b[16X\u001b[16CBuffers: shared_blks_hit=52\u001b[K\u001b[36;61H\u001b[8X\u001b[8C-> SeqScan (cost=0.00..18.10 rows=410 width=4) (actual time=0.006...0.647 rows=410 loops=0\u001b[37;61H)\u001b[K\u001b[38;61H\u001b[16X\u001b[16CBuffers: shared_blks_hit=14\u001b[K\u001b[39;61H\u001b[K\u001b[?12l\u001b[?25h\u001b[37;1H"]
[162.058464, "o", "\u001b[?25l\u001b[1;61HHashJoin (cost=23.23..125.49 rows=3054 width=4) (actual time=11.541...15414.107 rows=1480 loops=0)\u001b[2;61H\u001b[8X\u001b[8CBuffers: shared_blks_hit=42\u001b[K\u001b[3;61HHashJoin (cost=23.23..125.49 rows=3054 width=4) (actual time=11.541...16500.735 rows=1584 loops=0)\u001b[4;61H\u001b[8X\u001b[8CBuffers: shared_blks_hit=44\u001b[K\u001b[5;61HHashJoin (cost=23.23..125.49 rows=3054 width=4) (actual time=11.541...17472.119 rows=1678 loops=0)\u001b[6;61H\u001b[8X\u001b[8CBuffers: shared_blks_hit=45\u001b[K\u001b[7;61HHashJoin (cost=23.23..125.49 rows=3054 width=4) (actual time=11.541...18441.880 rows=1770 loops=0)\u001b[8;61H\u001b[8X\u001b[8CBuffers: shared_blks_hit=47\u001b[K\u001b[9;61HHashJoin (cost=23.23..125.49 rows=3054 width=4) (actual time=11.541...19453.851 rows=1867 loops=0)\u001b[10;61H\u001b[8X\u001b[8CBuffers: shared_blks_hit=49\u001b[K\u001b[11;61HHashJoin (cost=23.23..125.49 rows=3054 width=4) (actual time=11.541...20434.273 rows=1961 loops=0)\u001b[12;61H\u001b[8X\u001b[8CBuffers: shared_blks_hit=50\u001b[K\u001b[13;61HHashJoin (cost=23.23..125.49 rows=3054 width=4) (actual time=11.541...21467.565 rows=2060 loops=0)\u001b[14;61H\u001b"]
[162.058524, "o", "[8X\u001b[8CBuffers: shared_blks_hit=52\u001b[K\u001b[15;61HHashJoin (cost=23.23..125.49 rows=3054 width=4) (actual time=11.541...22478.320 rows=2157 loops=0)\u001b[16;61H\u001b[8X\u001b[8CBuffers: shared_blks_hit=54\u001b[K\u001b[17;61HHashJoin (cost=23.23..125.49 rows=3054 width=4) (actual time=11.541...23573.089 rows=2262 loops=0)\u001b[18;61H\u001b[8X\u001b[8CBuffers: shared_blks_hit=56\u001b[K\u001b[19;61HHashJoin (cost=23.23..125.49 rows=3054 width=4) (actual time=11.541...24490.566 rows=2350 loops=0)\u001b[20;61H\u001b[8X\u001b[8CBuffers: shared_blks_hit=58\u001b[K\u001b[21;61HHashJoin (cost=23.23..125.49 rows=3054 width=4) (actual time=11.541...25502.606 rows=2447 loops=0)\u001b[22;61H\u001b[8X\u001b[8CBuffers: shared_blks_hit=59\u001b[K\u001b[23;61HHashJoin (cost=23.23..125.49 rows=3054 width=4) (actual time=11.541...26410.003 rows=2534 loops=0)\u001b[24;61H\u001b[8X\u001b[8CBuffers: shared_blks_hit=61\u001b[K\u001b[25;61HHashJoin (cost=23.23..125.49 rows=3054 width=4) (actual time=11.541...27495.808 rows=2638 loops=0)\u001b[26;61H\u001b[8X\u001b[8CBuffers: shared_blks_hit=63\u001b[K\u001b[27;61HHashJoin (cost=23.23..125.49 rows=3054 width=4) (actual time=11.541"]
[162.058584, "o", "...28424.685 rows=2727 loops=0)\u001b[28;61H\u001b[8X\u001b[8CBuffers: shared_blks_hit=64\u001b[K\u001b[29;61HHashJoin (cost=23.23..125.49 rows=3054 width=4) (actual time=11.541...29530.997 rows=2833 loops=0)\u001b[30;61H\u001b[8X\u001b[8CBuffers: shared_blks_hit=66\u001b[K\u001b[31;61HHashJoin (cost=23.23..125.49 rows=3054 width=4) (actual time=11.541...30511.748 rows=2927 loops=0)\u001b[32;61H\u001b[8X\u001b[8CBuffers: shared_blks_hit=68\u001b[K\u001b[33;61H\u001b[8X\u001b[8C-> SeqScan (cost=0.00..86.54 rows=3054 width=4) (actual time=0.014...15.541 rows=2927 loop\u001b[34;61Hs=0)\u001b[K\u001b[35;61H\u001b[16X\u001b[16CBuffers: shared_blks_hit=54\u001b[K\u001b[36;61H\u001b[8X\u001b[8C-> SeqScan (cost=0.00..18.10 rows=410 width=4) (actual time=0.006...0.647 rows=410 loops=0\u001b[37;61H)\u001b[K\u001b[38;61H\u001b[16X\u001b[16CBuffers: shared_blks_hit=14\u001b[K\u001b[39;61H\u001b[K\u001b[?12l\u001b[?25h\u001b[37;1H"]
[163.061164, "o", "\u001b[?25l\u001b[1;61HHashJoin (cost=23.23..125.49 rows=3054 width=4) (actual time=11.541...16500.735 rows=1584 loops=0)\u001b[2;61H\u001b[8X\u001b[8CBuffers: shared_blks_hit=44\u001b[K\u001b[3;61HHashJoin (cost=23.23..125.49 rows=3054 width=4) (actual time=11.541...17472.119 rows=1678 loops=0)\u001b[4;61H\u001b[8X\u001b[8CBuffers: shared_blks_hit=45\u001b[K\u001b[5;61HHashJoin (cost=23.23..125.49 rows=3054 width=4) (actual time=11.541...18441.880 rows=1770 loops=0)\u001b[6;61H\u001b[8X\u001b[8CBuffers: shared_blks_hit=47\u001b[K\u001b[7;61HHashJoin (cost=23.23..125.49 rows=3054 width=4) (actual time=11.541...19453.851 rows=1867 loops=0)\u001b[8;61H\u001b[8X\u001b[8CBuffers: shared_blks_hit=49\u001b[K\u001b[9;61HHashJoin (cost=23.23..125.49 rows=3054 width=4) (actual time=11.541...20434.273 rows=1961 loops=0)\u001b[10;61H\u001b[8X\u001b[8CBuffers: shared_blks_hit=50\u001b[K\u001b[11;61HHashJoin (cost=23.23..125.49 rows=3054 width=4) (actual time=11.541...21467.565 rows=2060 loops=0)\u001b[12;61H\u001b[8X\u001b[8CBuffers: shared_blks_hit=52\u001b[K\u001b[13;61HHashJoin (cost=23.23..125.49 rows=3054 width=4) (actual time=11.541...22478.320 rows=2157 loops=0)\u001b[14;61H\u001b"]
[163.061221, "o", "[8X\u001b[8CBuffers: shared_blks_hit=54\u001b[K\u001b[15;61HHashJoin (cost=23.23..125.49 rows=3054 width=4) (actual time=11.541...23573.089 rows=2262 loops=0)\u001b[16;61H\u001b[8X\u001b[8CBuffers: shared_blks_hit=56\u001b[K\u001b[17;61HHashJoin (cost=23.23..125.49 rows=3054 width=4) (actual time=11.541...24490.566 rows=2350 loops=0)\u001b[18;61H\u001b[8X\u001b[8CBuffers: shared_blks_hit=58\u001b[K\u001b[19;61HHashJoin (cost=23.23..125.49 rows=3054 width=4) (actual time=11.541...25502.606 rows=2447 loops=0)\u001b[20;61H\u001b[8X\u001b[8CBuffers: shared_blks_hit=59\u001b[K\u001b[21;61HHashJoin (cost=23.23..125.49 rows=3054 width=4) (actual time=11.541...26410.003 rows=2534 loops=0)\u001b[22;61H\u001b[8X\u001b[8CBuffers: shared_blks_hit=61\u001b[K\u001b[23;61HHashJoin (cost=23.23..125.49 rows=3054 width=4) (actual time=11.541...27495.808 rows=2638 loops=0)\u001b[24;61H\u001b[8X\u001b[8CBuffers: shared_blks_hit=63\u001b[K\u001b[25;61HHashJoin (cost=23.23..125.49 rows=3054 width=4) (actual time=11.541...28424.685 rows=2727 loops=0)\u001b[26;61H\u001b[8X\u001b[8CBuffers: shared_blks_hit=64\u001b[K\u001b[27;61HHashJoin (cost=23.23..125.49 rows=3054 width=4) (actual time=11.541"]
[163.061243, "o", "...29530.997 rows=2833 loops=0)\u001b[28;61H\u001b[8X\u001b[8CBuffers: shared_blks_hit=66\u001b[K\u001b[29;61HHashJoin (cost=23.23..125.49 rows=3054 width=4) (actual time=11.541...30511.748 rows=2927 loops=0)\u001b[30;61H\u001b[8X\u001b[8CBuffers: shared_blks_hit=68\u001b[K\u001b[31;61HHashJoin (cost=23.23..125.49 rows=3054 width=4) (actual time=11.541...31541.953 rows=3026 loops=0)\u001b[32;61H\u001b[8X\u001b[8CBuffers: shared_blks_hit=70\u001b[K\u001b[33;61H\u001b[8X\u001b[8C-> SeqScan (cost=0.00..86.54 rows=3054 width=4) (actual time=0.014...16.049 rows=3027 loop\u001b[34;61Hs=0)\u001b[K\u001b[35;61H\u001b[16X\u001b[16CBuffers: shared_blks_hit=56\u001b[K\u001b[36;61H\u001b[8X\u001b[8C-> SeqScan (cost=0.00..18.10 rows=410 width=4) (actual time=0.006...0.647 rows=410 loops=0\u001b[37;61H)\u001b[K\u001b[38;61H\u001b[16X\u001b[16CBuffers: shared_blks_hit=14\u001b[K\u001b[39;61H\u001b[K\u001b[?12l\u001b[?25h\u001b[37;1H"]
[163.290418, "o", "\u001b[?25l\u001b[1;59H\u001b[1K\u001b[H pg_sleep \u001b[2;59H\u001b[1K\r----------\u001b[3;59H\u001b[1K\r \u001b[4;59H\u001b[1K\r \u001b[5;59H\u001b[1K\r \u001b[6;59H\u001b[1K\r \u001b[7;59H\u001b[1K\r \u001b[8;59H\u001b[1K\r \u001b[9;59H\u001b[1K\r \u001b[10;59H\u001b[1K\r \u001b[11;59H\u001b[1K\r \u001b[12;59H\u001b[1K\r \u001b[13;59H\u001b[1K\r \u001b[14;59H\u001b[1K\r \u001b[15;59H\u001b[1K\r \u001b[16;59H\u001b[1K\r \u001b[17;59H\u001b[1K\r \u001b[18;59H\u001b[1K\r \u001b[19;59H\u001b[1K\r \u001b[20;59H\u001b[1K\r \u001b[21;59H\u001b[1K\r \u001b[22;59H\u001b[1K\r \u001b[23;59H\u001b[1K\r \u001b[24;59H\u001b[1K\r \u001b[25;59H\u001b[1K\r \u001b[26;59H\u001b[1K\r \u001b[27;59H\u001b[1K\r \u001b[28;59H\u001b[1K\r \u001b[29;59H\u001b[1K\r \u001b[30;59H\u001b[1K\r \u001b[31;59H\u001b[1K\r \u001b[32;59H\u001b[1K\r \u001b[33;59H\u001b[1K\r \u001b[34;59H\u001b[1K\r \u001b[35;59H\u001b[1K\r \u001b[36;59H\u001b[1K\r \u001b[37;59H\u001b[1K\r \u001b[38;59H\u001b[1K\r \u001b[39;59H\u001b[1K\u001b[7m\rlines 1-38\u001b(B\u001b[m\u001b[?12l\u001b[?25h"]
[164.062739, "o", "\u001b[?25l\u001b[1;61H\u001b[8X\u001b[8CBuffers: shared_blks_hit=44\u001b[K\u001b[2;61HHashJoin (cost=23.23..125.49 rows=3054 width=4) (actual time=11.541...17472.119 rows=1678 loops=0)\u001b[3;61H\u001b[8X\u001b[8CBuffers: shared_blks_hit=45\u001b[K\u001b[4;61HHashJoin (cost=23.23..125.49 rows=3054 width=4) (actual time=11.541...18441.880 rows=1770 loops=0)\u001b[5;61H\u001b[8X\u001b[8CBuffers: shared_blks_hit=47\u001b[K\u001b[6;61HHashJoin (cost=23.23..125.49 rows=3054 width=4) (actual time=11.541...19453.851 rows=1867 loops=0)\u001b[7;61H\u001b[8X\u001b[8CBuffers: shared_blks_hit=49\u001b[K\u001b[8;61HHashJoin (cost=23.23..125.49 rows=3054 width=4) (actual time=11.541...20434.273 rows=1961 loops=0)\u001b[9;61H\u001b[8X\u001b[8CBuffers: shared_blks_hit=50\u001b[K\u001b[10;61HHashJoin (cost=23.23..125.49 rows=3054 width=4) (actual time=11.541...21467.565 rows=2060 loops=0)\u001b[11;61H\u001b[8X\u001b[8CBuffers: shared_blks_hit=52\u001b[K\u001b[12;61HHashJoin (cost=23.23..125.49 rows=3054 width=4) (actual time=11.541...22478.320 rows=2157 loops=0)\u001b[13;61H\u001b[8X\u001b[8CBuffers: shared_blks_hit=54\u001b[K\u001b[14;61HHashJoin (cost=23.23..125.49 rows=3054 width=4) (actual time="]
[164.062798, "o", "11.541...23573.089 rows=2262 loops=0)\u001b[15;61H\u001b[8X\u001b[8CBuffers: shared_blks_hit=56\u001b[K\u001b[16;61HHashJoin (cost=23.23..125.49 rows=3054 width=4) (actual time=11.541...24490.566 rows=2350 loops=0)\u001b[17;61H\u001b[8X\u001b[8CBuffers: shared_blks_hit=58\u001b[K\u001b[18;61HHashJoin (cost=23.23..125.49 rows=3054 width=4) (actual time=11.541...25502.606 rows=2447 loops=0)\u001b[19;61H\u001b[8X\u001b[8CBuffers: shared_blks_hit=59\u001b[K\u001b[20;61HHashJoin (cost=23.23..125.49 rows=3054 width=4) (actual time=11.541...26410.003 rows=2534 loops=0)\u001b[21;61H\u001b[8X\u001b[8CBuffers: shared_blks_hit=61\u001b[K\u001b[22;61HHashJoin (cost=23.23..125.49 rows=3054 width=4) (actual time=11.541...27495.808 rows=2638 loops=0)\u001b[23;61H\u001b[8X\u001b[8CBuffers: shared_blks_hit=63\u001b[K\u001b[24;61HHashJoin (cost=23.23..125.49 rows=3054 width=4) (actual time=11.541...28424.685 rows=2727 loops=0)\u001b[25;61H\u001b[8X\u001b[8CBuffers: shared_blks_hit=64\u001b[K\u001b[26;61HHashJoin (cost=23.23..125.49 rows=3054 width=4) (actual time=11.541...29530.997 rows=2833 loops=0)\u001b[27;61H\u001b[8X\u001b[8CBuffers: shared_blks_hit=66\u001b[K\u001b[28;61HHashJoin (cost=23.23."]
[164.06282, "o", ".125.49 rows=3054 width=4) (actual time=11.541...30511.748 rows=2927 loops=0)\u001b[29;61H\u001b[8X\u001b[8CBuffers: shared_blks_hit=68\u001b[K\u001b[30;61HHashJoin (cost=23.23..125.49 rows=3054 width=4) (actual time=11.541...31541.953 rows=3026 loops=0)\u001b[31;61H\u001b[8X\u001b[8CBuffers: shared_blks_hit=70\u001b[K\u001b[32;61H\u001b[8X\u001b[8C-> SeqScan (cost=0.00..86.54 rows=3054 width=4) (actual time=0.014...16.049 rows=3027 loop\u001b[33;61Hs=0)\u001b[K\u001b[34;61H\u001b[16X\u001b[16CBuffers: shared_blks_hit=56\u001b[K\u001b[35;61H\u001b[8X\u001b[8C-> SeqScan (cost=0.00..18.10 rows=410 width=4) (actual time=0.006...0.647 rows=410 loops=0\u001b[36;61H)\u001b[K\u001b[37;61H\u001b[16X\u001b[16CBuffers: shared_blks_hit=14\u001b[K\u001b[38;61Hselect pg_sleep(0.01) from pg_class join pg_attribute on pg_class.oid = pg_attribute.attrelid;\u001b[K\u001b[39;61H\u001b[K\u001b[?12l\u001b[?25h\u001b[11G"]
[164.063266, "o", "\u001b[?25l\u001b[1;61H\u001b[8X\u001b[8CBuffers: shared_blks_hit=68\u001b[K\u001b[2;61HHashJoin (cost=23.23..125.49 rows=3054 width=4) (actual time=11.541...31541.953 rows=3026 loops=0)\u001b[3;61H\u001b[8X\u001b[8CBuffers: shared_blks_hit=70\u001b[K\u001b[4;61H\u001b[8X\u001b[8C-> SeqScan (cost=0.00..86.54 rows=3054 width=4) (actual time=0.014...16.049 rows=3027 loop\u001b[5;61Hs=0)\u001b[K\u001b[6;61H\u001b[16X\u001b[16CBuffers: shared_blks_hit=56\u001b[K\u001b[7;61H\u001b[8X\u001b[8C-> SeqScan (cost=0.00..18.10 rows=410 width=4) (actual time=0.006...0.647 rows=410 loops=0\u001b[8;61H)\u001b[K\u001b[9;61H\u001b[16X\u001b[16CBuffers: shared_blks_hit=14\u001b[K\u001b[10;61Hselect pg_sleep(0.01) from pg_class join pg_attribute on pg_class.oid = pg_attribute.attrelid;\u001b[K\u001b[11;61H\u001b[8X\u001b[8Csearch_path: \"$user\", public\u001b[K\u001b[12;61H\u001b[8X\u001b[8Cquery_id: 0\u001b[K\u001b[13;61H\u001b[8X\u001b[8Cstartup_cost: 23.225\u001b[K\u001b[14;61H\u001b[8X\u001b[8Ctotal_cost: 125.494625\u001b[K\u001b[15;61H\u001b[8X\u001b[8Cplan_rows: 3054.0\u001b[K\u001b[16;61H\u001b[8X\u001b[8Cruntime: 0:00:31.833767\u001b[K\u001b[17;61H\u001b[8X\u001b[8Cwritten_bytes_to_disk: 0\u001b[K\u001b[18;61H\u001b[8X\u001b[8Cshared_buffers_hitratio: 100.00\u001b[K\u001b[19;61H\u001b[8X\u001b[8Csyscache_hitratio: None\u001b[K\u001b[20;61H\u001b[8X\u001b[8Cbuf"]
[164.063302, "o", "fer_usage: \u001b[K\u001b[21;61H\u001b[16X\u001b[16Cshared_blks_hit: 70\u001b[K\u001b[22;61H\u001b[16X\u001b[16Cshared_blks_read: 0\u001b[K\u001b[23;61H\u001b[16X\u001b[16Cshared_blks_dirtied: 0\u001b[K\u001b[24;61H\u001b[16X\u001b[16Cshared_blks_written: 0\u001b[K\u001b[25;61H\u001b[16X\u001b[16Clocal_blks_hit: 0\u001b[K\u001b[26;61H\u001b[16X\u001b[16Clocal_blks_read: 0\u001b[K\u001b[27;61H\u001b[16X\u001b[16Clocal_blks_dirtied: 0\u001b[K\u001b[28;61H\u001b[16X\u001b[16Clocal_blks_written: 0\u001b[K\u001b[29;61H\u001b[16X\u001b[16Ctemp_blks_read: 0\u001b[K\u001b[30;61H\u001b[16X\u001b[16Ctemp_blks_written: 0\u001b[K\u001b[31;61H\u001b[16X\u001b[16Cblk_read_time: 0:00:00\u001b[K\u001b[32;61H\u001b[16X\u001b[16Cblk_write_time: 0:00:00\u001b[K\u001b[33;61H\u001b[16X\u001b[16Ctemp_blk_read_time: 0:00:00\u001b[K\u001b[34;61H\u001b[16X\u001b[16Ctemp_blk_write_time: 0:00:00\u001b[K\u001b[35;61H\u001b[8X\u001b[8Cwal_usage: \u001b[K\u001b[36;61H\u001b[16X\u001b[16Cwal_records: 0\u001b[K\u001b[37;61H\u001b[16X\u001b[16Cwal_fpi: 0\u001b[K\u001b[38;61H\u001b[16X\u001b[16Cwal_bytes: 0\u001b[K\u001b[39;61H\u001b[K\u001b[?12l\u001b[?25h\u001b[11G"]
[164.064117, "o", "\u001b[?25l\u001b[1;61H\u001b[16X\u001b[16CBuffers: shared_blks_hit=14\u001b[K\u001b[2;61Hselect pg_sleep(0.01) from pg_class join pg_attribute on pg_class.oid = pg_attribute.attrelid;\u001b[K\u001b[3;61H\u001b[8X\u001b[8Csearch_path: \"$user\", public\u001b[K\u001b[4;61H\u001b[8X\u001b[8Cquery_id: 0\u001b[K\u001b[5;61H\u001b[8X\u001b[8Cstartup_cost: 23.225\u001b[K\u001b[6;61H\u001b[8X\u001b[8Ctotal_cost: 125.494625\u001b[K\u001b[7;61H\u001b[8X\u001b[8Cplan_rows: 3054.0\u001b[K\u001b[8;61H\u001b[8X\u001b[8Cruntime: 0:00:31.833767\u001b[K\u001b[9;61H\u001b[8X\u001b[8Cwritten_bytes_to_disk: 0\u001b[K\u001b[10;61H\u001b[8X\u001b[8Cshared_buffers_hitratio: 100.00\u001b[K\u001b[11;61H\u001b[8X\u001b[8Csyscache_hitratio: None\u001b[K\u001b[12;61H\u001b[8X\u001b[8Cbuffer_usage: \u001b[K\u001b[13;61H\u001b[16X\u001b[16Cshared_blks_hit: 70\u001b[K\u001b[14;61H\u001b[16X\u001b[16Cshared_blks_read: 0\u001b[K\u001b[15;61H\u001b[16X\u001b[16Cshared_blks_dirtied: 0\u001b[K\u001b[16;61H\u001b[16X\u001b[16Cshared_blks_written: 0\u001b[K\u001b[17;61H\u001b[16X\u001b[16Clocal_blks_hit: 0\u001b[K\u001b[18;61H\u001b[16X\u001b[16Clocal_blks_read: 0\u001b[K\u001b[19;61H\u001b[16X\u001b[16Clocal_blks_dirtied: 0\u001b[K\u001b[20;61H\u001b[16X\u001b[16Clocal_blks_written: 0\u001b[K\u001b[21;61H\u001b[16X\u001b[16Ctemp_blks_read: 0\u001b[K\u001b[22;61H\u001b[16X\u001b[16Ctemp_blks_written: 0\u001b[K\u001b[23;61H\u001b[16X\u001b[16Cblk_read_time: 0:00:00\u001b[K\u001b[24;61H\u001b[16X\u001b[16Cblk_"]
[164.064152, "o", "write_time: 0:00:00\u001b[K\u001b[25;61H\u001b[16X\u001b[16Ctemp_blk_read_time: 0:00:00\u001b[K\u001b[26;61H\u001b[16X\u001b[16Ctemp_blk_write_time: 0:00:00\u001b[K\u001b[27;61H\u001b[8X\u001b[8Cwal_usage: \u001b[K\u001b[28;61H\u001b[16X\u001b[16Cwal_records: 0\u001b[K\u001b[29;61H\u001b[16X\u001b[16Cwal_fpi: 0\u001b[K\u001b[30;61H\u001b[16X\u001b[16Cwal_bytes: 0\u001b[K\u001b[31;61HHashJoin (cost=23.23..125.49 rows=3054 width=4) (actual time=11.541...31833.767 rows=3054 loops=1)\u001b[32;61H\u001b[8X\u001b[8CBuffers: shared_blks_hit=70\u001b[K\u001b[33;61H\u001b[8X\u001b[8C-> SeqScan (cost=0.00..86.54 rows=3054 width=4) (actual time=0.014...16.175 rows=3054 loop\u001b[34;61Hs=1)\u001b[K\u001b[35;61H\u001b[16X\u001b[16CBuffers: shared_blks_hit=56\u001b[K\u001b[36;61H\u001b[8X\u001b[8C-> SeqScan (cost=0.00..18.10 rows=410 width=4) (actual time=0.006...0.649 rows=410 loops=1\u001b[37;61H)\u001b[K\u001b[38;61H\u001b[16X\u001b[16CBuffers: shared_blks_hit=14\u001b[K\u001b[39;61H\u001b[K\u001b[?12l\u001b[?25h\u001b[11G"]
[175.322871, "o", "\u001b[48C\u001b[1K\r"]
[175.323727, "o", "ro=> \u001b[?2004h"]
[175.859348, "o", "\u001b[?25l\u001b[1;59H\u001b[1K\u001b[H \u001b[2;59H\u001b[1K\r \u001b[3;59H\u001b[1K\r \u001b[4;59H\u001b[1K\r \u001b[5;59H\u001b[1K\r \u001b[6;59H\u001b[1K\r \u001b[7;59H\u001b[1K\r \u001b[8;59H\u001b[1K\r \u001b[9;59H\u001b[1K\r \u001b[10;59H\u001b[1K\r \u001b[11;59H\u001b[1K\r \u001b[12;59H\u001b[1K\r \u001b[13;59H\u001b[1K\r \u001b[14;59H\u001b[1K\r \u001b[15;59H\u001b[1K\r \u001b[16;59H\u001b[1K\r \u001b[17;59H\u001b[1K\r \u001b[18;59H\u001b[1K\r \u001b[19;59H\u001b[1K\r \u001b[20;59H\u001b[1K\r \u001b[21;59H\u001b[1K\r \u001b[22;59H\u001b[1K\r \u001b[23;59H\u001b[1K\r \u001b[24;59H\u001b[1K\r \u001b[25;59H\u001b[1K\r \u001b[26;59H\u001b[1K\r \u001b[27;59H\u001b[1K\r \u001b[28;59H\u001b[1K\r \u001b[29;59H\u001b[1K\r \u001b[30;59H\u001b[1K\r \u001b[31;59H\u001b[1K\r \u001b[32;59H\u001b[1K\r \u001b[33;59H\u001b[1K\r \u001b[34;59H\u001b[1K\r \u001b[35;59H\u001b[1K\r \u001b[36;59H\u001b[1K\r \u001b[37;59H\u001b[1K\rro=> \u001b[38;59H\u001b[1K\r\\q\u001b[39;59H\u001b[1K\u001b[?12l\u001b[?25h\r\u001b[?2004l"]
[175.860955, "o", "                                                           \r"]
[175.862145, "o", "\u001b[?25l\u001b[1;60H\u001b[32m│\u001b[2;60H│\u001b[3;60H│\u001b[4;60H│\u001b[5;60H│\u001b[6;60H│\u001b[7;60H│\u001b[8;60H│\u001b[9;60H│\u001b[10;60H│\u001b[11;60H│\u001b[12;60H│\u001b[13;60H│\u001b[14;60H│\u001b[15;60H│\u001b[16;60H│\u001b[17;60H│\u001b[18;60H│\u001b[19;60H│\u001b[20;60H│\u001b[21;60H\u001b[39m│\u001b[22;60H│\u001b[23;60H│\u001b[24;60H│\u001b[25;60H│\u001b[26;60H│\u001b[27;60H│\u001b[28;60H│\u001b[29;60H│\u001b[30;60H│\u001b[31;60H│\u001b[32;60H│\u001b[33;60H│\u001b[34;60H│\u001b[35;60H│\u001b[36;60H│\u001b[37;60H│\u001b[38;60H│\u001b[39;60H│\u001b(B\u001b[m\u001b[30m\u001b[42m\r\n[0] 0:psql*                                                                                                           \"ro@aivenlaptop: /tmp\" 16:07 14-févr.-23\u001b(B\u001b[m\u001b[?12l\u001b[?25h\u001b[39;1H"]
[175.8866, "o", "\u001b[1;39r\u001b[39;59H\u001b[1K\r╭─\u001b[40m \u001b[93mro@aivenlaptop \u001b[30m\u001b[44m /tmp \u001b[49m\u001b[34m\u001b[1;40r\u001b[39;4H\u001b(B\u001b[m"]
[175.886719, "o", "\u001b[?25l\u001b[1;59H\u001b[1K\u001b[H \u001b[2;59H\u001b[1K\r \u001b[3;59H\u001b[1K\r \u001b[4;59H\u001b[1K\r \u001b[5;59H\u001b[1K\r \u001b[6;59H\u001b[1K\r \u001b[7;59H\u001b[1K\r \u001b[8;59H\u001b[1K\r \u001b[9;59H\u001b[1K\r \u001b[10;59H\u001b[1K\r \u001b[11;59H\u001b[1K\r \u001b[12;59H\u001b[1K\r \u001b[13;59H\u001b[1K\r \u001b[14;59H\u001b[1K\r \u001b[15;59H\u001b[1K\r \u001b[16;59H\u001b[1K\r \u001b[17;59H\u001b[1K\r \u001b[18;59H\u001b[1K\r \u001b[19;59H\u001b[1K\r \u001b[20;59H\u001b[1K\r \u001b[21;59H\u001b[1K\r \u001b[22;59H\u001b[1K\r \u001b[23;59H\u001b[1K\r \u001b[24;59H\u001b[1K\r \u001b[25;59H\u001b[1K\r \u001b[26;59H\u001b[1K\r \u001b[27;59H\u001b[1K\r \u001b[28;59H\u001b[1K\r \u001b[29;59H\u001b[1K\r \u001b[30;59H\u001b[1K\r \u001b[31;59H\u001b[1K\r \u001b[32;59H\u001b[1K\r \u001b[33;59H\u001b[1K\r \u001b[34;59H\u001b[1K\r \u001b[35;59H\u001b[1K\r \u001b[36;59H\u001b[1K\rro=> \u001b[37;59H\u001b[1K\r\\q\r\n╭─\u001b[40m \u001b[93mro@aivenlaptop \u001b[30m\u001b[44m /tmp \u001b[49m\u001b[34m\u001b[39m \u001b[9X\u001b[30m\u001b[9C\u001b[32m\u001b[40m ✔\u001b[39m \u001b[38;5;244m\u001b[30m\u001b[48;5;244m 5021 \u001b[37m\u001b[30m\u001b[47m 16:07:29 \u001b[39m\u001b[49m\u001b[1X\n\u001b[1K\r╰─ \u001b[?12l\u001b[?25h"]
[175.887013, "o", "\u001b[?2004h"]
[176.915903, "o", "\u001b[?25l\u001b[1;60H\u001b[32m│\u001b[2;60H│\u001b[3;60H│\u001b[4;60H│\u001b[5;60H│\u001b[6;60H│\u001b[7;60H│\u001b[8;60H│\u001b[9;60H│\u001b[10;60H│\u001b[11;60H│\u001b[12;60H│\u001b[13;60H│\u001b[14;60H│\u001b[15;60H│\u001b[16;60H│\u001b[17;60H│\u001b[18;60H│\u001b[19;60H│\u001b[20;60H│\u001b[21;60H\u001b[39m│\u001b[22;60H│\u001b[23;60H│\u001b[24;60H│\u001b[25;60H│\u001b[26;60H│\u001b[27;60H│\u001b[28;60H│\u001b[29;60H│\u001b[30;60H│\u001b[31;60H│\u001b[32;60H│\u001b[33;60H│\u001b[34;60H│\u001b[35;60H│\u001b[36;60H│\u001b[37;60H│\u001b[38;60H│\u001b[39;60H│\u001b(B\u001b[m\u001b[30m\u001b[42m\r\n[0] 0:zsh*                                                                                                            \"ro@aivenlaptop: /tmp\" 16:07 14-févr.-23\u001b(B\u001b[m\u001b[?12l\u001b[?25h\u001b[39;4H"]
[176.916419, "o", "\u001b[?25l\u001b[1;59H\u001b[1K\u001b[H \u001b[2;59H\u001b[1K\r \u001b[3;59H\u001b[1K\r \u001b[4;59H\u001b[1K\r \u001b[5;59H\u001b[1K\r \u001b[6;59H\u001b[1K\r \u001b[7;59H\u001b[1K\r \u001b[8;59H\u001b[1K\r \u001b[9;59H\u001b[1K\r \u001b[10;59H\u001b[1K\r \u001b[11;59H\u001b[1K\r \u001b[12;59H\u001b[1K\r \u001b[13;59H\u001b[1K\r \u001b[14;59H\u001b[1K\r \u001b[15;59H\u001b[1K\r \u001b[16;59H\u001b[1K\r \u001b[17;59H\u001b[1K\r \u001b[18;59H\u001b[1K\r \u001b[19;59H\u001b[1K\r \u001b[20;59H\u001b[1K\r \u001b[21;59H\u001b[1K\r \u001b[22;59H\u001b[1K\r \u001b[23;59H\u001b[1K\r \u001b[24;59H\u001b[1K\r \u001b[25;59H\u001b[1K\r \u001b[26;59H\u001b[1K\r \u001b[27;59H\u001b[1K\r \u001b[28;59H\u001b[1K\r \u001b[29;59H\u001b[1K\r \u001b[30;59H\u001b[1K\r \u001b[31;59H\u001b[1K\r \u001b[32;59H\u001b[1K\r \u001b[33;59H\u001b[1K\r \u001b[34;59H\u001b[1K\r \u001b[35;59H\u001b[1K\rro=> \u001b[36;59H\u001b[1K\r\\q\r\n╭─\u001b[40m \u001b[93mro@aivenlaptop \u001b[30m\u001b[44m /tmp \u001b[49m\u001b[34m\u001b[39m \u001b[9X\u001b[30m\u001b[9C\u001b[32m\u001b[40m ✔\u001b[39m \u001b[38;5;244m\u001b[30m\u001b[48;5;244m 5021 \u001b[37m\u001b[30m\u001b[47m 16:07:29 \u001b[39m\u001b[49m\u001b[1X\n\u001b[1K\r╰─ \u001b[39;59H\u001b[1K\u001b[?12l\u001b[?25h\r\u001b[?2004l"]
[176.928382, "o", "\u001b[?25l\u001b[1;16H\u001b[1K\u001b[CBuffers: shared_blks_hit=56\u001b[K\u001b[2;8H\u001b[1K\u001b[C-> SeqScan (cost=0.00..18.10 rows=410 width=4) (actual time=0.006...0.647 rows=410 loops=0)\u001b[K\u001b[3;16H\u001b[1K\u001b[CBuffers: shared_blks_hit=14\u001b[K\r\nselect pg_sleep(0.01) from pg_class join pg_attribute on pg_class.oid = pg_attribute.attrelid;\u001b[K\u001b[5;8H\u001b[1K\u001b[Csearch_path: \"$user\", public\u001b[K\u001b[6;8H\u001b[1K\u001b[Cquery_id: 0\u001b[K\u001b[7;8H\u001b[1K\u001b[Cstartup_cost: 23.225\u001b[K\u001b[8;8H\u001b[1K\u001b[Ctotal_cost: 125.494625\u001b[K\u001b[9;8H\u001b[1K\u001b[Cplan_rows: 3054.0\u001b[K\u001b[10;8H\u001b[1K\u001b[Cruntime: 0:00:31.833767\u001b[K\u001b[11;8H\u001b[1K\u001b[Cwritten_bytes_to_disk: 0\u001b[K\u001b[12;8H\u001b[1K\u001b[Cshared_buffers_hitratio: 100.00\u001b[K\u001b[13;8H\u001b[1K\u001b[Csyscache_hitratio: None\u001b[K\u001b[14;8H\u001b[1K\u001b[Cbuffer_usage: \u001b[K\u001b[15;16H\u001b[1K\u001b[Cshared_blks_hit: 70\u001b[K\u001b[16;16H\u001b[1K\u001b[Cshared_blks_read: 0\u001b[K\u001b[17;16H\u001b[1K\u001b[Cshared_blks_dirtied: 0\u001b[K\u001b[18;16H\u001b[1K\u001b[Cshared_blks_written: 0\u001b[K\u001b[19;16H\u001b[1K\u001b[Clocal_blks_hit: 0\u001b[K\u001b[20;16H\u001b[1K\u001b[Clocal_blks_read: 0\u001b[K\u001b[21;16H\u001b[1K\u001b[Clocal_blks_dirtied: 0\u001b[K\u001b[22;16H\u001b[1K\u001b[Clocal_blks_written: 0\u001b[K\u001b[23;16H\u001b[1K\u001b[Ctemp_blks_read: 0\u001b[K\u001b[24;16H"]
[176.928402, "o", "\u001b[1K\u001b[Ctemp_blks_written: 0\u001b[K\u001b[25;16H\u001b[1K\u001b[Cblk_read_time: 0:00:00\u001b[K\u001b[26;16H\u001b[1K\u001b[Cblk_write_time: 0:00:00\u001b[K\u001b[27;16H\u001b[1K\u001b[Ctemp_blk_read_time: 0:00:00\u001b[K\u001b[28;16H\u001b[1K\u001b[Ctemp_blk_write_time: 0:00:00\u001b[K\u001b[29;8H\u001b[1K\u001b[Cwal_usage: \u001b[K\u001b[30;16H\u001b[1K\u001b[Cwal_records: 0\u001b[K\u001b[31;16H\u001b[1K\u001b[Cwal_fpi: 0\u001b[K\u001b[32;16H\u001b[1K\u001b[Cwal_bytes: 0\u001b[K\r\nHashJoin (cost=23.23..125.49 rows=3054 width=4) (actual time=11.541...31833.767 rows=3054 loops=1)\u001b[K\u001b[34;8H\u001b[1K\u001b[CBuffers: shared_blks_hit=70\u001b[K\u001b[35;8H\u001b[1K\u001b[C-> SeqScan (cost=0.00..86.54 rows=3054 width=4) (actual time=0.014...16.175 rows=3054 loops=1)\u001b[K\u001b[36;16H\u001b[1K\u001b[CBuffers: shared_blks_hit=56\u001b[K\u001b[37;8H\u001b[1K\u001b[C-> SeqScan (cost=0.00..18.10 rows=410 width=4) (actual time=0.006...0.649 rows=410 loops=1)\u001b[K\u001b[38;16H\u001b[1K\u001b[CBuffers: shared_blks_hit=14\u001b[K\r\n\u001b[K\u001b[30m\u001b[42m\r\n[0] 0:zsh*                                                                                                            \"sudo pgtrace_queries \" 16:07 14-févr.-2\u001b(B\u001b[m\u001b[?12l\u001b[?25h\u001b[39;1H"]
[177.55538, "o", "\u001b[?25l\u001b[30m\u001b[42m\r\n[0] 0:sudo*                                                                                                           \"sudo pgtrace_queries \" 16:07 14-févr.-2\u001b(B\u001b[m\u001b[?12l\u001b[?25h\u001b[39;1H"]
[177.55544, "o", "^C"]
[184.276154, "o", "\u001b[1;39r\u001b[39;1H\n\u001b[38;3H\u001b[1m\u001b[7m%\u001b(B\u001b[m                                                                                                                                                           \u001b[39;1H  \u001b[K\u001b[1;40r\u001b[39;1H"]
[184.276364, "o", "\u001b[?25l\u001b[30m\u001b[42m\r\n[0] 0:zsh*                                                                                                            \"ro@aivenlaptop: /tmp\" 16:07 14-févr.-23\u001b(B\u001b[m\u001b[?12l\u001b[?25h\u001b[39;1H"]
[184.301794, "o", "\u001b[1;39r\u001b[39;1H\u001b[K╭─\u001b[40m \u001b[93mro@aivenlaptop \u001b[30m\u001b[44m /tmp \u001b[49m\u001b[34m\u001b[39m\r\n\u001b[38;27H \r\n\u001b[K╰─ \u001b[K\u001b[38;136H\u001b[30m\u001b[32m\u001b[40m ✔\u001b[39m \u001b[38;5;244m\u001b[30m\u001b[48;5;244m 5023 \u001b[37m\u001b[30m\u001b[47m 16:07:38 \u001b[1;40r\u001b[39;4H\u001b(B\u001b[m"]
[184.302148, "o", "\u001b[?2004h"]
[184.835253, "o", "\u001b[1;39r\u001b[39;1H\n\u001b[K\u001b[1;40r\u001b[39;1H\u001b[?2004l"]
[184.846918, "o", "\u001b[1;40r\u001b(B\u001b[m\u001b[?1l\u001b>\u001b[H\u001b[2J\u001b[?12l\u001b[?25h\u001b[?1000l\u001b[?1002l\u001b[?1003l\u001b[?1006l\u001b[?1005l\u001b[?7727l\u001b[?1004l\u001b[?1049l\u001b[23;0;0t"]
[184.847041, "o", "[exited]\r\n"]
[184.847515, "o", "\u001b[1m\u001b[7m%\u001b[27m\u001b[1m\u001b[0m                                                                                                                                                             \r \r"]
[184.847719, "o", "\u001b]2;ro@aivenlaptop: /tmp\u0007\u001b]1;/tmp\u0007"]
[184.873707, "o", "\r\u001b[0m\u001b[27m\u001b[24m\u001b[J╭─\u001b[39m\u001b[0m\u001b[49m\u001b[40m \u001b[93mro@aivenlaptop \u001b[44m\u001b[30m \u001b[30m/tmp \u001b[49m\u001b[34m\u001b[39m \r\n╰─ \u001b[K\u001b[132C\u001b[1A\u001b[39m\u001b[0m\u001b[49m\u001b[30m\u001b[39m\u001b[40m\u001b[32m \u001b[32m✔\u001b[39m \u001b[39m\u001b[38;5;244m\u001b[39m\u001b[48;5;244m\u001b[30m 5020 \u001b[39m\u001b[37m\u001b[39m\u001b[47m\u001b[30m 16:07:38 \u001b[39m\u001b[00m\u001b[1B\u001b[49m\u001b[154D"]
[184.873835, "o", "\u001b[?1h\u001b="]
[184.874106, "o", "\u001b[?2004h"]
[185.554902, "o", "\u001b[?2004l\r\r\n"]
